<?xml version="1.0" encoding="UTF-8"?>
<robot generator="Robot 6.1.1 (Python 3.12.0 on darwin)" generated="20231222 17:50:27.657" rpa="false" schemaversion="4">
<suite id="s1" name="Hw3-V2" source="/Users/kimutar/Documents/Automated/hw3-v2.robot">
<kw name="Set Selenium Speed" library="SeleniumLibrary" type="SETUP">
<arg>0.1s</arg>
<doc>Sets the delay that is waited after each Selenium command.</doc>
<status status="PASS" starttime="20231222 17:50:27.718" endtime="20231222 17:50:27.718"/>
</kw>
<test id="s1-t1" name="TC001 - Login Page" line="12">
<kw name="Login Page" library="HW3-KeywordV2">
<kw name="Open Web Browser" library="HW3-KeywordV2">
<kw name="Open Browser" library="SeleniumLibrary">
<arg>${url}</arg>
<arg>${browser}</arg>
<doc>Opens a new browser instance to the optional ``url``.</doc>
<msg timestamp="20231222 17:50:27.719" level="INFO">Opening browser 'chrome' to base url 'https://automate-test.stpb-digital.com/login/'.</msg>
<status status="PASS" starttime="20231222 17:50:27.719" endtime="20231222 17:50:31.283"/>
</kw>
<kw name="Maximize Browser Window" library="SeleniumLibrary">
<doc>Maximizes current browser window.</doc>
<status status="PASS" starttime="20231222 17:50:31.283" endtime="20231222 17:50:31.494"/>
</kw>
<kw name="Wait Until Element Is Visible" library="SeleniumLibrary">
<arg>${locator_user}</arg>
<doc>Waits until the element ``locator`` is visible.</doc>
<status status="PASS" starttime="20231222 17:50:31.495" endtime="20231222 17:50:31.733"/>
</kw>
<status status="PASS" starttime="20231222 17:50:27.719" endtime="20231222 17:50:31.734"/>
</kw>
<kw name="Input Text" library="SeleniumLibrary">
<arg>${locator_user}</arg>
<arg>user.test@krupbeam.com</arg>
<doc>Types the given ``text`` into the text field identified by ``locator``.</doc>
<msg timestamp="20231222 17:50:31.736" level="INFO">Typing text 'user.test@krupbeam.com' into text field 'id=email'.</msg>
<status status="PASS" starttime="20231222 17:50:31.734" endtime="20231222 17:50:32.193"/>
</kw>
<kw name="Input Text" library="SeleniumLibrary">
<arg>${locator_password}</arg>
<arg>123456789</arg>
<doc>Types the given ``text`` into the text field identified by ``locator``.</doc>
<msg timestamp="20231222 17:50:32.193" level="INFO">Typing text '123456789' into text field 'name=password'.</msg>
<status status="PASS" starttime="20231222 17:50:32.193" endtime="20231222 17:50:32.602"/>
</kw>
<kw name="Click Element" library="SeleniumLibrary">
<arg>${locator_btn-login}</arg>
<doc>Click the element identified by ``locator``.</doc>
<msg timestamp="20231222 17:50:32.603" level="INFO">Clicking element 'id=btn-login'.</msg>
<status status="PASS" starttime="20231222 17:50:32.602" endtime="20231222 17:50:32.887"/>
</kw>
<kw name="Wait Until Page Contains" library="SeleniumLibrary">
<arg>Search Filters</arg>
<doc>Waits until ``text`` appears on the current page.</doc>
<status status="PASS" starttime="20231222 17:50:32.887" endtime="20231222 17:50:33.950"/>
</kw>
<status status="PASS" starttime="20231222 17:50:27.719" endtime="20231222 17:50:33.950"/>
</kw>
<kw name="Close Browser" library="SeleniumLibrary">
<doc>Closes the current browser.</doc>
<status status="PASS" starttime="20231222 17:50:33.950" endtime="20231222 17:50:34.120"/>
</kw>
<doc>การ login เข้าสู่ระบบ</doc>
<tag>Login</tag>
<status status="PASS" starttime="20231222 17:50:27.719" endtime="20231222 17:50:34.120"/>
</test>
<test id="s1-t2" name="TC002 - Verify Search" line="20">
<kw name="Login Page" library="HW3-KeywordV2" type="SETUP">
<kw name="Open Web Browser" library="HW3-KeywordV2">
<kw name="Open Browser" library="SeleniumLibrary">
<arg>${url}</arg>
<arg>${browser}</arg>
<doc>Opens a new browser instance to the optional ``url``.</doc>
<msg timestamp="20231222 17:50:34.121" level="INFO">Opening browser 'chrome' to base url 'https://automate-test.stpb-digital.com/login/'.</msg>
<status status="PASS" starttime="20231222 17:50:34.121" endtime="20231222 17:50:37.638"/>
</kw>
<kw name="Maximize Browser Window" library="SeleniumLibrary">
<doc>Maximizes current browser window.</doc>
<status status="PASS" starttime="20231222 17:50:37.638" endtime="20231222 17:50:37.852"/>
</kw>
<kw name="Wait Until Element Is Visible" library="SeleniumLibrary">
<arg>${locator_user}</arg>
<doc>Waits until the element ``locator`` is visible.</doc>
<status status="PASS" starttime="20231222 17:50:37.852" endtime="20231222 17:50:38.087"/>
</kw>
<status status="PASS" starttime="20231222 17:50:34.121" endtime="20231222 17:50:38.087"/>
</kw>
<kw name="Input Text" library="SeleniumLibrary">
<arg>${locator_user}</arg>
<arg>user.test@krupbeam.com</arg>
<doc>Types the given ``text`` into the text field identified by ``locator``.</doc>
<msg timestamp="20231222 17:50:38.089" level="INFO">Typing text 'user.test@krupbeam.com' into text field 'id=email'.</msg>
<status status="PASS" starttime="20231222 17:50:38.088" endtime="20231222 17:50:38.581"/>
</kw>
<kw name="Input Text" library="SeleniumLibrary">
<arg>${locator_password}</arg>
<arg>123456789</arg>
<doc>Types the given ``text`` into the text field identified by ``locator``.</doc>
<msg timestamp="20231222 17:50:38.582" level="INFO">Typing text '123456789' into text field 'name=password'.</msg>
<status status="PASS" starttime="20231222 17:50:38.582" endtime="20231222 17:50:38.987"/>
</kw>
<kw name="Click Element" library="SeleniumLibrary">
<arg>${locator_btn-login}</arg>
<doc>Click the element identified by ``locator``.</doc>
<msg timestamp="20231222 17:50:38.988" level="INFO">Clicking element 'id=btn-login'.</msg>
<status status="PASS" starttime="20231222 17:50:38.988" endtime="20231222 17:50:39.273"/>
</kw>
<kw name="Wait Until Page Contains" library="SeleniumLibrary">
<arg>Search Filters</arg>
<doc>Waits until ``text`` appears on the current page.</doc>
<status status="PASS" starttime="20231222 17:50:39.273" endtime="20231222 17:50:40.370"/>
</kw>
<status status="PASS" starttime="20231222 17:50:34.121" endtime="20231222 17:50:40.370"/>
</kw>
<kw name="Verify Search Filters" library="HW3-KeywordV2">
<arg>${locator_select-role-admin}</arg>
<arg>0</arg>
<arg>0</arg>
<if>
<branch type="IF" condition="'${role}' != '0'">
<kw name="Click Element" library="SeleniumLibrary">
<arg>${locator_select-role}</arg>
<doc>Click the element identified by ``locator``.</doc>
<msg timestamp="20231222 17:50:40.374" level="INFO">Clicking element 'id=select-role'.</msg>
<status status="PASS" starttime="20231222 17:50:40.373" endtime="20231222 17:50:40.650"/>
</kw>
<kw name="Wait Until Element Is Visible" library="SeleniumLibrary">
<arg>${locator_select-role_list}</arg>
<doc>Waits until the element ``locator`` is visible.</doc>
<status status="PASS" starttime="20231222 17:50:40.650" endtime="20231222 17:50:40.893"/>
</kw>
<kw name="Click Element" library="SeleniumLibrary">
<arg>${role}</arg>
<doc>Click the element identified by ``locator``.</doc>
<msg timestamp="20231222 17:50:40.895" level="INFO">Clicking element 'id=option-select-role-1'.</msg>
<status status="PASS" starttime="20231222 17:50:40.893" endtime="20231222 17:50:41.180"/>
</kw>
<status status="PASS" starttime="20231222 17:50:40.372" endtime="20231222 17:50:41.180"/>
</branch>
<status status="PASS" starttime="20231222 17:50:40.372" endtime="20231222 17:50:41.180"/>
</if>
<if>
<branch type="IF" condition="&quot;${plan}&quot; != &quot;0&quot;">
<kw name="Click Element" library="SeleniumLibrary">
<arg>${locator_select-plan}</arg>
<doc>Click the element identified by ``locator``.</doc>
<status status="NOT RUN" starttime="20231222 17:50:41.180" endtime="20231222 17:50:41.180"/>
</kw>
<kw name="Wait Until Element Is Visible" library="SeleniumLibrary">
<arg>${locator_select-plan_list}</arg>
<doc>Waits until the element ``locator`` is visible.</doc>
<status status="NOT RUN" starttime="20231222 17:50:41.180" endtime="20231222 17:50:41.180"/>
</kw>
<kw name="Click Element" library="SeleniumLibrary">
<arg>${plan}</arg>
<doc>Click the element identified by ``locator``.</doc>
<status status="NOT RUN" starttime="20231222 17:50:41.180" endtime="20231222 17:50:41.180"/>
</kw>
<status status="NOT RUN" starttime="20231222 17:50:41.180" endtime="20231222 17:50:41.180"/>
</branch>
<status status="PASS" starttime="20231222 17:50:41.180" endtime="20231222 17:50:41.180"/>
</if>
<if>
<branch type="IF" condition="&quot;${status}&quot; != &quot;0&quot;">
<kw name="Click Element" library="SeleniumLibrary">
<arg>${locator_select-status}</arg>
<doc>Click the element identified by ``locator``.</doc>
<status status="NOT RUN" starttime="20231222 17:50:41.181" endtime="20231222 17:50:41.181"/>
</kw>
<kw name="Wait Until Element Is Visible" library="SeleniumLibrary">
<arg>${locator_select-status_list}</arg>
<doc>Waits until the element ``locator`` is visible.</doc>
<status status="NOT RUN" starttime="20231222 17:50:41.181" endtime="20231222 17:50:41.181"/>
</kw>
<kw name="Click Element" library="SeleniumLibrary">
<arg>${status}</arg>
<doc>Click the element identified by ``locator``.</doc>
<status status="NOT RUN" starttime="20231222 17:50:41.181" endtime="20231222 17:50:41.181"/>
</kw>
<status status="NOT RUN" starttime="20231222 17:50:41.181" endtime="20231222 17:50:41.181"/>
</branch>
<status status="PASS" starttime="20231222 17:50:41.181" endtime="20231222 17:50:41.181"/>
</if>
<kw name="Click Element" library="SeleniumLibrary">
<arg>${locator_btn-search}</arg>
<doc>Click the element identified by ``locator``.</doc>
<msg timestamp="20231222 17:50:41.181" level="INFO">Clicking element 'id=btn-search'.</msg>
<status status="PASS" starttime="20231222 17:50:41.181" endtime="20231222 17:50:41.538"/>
</kw>
<kw name="Wait Until Element Is Visible" library="SeleniumLibrary">
<arg>${locator_showdata}</arg>
<doc>Waits until the element ``locator`` is visible.</doc>
<status status="PASS" starttime="20231222 17:50:41.538" endtime="20231222 17:50:41.763"/>
</kw>
<kw name="Click Button" library="SeleniumLibrary">
<arg>${locator_btn-clear}</arg>
<doc>Clicks the button identified by ``locator``.</doc>
<msg timestamp="20231222 17:50:41.763" level="INFO">Clicking button 'id=btn-clear'.</msg>
<status status="PASS" starttime="20231222 17:50:41.763" endtime="20231222 17:50:42.395"/>
</kw>
<status status="PASS" starttime="20231222 17:50:40.371" endtime="20231222 17:50:42.395"/>
</kw>
<kw name="Verify Search Filters" library="HW3-KeywordV2">
<arg>${locator_select-role-author}</arg>
<arg>${locator_select-plan-basic}</arg>
<arg>0</arg>
<if>
<branch type="IF" condition="'${role}' != '0'">
<kw name="Click Element" library="SeleniumLibrary">
<arg>${locator_select-role}</arg>
<doc>Click the element identified by ``locator``.</doc>
<msg timestamp="20231222 17:50:42.396" level="INFO">Clicking element 'id=select-role'.</msg>
<status status="PASS" starttime="20231222 17:50:42.395" endtime="20231222 17:50:42.637"/>
</kw>
<kw name="Wait Until Element Is Visible" library="SeleniumLibrary">
<arg>${locator_select-role_list}</arg>
<doc>Waits until the element ``locator`` is visible.</doc>
<status status="PASS" starttime="20231222 17:50:42.637" endtime="20231222 17:50:42.861"/>
</kw>
<kw name="Click Element" library="SeleniumLibrary">
<arg>${role}</arg>
<doc>Click the element identified by ``locator``.</doc>
<msg timestamp="20231222 17:50:42.863" level="INFO">Clicking element 'id=option-select-role-2'.</msg>
<status status="PASS" starttime="20231222 17:50:42.862" endtime="20231222 17:50:43.140"/>
</kw>
<status status="PASS" starttime="20231222 17:50:42.395" endtime="20231222 17:50:43.140"/>
</branch>
<status status="PASS" starttime="20231222 17:50:42.395" endtime="20231222 17:50:43.140"/>
</if>
<if>
<branch type="IF" condition="&quot;${plan}&quot; != &quot;0&quot;">
<kw name="Click Element" library="SeleniumLibrary">
<arg>${locator_select-plan}</arg>
<doc>Click the element identified by ``locator``.</doc>
<msg timestamp="20231222 17:50:43.141" level="INFO">Clicking element 'id=select-plan'.</msg>
<status status="PASS" starttime="20231222 17:50:43.141" endtime="20231222 17:50:43.461"/>
</kw>
<kw name="Wait Until Element Is Visible" library="SeleniumLibrary">
<arg>${locator_select-plan_list}</arg>
<doc>Waits until the element ``locator`` is visible.</doc>
<status status="PASS" starttime="20231222 17:50:43.461" endtime="20231222 17:50:43.686"/>
</kw>
<kw name="Click Element" library="SeleniumLibrary">
<arg>${plan}</arg>
<doc>Click the element identified by ``locator``.</doc>
<msg timestamp="20231222 17:50:43.688" level="INFO">Clicking element 'id=option-select-plan-1'.</msg>
<status status="PASS" starttime="20231222 17:50:43.687" endtime="20231222 17:50:43.966"/>
</kw>
<status status="PASS" starttime="20231222 17:50:43.140" endtime="20231222 17:50:43.966"/>
</branch>
<status status="PASS" starttime="20231222 17:50:43.140" endtime="20231222 17:50:43.966"/>
</if>
<if>
<branch type="IF" condition="&quot;${status}&quot; != &quot;0&quot;">
<kw name="Click Element" library="SeleniumLibrary">
<arg>${locator_select-status}</arg>
<doc>Click the element identified by ``locator``.</doc>
<status status="NOT RUN" starttime="20231222 17:50:43.967" endtime="20231222 17:50:43.967"/>
</kw>
<kw name="Wait Until Element Is Visible" library="SeleniumLibrary">
<arg>${locator_select-status_list}</arg>
<doc>Waits until the element ``locator`` is visible.</doc>
<status status="NOT RUN" starttime="20231222 17:50:43.967" endtime="20231222 17:50:43.967"/>
</kw>
<kw name="Click Element" library="SeleniumLibrary">
<arg>${status}</arg>
<doc>Click the element identified by ``locator``.</doc>
<status status="NOT RUN" starttime="20231222 17:50:43.967" endtime="20231222 17:50:43.967"/>
</kw>
<status status="NOT RUN" starttime="20231222 17:50:43.966" endtime="20231222 17:50:43.967"/>
</branch>
<status status="PASS" starttime="20231222 17:50:43.966" endtime="20231222 17:50:43.967"/>
</if>
<kw name="Click Element" library="SeleniumLibrary">
<arg>${locator_btn-search}</arg>
<doc>Click the element identified by ``locator``.</doc>
<msg timestamp="20231222 17:50:43.967" level="INFO">Clicking element 'id=btn-search'.</msg>
<status status="PASS" starttime="20231222 17:50:43.967" endtime="20231222 17:50:44.305"/>
</kw>
<kw name="Wait Until Element Is Visible" library="SeleniumLibrary">
<arg>${locator_showdata}</arg>
<doc>Waits until the element ``locator`` is visible.</doc>
<status status="PASS" starttime="20231222 17:50:44.305" endtime="20231222 17:50:44.532"/>
</kw>
<kw name="Click Button" library="SeleniumLibrary">
<arg>${locator_btn-clear}</arg>
<doc>Clicks the button identified by ``locator``.</doc>
<msg timestamp="20231222 17:50:44.534" level="INFO">Clicking button 'id=btn-clear'.</msg>
<status status="PASS" starttime="20231222 17:50:44.533" endtime="20231222 17:50:45.157"/>
</kw>
<status status="PASS" starttime="20231222 17:50:42.395" endtime="20231222 17:50:45.157"/>
</kw>
<kw name="Verify Search Filters" library="HW3-KeywordV2">
<arg>${locator_select-role-maintainer}</arg>
<arg>0</arg>
<arg>${locator_select-status-inactive}</arg>
<if>
<branch type="IF" condition="'${role}' != '0'">
<kw name="Click Element" library="SeleniumLibrary">
<arg>${locator_select-role}</arg>
<doc>Click the element identified by ``locator``.</doc>
<msg timestamp="20231222 17:50:45.158" level="INFO">Clicking element 'id=select-role'.</msg>
<status status="PASS" starttime="20231222 17:50:45.158" endtime="20231222 17:50:45.403"/>
</kw>
<kw name="Wait Until Element Is Visible" library="SeleniumLibrary">
<arg>${locator_select-role_list}</arg>
<doc>Waits until the element ``locator`` is visible.</doc>
<status status="PASS" starttime="20231222 17:50:45.403" endtime="20231222 17:50:45.630"/>
</kw>
<kw name="Click Element" library="SeleniumLibrary">
<arg>${role}</arg>
<doc>Click the element identified by ``locator``.</doc>
<msg timestamp="20231222 17:50:45.632" level="INFO">Clicking element 'id=option-select-role-4'.</msg>
<status status="PASS" starttime="20231222 17:50:45.631" endtime="20231222 17:50:45.907"/>
</kw>
<status status="PASS" starttime="20231222 17:50:45.158" endtime="20231222 17:50:45.907"/>
</branch>
<status status="PASS" starttime="20231222 17:50:45.158" endtime="20231222 17:50:45.907"/>
</if>
<if>
<branch type="IF" condition="&quot;${plan}&quot; != &quot;0&quot;">
<kw name="Click Element" library="SeleniumLibrary">
<arg>${locator_select-plan}</arg>
<doc>Click the element identified by ``locator``.</doc>
<status status="NOT RUN" starttime="20231222 17:50:45.908" endtime="20231222 17:50:45.908"/>
</kw>
<kw name="Wait Until Element Is Visible" library="SeleniumLibrary">
<arg>${locator_select-plan_list}</arg>
<doc>Waits until the element ``locator`` is visible.</doc>
<status status="NOT RUN" starttime="20231222 17:50:45.908" endtime="20231222 17:50:45.908"/>
</kw>
<kw name="Click Element" library="SeleniumLibrary">
<arg>${plan}</arg>
<doc>Click the element identified by ``locator``.</doc>
<status status="NOT RUN" starttime="20231222 17:50:45.908" endtime="20231222 17:50:45.908"/>
</kw>
<status status="NOT RUN" starttime="20231222 17:50:45.907" endtime="20231222 17:50:45.908"/>
</branch>
<status status="PASS" starttime="20231222 17:50:45.907" endtime="20231222 17:50:45.908"/>
</if>
<if>
<branch type="IF" condition="&quot;${status}&quot; != &quot;0&quot;">
<kw name="Click Element" library="SeleniumLibrary">
<arg>${locator_select-status}</arg>
<doc>Click the element identified by ``locator``.</doc>
<msg timestamp="20231222 17:50:45.909" level="INFO">Clicking element 'id=select-status'.</msg>
<status status="PASS" starttime="20231222 17:50:45.908" endtime="20231222 17:50:46.228"/>
</kw>
<kw name="Wait Until Element Is Visible" library="SeleniumLibrary">
<arg>${locator_select-status_list}</arg>
<doc>Waits until the element ``locator`` is visible.</doc>
<status status="PASS" starttime="20231222 17:50:46.228" endtime="20231222 17:50:46.461"/>
</kw>
<kw name="Click Element" library="SeleniumLibrary">
<arg>${status}</arg>
<doc>Click the element identified by ``locator``.</doc>
<msg timestamp="20231222 17:50:46.463" level="INFO">Clicking element 'id=option-select-status-3'.</msg>
<status status="PASS" starttime="20231222 17:50:46.462" endtime="20231222 17:50:46.738"/>
</kw>
<status status="PASS" starttime="20231222 17:50:45.908" endtime="20231222 17:50:46.738"/>
</branch>
<status status="PASS" starttime="20231222 17:50:45.908" endtime="20231222 17:50:46.738"/>
</if>
<kw name="Click Element" library="SeleniumLibrary">
<arg>${locator_btn-search}</arg>
<doc>Click the element identified by ``locator``.</doc>
<msg timestamp="20231222 17:50:46.739" level="INFO">Clicking element 'id=btn-search'.</msg>
<status status="PASS" starttime="20231222 17:50:46.738" endtime="20231222 17:50:47.053"/>
</kw>
<kw name="Wait Until Element Is Visible" library="SeleniumLibrary">
<arg>${locator_showdata}</arg>
<doc>Waits until the element ``locator`` is visible.</doc>
<status status="PASS" starttime="20231222 17:50:47.053" endtime="20231222 17:50:47.280"/>
</kw>
<kw name="Click Button" library="SeleniumLibrary">
<arg>${locator_btn-clear}</arg>
<doc>Clicks the button identified by ``locator``.</doc>
<msg timestamp="20231222 17:50:47.281" level="INFO">Clicking button 'id=btn-clear'.</msg>
<status status="PASS" starttime="20231222 17:50:47.280" endtime="20231222 17:50:47.902"/>
</kw>
<status status="PASS" starttime="20231222 17:50:45.158" endtime="20231222 17:50:47.902"/>
</kw>
<kw name="Verify Search Filters" library="HW3-KeywordV2">
<arg>${locator_select-role-editor}</arg>
<arg>${locator_select-plan-team}</arg>
<arg>${locator_select-status-active}</arg>
<if>
<branch type="IF" condition="'${role}' != '0'">
<kw name="Click Element" library="SeleniumLibrary">
<arg>${locator_select-role}</arg>
<doc>Click the element identified by ``locator``.</doc>
<msg timestamp="20231222 17:50:47.903" level="INFO">Clicking element 'id=select-role'.</msg>
<status status="PASS" starttime="20231222 17:50:47.903" endtime="20231222 17:50:48.148"/>
</kw>
<kw name="Wait Until Element Is Visible" library="SeleniumLibrary">
<arg>${locator_select-role_list}</arg>
<doc>Waits until the element ``locator`` is visible.</doc>
<status status="PASS" starttime="20231222 17:50:48.148" endtime="20231222 17:50:48.378"/>
</kw>
<kw name="Click Element" library="SeleniumLibrary">
<arg>${role}</arg>
<doc>Click the element identified by ``locator``.</doc>
<msg timestamp="20231222 17:50:48.380" level="INFO">Clicking element 'id=option-select-role-3'.</msg>
<status status="PASS" starttime="20231222 17:50:48.378" endtime="20231222 17:50:48.657"/>
</kw>
<status status="PASS" starttime="20231222 17:50:47.903" endtime="20231222 17:50:48.657"/>
</branch>
<status status="PASS" starttime="20231222 17:50:47.903" endtime="20231222 17:50:48.657"/>
</if>
<if>
<branch type="IF" condition="&quot;${plan}&quot; != &quot;0&quot;">
<kw name="Click Element" library="SeleniumLibrary">
<arg>${locator_select-plan}</arg>
<doc>Click the element identified by ``locator``.</doc>
<msg timestamp="20231222 17:50:48.658" level="INFO">Clicking element 'id=select-plan'.</msg>
<status status="PASS" starttime="20231222 17:50:48.657" endtime="20231222 17:50:48.981"/>
</kw>
<kw name="Wait Until Element Is Visible" library="SeleniumLibrary">
<arg>${locator_select-plan_list}</arg>
<doc>Waits until the element ``locator`` is visible.</doc>
<status status="PASS" starttime="20231222 17:50:48.981" endtime="20231222 17:50:49.212"/>
</kw>
<kw name="Click Element" library="SeleniumLibrary">
<arg>${plan}</arg>
<doc>Click the element identified by ``locator``.</doc>
<msg timestamp="20231222 17:50:49.214" level="INFO">Clicking element 'id=option-select-plan-4'.</msg>
<status status="PASS" starttime="20231222 17:50:49.212" endtime="20231222 17:50:49.489"/>
</kw>
<status status="PASS" starttime="20231222 17:50:48.657" endtime="20231222 17:50:49.489"/>
</branch>
<status status="PASS" starttime="20231222 17:50:48.657" endtime="20231222 17:50:49.489"/>
</if>
<if>
<branch type="IF" condition="&quot;${status}&quot; != &quot;0&quot;">
<kw name="Click Element" library="SeleniumLibrary">
<arg>${locator_select-status}</arg>
<doc>Click the element identified by ``locator``.</doc>
<msg timestamp="20231222 17:50:49.490" level="INFO">Clicking element 'id=select-status'.</msg>
<status status="PASS" starttime="20231222 17:50:49.489" endtime="20231222 17:50:49.811"/>
</kw>
<kw name="Wait Until Element Is Visible" library="SeleniumLibrary">
<arg>${locator_select-status_list}</arg>
<doc>Waits until the element ``locator`` is visible.</doc>
<status status="PASS" starttime="20231222 17:50:49.811" endtime="20231222 17:50:50.042"/>
</kw>
<kw name="Click Element" library="SeleniumLibrary">
<arg>${status}</arg>
<doc>Click the element identified by ``locator``.</doc>
<msg timestamp="20231222 17:50:50.044" level="INFO">Clicking element 'id=option-select-status-2'.</msg>
<status status="PASS" starttime="20231222 17:50:50.043" endtime="20231222 17:50:50.318"/>
</kw>
<status status="PASS" starttime="20231222 17:50:49.489" endtime="20231222 17:50:50.318"/>
</branch>
<status status="PASS" starttime="20231222 17:50:49.489" endtime="20231222 17:50:50.318"/>
</if>
<kw name="Click Element" library="SeleniumLibrary">
<arg>${locator_btn-search}</arg>
<doc>Click the element identified by ``locator``.</doc>
<msg timestamp="20231222 17:50:50.319" level="INFO">Clicking element 'id=btn-search'.</msg>
<status status="PASS" starttime="20231222 17:50:50.318" endtime="20231222 17:50:50.622"/>
</kw>
<kw name="Wait Until Element Is Visible" library="SeleniumLibrary">
<arg>${locator_showdata}</arg>
<doc>Waits until the element ``locator`` is visible.</doc>
<status status="PASS" starttime="20231222 17:50:50.622" endtime="20231222 17:50:50.847"/>
</kw>
<kw name="Click Button" library="SeleniumLibrary">
<arg>${locator_btn-clear}</arg>
<doc>Clicks the button identified by ``locator``.</doc>
<msg timestamp="20231222 17:50:50.848" level="INFO">Clicking button 'id=btn-clear'.</msg>
<status status="PASS" starttime="20231222 17:50:50.847" endtime="20231222 17:50:51.463"/>
</kw>
<status status="PASS" starttime="20231222 17:50:47.902" endtime="20231222 17:50:51.463"/>
</kw>
<kw name="Verify Search Filters" library="HW3-KeywordV2">
<arg>0</arg>
<arg>${locator_select-plan-company}</arg>
<arg>0</arg>
<if>
<branch type="IF" condition="'${role}' != '0'">
<kw name="Click Element" library="SeleniumLibrary">
<arg>${locator_select-role}</arg>
<doc>Click the element identified by ``locator``.</doc>
<status status="NOT RUN" starttime="20231222 17:50:51.464" endtime="20231222 17:50:51.464"/>
</kw>
<kw name="Wait Until Element Is Visible" library="SeleniumLibrary">
<arg>${locator_select-role_list}</arg>
<doc>Waits until the element ``locator`` is visible.</doc>
<status status="NOT RUN" starttime="20231222 17:50:51.464" endtime="20231222 17:50:51.464"/>
</kw>
<kw name="Click Element" library="SeleniumLibrary">
<arg>${role}</arg>
<doc>Click the element identified by ``locator``.</doc>
<status status="NOT RUN" starttime="20231222 17:50:51.464" endtime="20231222 17:50:51.464"/>
</kw>
<status status="NOT RUN" starttime="20231222 17:50:51.464" endtime="20231222 17:50:51.464"/>
</branch>
<status status="PASS" starttime="20231222 17:50:51.464" endtime="20231222 17:50:51.464"/>
</if>
<if>
<branch type="IF" condition="&quot;${plan}&quot; != &quot;0&quot;">
<kw name="Click Element" library="SeleniumLibrary">
<arg>${locator_select-plan}</arg>
<doc>Click the element identified by ``locator``.</doc>
<msg timestamp="20231222 17:50:51.465" level="INFO">Clicking element 'id=select-plan'.</msg>
<status status="PASS" starttime="20231222 17:50:51.464" endtime="20231222 17:50:51.716"/>
</kw>
<kw name="Wait Until Element Is Visible" library="SeleniumLibrary">
<arg>${locator_select-plan_list}</arg>
<doc>Waits until the element ``locator`` is visible.</doc>
<status status="PASS" starttime="20231222 17:50:51.716" endtime="20231222 17:50:51.937"/>
</kw>
<kw name="Click Element" library="SeleniumLibrary">
<arg>${plan}</arg>
<doc>Click the element identified by ``locator``.</doc>
<msg timestamp="20231222 17:50:51.937" level="INFO">Clicking element 'id=option-select-plan-2'.</msg>
<status status="PASS" starttime="20231222 17:50:51.937" endtime="20231222 17:50:52.207"/>
</kw>
<status status="PASS" starttime="20231222 17:50:51.464" endtime="20231222 17:50:52.207"/>
</branch>
<status status="PASS" starttime="20231222 17:50:51.464" endtime="20231222 17:50:52.207"/>
</if>
<if>
<branch type="IF" condition="&quot;${status}&quot; != &quot;0&quot;">
<kw name="Click Element" library="SeleniumLibrary">
<arg>${locator_select-status}</arg>
<doc>Click the element identified by ``locator``.</doc>
<status status="NOT RUN" starttime="20231222 17:50:52.207" endtime="20231222 17:50:52.208"/>
</kw>
<kw name="Wait Until Element Is Visible" library="SeleniumLibrary">
<arg>${locator_select-status_list}</arg>
<doc>Waits until the element ``locator`` is visible.</doc>
<status status="NOT RUN" starttime="20231222 17:50:52.208" endtime="20231222 17:50:52.208"/>
</kw>
<kw name="Click Element" library="SeleniumLibrary">
<arg>${status}</arg>
<doc>Click the element identified by ``locator``.</doc>
<status status="NOT RUN" starttime="20231222 17:50:52.208" endtime="20231222 17:50:52.208"/>
</kw>
<status status="NOT RUN" starttime="20231222 17:50:52.207" endtime="20231222 17:50:52.208"/>
</branch>
<status status="PASS" starttime="20231222 17:50:52.207" endtime="20231222 17:50:52.208"/>
</if>
<kw name="Click Element" library="SeleniumLibrary">
<arg>${locator_btn-search}</arg>
<doc>Click the element identified by ``locator``.</doc>
<msg timestamp="20231222 17:50:52.208" level="INFO">Clicking element 'id=btn-search'.</msg>
<status status="PASS" starttime="20231222 17:50:52.208" endtime="20231222 17:50:52.547"/>
</kw>
<kw name="Wait Until Element Is Visible" library="SeleniumLibrary">
<arg>${locator_showdata}</arg>
<doc>Waits until the element ``locator`` is visible.</doc>
<status status="PASS" starttime="20231222 17:50:52.547" endtime="20231222 17:50:52.770"/>
</kw>
<kw name="Click Button" library="SeleniumLibrary">
<arg>${locator_btn-clear}</arg>
<doc>Clicks the button identified by ``locator``.</doc>
<msg timestamp="20231222 17:50:52.772" level="INFO">Clicking button 'id=btn-clear'.</msg>
<status status="PASS" starttime="20231222 17:50:52.770" endtime="20231222 17:50:53.399"/>
</kw>
<status status="PASS" starttime="20231222 17:50:51.464" endtime="20231222 17:50:53.399"/>
</kw>
<kw name="Verify Search Filters" library="HW3-KeywordV2">
<arg>0</arg>
<arg>${locator_select-plan-enterprise}</arg>
<arg>${locator_select-status-pending}</arg>
<if>
<branch type="IF" condition="'${role}' != '0'">
<kw name="Click Element" library="SeleniumLibrary">
<arg>${locator_select-role}</arg>
<doc>Click the element identified by ``locator``.</doc>
<status status="NOT RUN" starttime="20231222 17:50:53.400" endtime="20231222 17:50:53.400"/>
</kw>
<kw name="Wait Until Element Is Visible" library="SeleniumLibrary">
<arg>${locator_select-role_list}</arg>
<doc>Waits until the element ``locator`` is visible.</doc>
<status status="NOT RUN" starttime="20231222 17:50:53.400" endtime="20231222 17:50:53.400"/>
</kw>
<kw name="Click Element" library="SeleniumLibrary">
<arg>${role}</arg>
<doc>Click the element identified by ``locator``.</doc>
<status status="NOT RUN" starttime="20231222 17:50:53.400" endtime="20231222 17:50:53.400"/>
</kw>
<status status="NOT RUN" starttime="20231222 17:50:53.400" endtime="20231222 17:50:53.400"/>
</branch>
<status status="PASS" starttime="20231222 17:50:53.400" endtime="20231222 17:50:53.400"/>
</if>
<if>
<branch type="IF" condition="&quot;${plan}&quot; != &quot;0&quot;">
<kw name="Click Element" library="SeleniumLibrary">
<arg>${locator_select-plan}</arg>
<doc>Click the element identified by ``locator``.</doc>
<msg timestamp="20231222 17:50:53.401" level="INFO">Clicking element 'id=select-plan'.</msg>
<status status="PASS" starttime="20231222 17:50:53.400" endtime="20231222 17:50:53.649"/>
</kw>
<kw name="Wait Until Element Is Visible" library="SeleniumLibrary">
<arg>${locator_select-plan_list}</arg>
<doc>Waits until the element ``locator`` is visible.</doc>
<status status="PASS" starttime="20231222 17:50:53.650" endtime="20231222 17:50:53.878"/>
</kw>
<kw name="Click Element" library="SeleniumLibrary">
<arg>${plan}</arg>
<doc>Click the element identified by ``locator``.</doc>
<msg timestamp="20231222 17:50:53.880" level="INFO">Clicking element 'id=option-select-plan-3'.</msg>
<status status="PASS" starttime="20231222 17:50:53.878" endtime="20231222 17:50:54.156"/>
</kw>
<status status="PASS" starttime="20231222 17:50:53.400" endtime="20231222 17:50:54.156"/>
</branch>
<status status="PASS" starttime="20231222 17:50:53.400" endtime="20231222 17:50:54.156"/>
</if>
<if>
<branch type="IF" condition="&quot;${status}&quot; != &quot;0&quot;">
<kw name="Click Element" library="SeleniumLibrary">
<arg>${locator_select-status}</arg>
<doc>Click the element identified by ``locator``.</doc>
<msg timestamp="20231222 17:50:54.157" level="INFO">Clicking element 'id=select-status'.</msg>
<status status="PASS" starttime="20231222 17:50:54.157" endtime="20231222 17:50:54.477"/>
</kw>
<kw name="Wait Until Element Is Visible" library="SeleniumLibrary">
<arg>${locator_select-status_list}</arg>
<doc>Waits until the element ``locator`` is visible.</doc>
<status status="PASS" starttime="20231222 17:50:54.478" endtime="20231222 17:50:54.703"/>
</kw>
<kw name="Click Element" library="SeleniumLibrary">
<arg>${status}</arg>
<doc>Click the element identified by ``locator``.</doc>
<msg timestamp="20231222 17:50:54.705" level="INFO">Clicking element 'id=option-select-status-1'.</msg>
<status status="PASS" starttime="20231222 17:50:54.703" endtime="20231222 17:50:54.981"/>
</kw>
<status status="PASS" starttime="20231222 17:50:54.156" endtime="20231222 17:50:54.981"/>
</branch>
<status status="PASS" starttime="20231222 17:50:54.156" endtime="20231222 17:50:54.981"/>
</if>
<kw name="Click Element" library="SeleniumLibrary">
<arg>${locator_btn-search}</arg>
<doc>Click the element identified by ``locator``.</doc>
<msg timestamp="20231222 17:50:54.982" level="INFO">Clicking element 'id=btn-search'.</msg>
<status status="PASS" starttime="20231222 17:50:54.981" endtime="20231222 17:50:55.324"/>
</kw>
<kw name="Wait Until Element Is Visible" library="SeleniumLibrary">
<arg>${locator_showdata}</arg>
<doc>Waits until the element ``locator`` is visible.</doc>
<status status="PASS" starttime="20231222 17:50:55.324" endtime="20231222 17:50:55.546"/>
</kw>
<kw name="Click Button" library="SeleniumLibrary">
<arg>${locator_btn-clear}</arg>
<doc>Clicks the button identified by ``locator``.</doc>
<msg timestamp="20231222 17:50:55.548" level="INFO">Clicking button 'id=btn-clear'.</msg>
<status status="PASS" starttime="20231222 17:50:55.546" endtime="20231222 17:50:56.166"/>
</kw>
<status status="PASS" starttime="20231222 17:50:53.399" endtime="20231222 17:50:56.166"/>
</kw>
<kw name="Verify Search Filters" library="HW3-KeywordV2">
<arg>0</arg>
<arg>0</arg>
<arg>${locator_select-status-pending}</arg>
<if>
<branch type="IF" condition="'${role}' != '0'">
<kw name="Click Element" library="SeleniumLibrary">
<arg>${locator_select-role}</arg>
<doc>Click the element identified by ``locator``.</doc>
<status status="NOT RUN" starttime="20231222 17:50:56.167" endtime="20231222 17:50:56.167"/>
</kw>
<kw name="Wait Until Element Is Visible" library="SeleniumLibrary">
<arg>${locator_select-role_list}</arg>
<doc>Waits until the element ``locator`` is visible.</doc>
<status status="NOT RUN" starttime="20231222 17:50:56.167" endtime="20231222 17:50:56.167"/>
</kw>
<kw name="Click Element" library="SeleniumLibrary">
<arg>${role}</arg>
<doc>Click the element identified by ``locator``.</doc>
<status status="NOT RUN" starttime="20231222 17:50:56.167" endtime="20231222 17:50:56.167"/>
</kw>
<status status="NOT RUN" starttime="20231222 17:50:56.167" endtime="20231222 17:50:56.167"/>
</branch>
<status status="PASS" starttime="20231222 17:50:56.167" endtime="20231222 17:50:56.167"/>
</if>
<if>
<branch type="IF" condition="&quot;${plan}&quot; != &quot;0&quot;">
<kw name="Click Element" library="SeleniumLibrary">
<arg>${locator_select-plan}</arg>
<doc>Click the element identified by ``locator``.</doc>
<status status="NOT RUN" starttime="20231222 17:50:56.167" endtime="20231222 17:50:56.167"/>
</kw>
<kw name="Wait Until Element Is Visible" library="SeleniumLibrary">
<arg>${locator_select-plan_list}</arg>
<doc>Waits until the element ``locator`` is visible.</doc>
<status status="NOT RUN" starttime="20231222 17:50:56.167" endtime="20231222 17:50:56.167"/>
</kw>
<kw name="Click Element" library="SeleniumLibrary">
<arg>${plan}</arg>
<doc>Click the element identified by ``locator``.</doc>
<status status="NOT RUN" starttime="20231222 17:50:56.167" endtime="20231222 17:50:56.167"/>
</kw>
<status status="NOT RUN" starttime="20231222 17:50:56.167" endtime="20231222 17:50:56.167"/>
</branch>
<status status="PASS" starttime="20231222 17:50:56.167" endtime="20231222 17:50:56.167"/>
</if>
<if>
<branch type="IF" condition="&quot;${status}&quot; != &quot;0&quot;">
<kw name="Click Element" library="SeleniumLibrary">
<arg>${locator_select-status}</arg>
<doc>Click the element identified by ``locator``.</doc>
<msg timestamp="20231222 17:50:56.168" level="INFO">Clicking element 'id=select-status'.</msg>
<status status="PASS" starttime="20231222 17:50:56.167" endtime="20231222 17:50:56.413"/>
</kw>
<kw name="Wait Until Element Is Visible" library="SeleniumLibrary">
<arg>${locator_select-status_list}</arg>
<doc>Waits until the element ``locator`` is visible.</doc>
<status status="PASS" starttime="20231222 17:50:56.413" endtime="20231222 17:50:56.644"/>
</kw>
<kw name="Click Element" library="SeleniumLibrary">
<arg>${status}</arg>
<doc>Click the element identified by ``locator``.</doc>
<msg timestamp="20231222 17:50:56.646" level="INFO">Clicking element 'id=option-select-status-1'.</msg>
<status status="PASS" starttime="20231222 17:50:56.645" endtime="20231222 17:50:56.917"/>
</kw>
<status status="PASS" starttime="20231222 17:50:56.167" endtime="20231222 17:50:56.917"/>
</branch>
<status status="PASS" starttime="20231222 17:50:56.167" endtime="20231222 17:50:56.917"/>
</if>
<kw name="Click Element" library="SeleniumLibrary">
<arg>${locator_btn-search}</arg>
<doc>Click the element identified by ``locator``.</doc>
<msg timestamp="20231222 17:50:56.917" level="INFO">Clicking element 'id=btn-search'.</msg>
<status status="PASS" starttime="20231222 17:50:56.917" endtime="20231222 17:50:57.249"/>
</kw>
<kw name="Wait Until Element Is Visible" library="SeleniumLibrary">
<arg>${locator_showdata}</arg>
<doc>Waits until the element ``locator`` is visible.</doc>
<status status="PASS" starttime="20231222 17:50:57.249" endtime="20231222 17:50:57.470"/>
</kw>
<kw name="Click Button" library="SeleniumLibrary">
<arg>${locator_btn-clear}</arg>
<doc>Clicks the button identified by ``locator``.</doc>
<msg timestamp="20231222 17:50:57.472" level="INFO">Clicking button 'id=btn-clear'.</msg>
<status status="PASS" starttime="20231222 17:50:57.470" endtime="20231222 17:50:58.103"/>
</kw>
<status status="PASS" starttime="20231222 17:50:56.166" endtime="20231222 17:50:58.103"/>
</kw>
<doc>การทดสอบ Function Search</doc>
<tag>Search</tag>
<status status="PASS" starttime="20231222 17:50:34.120" endtime="20231222 17:50:58.103"/>
</test>
<test id="s1-t3" name="TC003 - Test Show Row Per Page" line="33">
<kw name="Login Page" library="HW3-KeywordV2" type="SETUP">
<kw name="Open Web Browser" library="HW3-KeywordV2">
<kw name="Open Browser" library="SeleniumLibrary">
<arg>${url}</arg>
<arg>${browser}</arg>
<doc>Opens a new browser instance to the optional ``url``.</doc>
<msg timestamp="20231222 17:50:58.106" level="INFO">Opening browser 'chrome' to base url 'https://automate-test.stpb-digital.com/login/'.</msg>
<status status="PASS" starttime="20231222 17:50:58.105" endtime="20231222 17:51:01.487"/>
</kw>
<kw name="Maximize Browser Window" library="SeleniumLibrary">
<doc>Maximizes current browser window.</doc>
<status status="PASS" starttime="20231222 17:51:01.487" endtime="20231222 17:51:01.697"/>
</kw>
<kw name="Wait Until Element Is Visible" library="SeleniumLibrary">
<arg>${locator_user}</arg>
<doc>Waits until the element ``locator`` is visible.</doc>
<status status="PASS" starttime="20231222 17:51:01.697" endtime="20231222 17:51:01.929"/>
</kw>
<status status="PASS" starttime="20231222 17:50:58.105" endtime="20231222 17:51:01.929"/>
</kw>
<kw name="Input Text" library="SeleniumLibrary">
<arg>${locator_user}</arg>
<arg>user.test@krupbeam.com</arg>
<doc>Types the given ``text`` into the text field identified by ``locator``.</doc>
<msg timestamp="20231222 17:51:01.930" level="INFO">Typing text 'user.test@krupbeam.com' into text field 'id=email'.</msg>
<status status="PASS" starttime="20231222 17:51:01.930" endtime="20231222 17:51:02.412"/>
</kw>
<kw name="Input Text" library="SeleniumLibrary">
<arg>${locator_password}</arg>
<arg>123456789</arg>
<doc>Types the given ``text`` into the text field identified by ``locator``.</doc>
<msg timestamp="20231222 17:51:02.413" level="INFO">Typing text '123456789' into text field 'name=password'.</msg>
<status status="PASS" starttime="20231222 17:51:02.412" endtime="20231222 17:51:02.825"/>
</kw>
<kw name="Click Element" library="SeleniumLibrary">
<arg>${locator_btn-login}</arg>
<doc>Click the element identified by ``locator``.</doc>
<msg timestamp="20231222 17:51:02.826" level="INFO">Clicking element 'id=btn-login'.</msg>
<status status="PASS" starttime="20231222 17:51:02.825" endtime="20231222 17:51:03.111"/>
</kw>
<kw name="Wait Until Page Contains" library="SeleniumLibrary">
<arg>Search Filters</arg>
<doc>Waits until ``text`` appears on the current page.</doc>
<status status="PASS" starttime="20231222 17:51:03.111" endtime="20231222 17:51:03.920"/>
</kw>
<status status="PASS" starttime="20231222 17:50:58.105" endtime="20231222 17:51:03.920"/>
</kw>
<kw name="Verify Row Per page" library="HW3-KeywordV2">
<kw name="Click Element" library="SeleniumLibrary">
<arg>${locator_btn-search}</arg>
<doc>Click the element identified by ``locator``.</doc>
<msg timestamp="20231222 17:51:03.921" level="INFO">Clicking element 'id=btn-search'.</msg>
<status status="PASS" starttime="20231222 17:51:03.920" endtime="20231222 17:51:04.205"/>
</kw>
<kw name="Wait Until Element Is Visible" library="SeleniumLibrary">
<arg>${locator_showdata}</arg>
<doc>Waits until the element ``locator`` is visible.</doc>
<status status="PASS" starttime="20231222 17:51:04.205" endtime="20231222 17:51:04.433"/>
</kw>
<kw name="Sleep" library="BuiltIn">
<arg>1s</arg>
<doc>Pauses the test executed for the given time.</doc>
<msg timestamp="20231222 17:51:05.434" level="INFO">Slept 1 second</msg>
<status status="PASS" starttime="20231222 17:51:04.433" endtime="20231222 17:51:05.436"/>
</kw>
<kw name="Click Element" library="SeleniumLibrary">
<arg>${locator_rowpage}</arg>
<doc>Click the element identified by ``locator``.</doc>
<msg timestamp="20231222 17:51:05.438" level="INFO">Clicking element 'xpath=//*[@id=":r2:"]'.</msg>
<status status="PASS" starttime="20231222 17:51:05.436" endtime="20231222 17:51:05.722"/>
</kw>
<kw name="Sleep" library="BuiltIn">
<arg>1s</arg>
<doc>Pauses the test executed for the given time.</doc>
<msg timestamp="20231222 17:51:06.724" level="INFO">Slept 1 second</msg>
<status status="PASS" starttime="20231222 17:51:05.722" endtime="20231222 17:51:06.725"/>
</kw>
<kw name="Click Element" library="SeleniumLibrary">
<arg>${locator_rowpagenumber}</arg>
<doc>Click the element identified by ``locator``.</doc>
<msg timestamp="20231222 17:51:06.727" level="INFO">Clicking element 'xpath=//*[@id="menu-"]/div[3]/ul/li[2]'.</msg>
<status status="PASS" starttime="20231222 17:51:06.725" endtime="20231222 17:51:07.007"/>
</kw>
<kw name="Sleep" library="BuiltIn">
<arg>1s</arg>
<doc>Pauses the test executed for the given time.</doc>
<msg timestamp="20231222 17:51:08.009" level="INFO">Slept 1 second</msg>
<status status="PASS" starttime="20231222 17:51:07.007" endtime="20231222 17:51:08.009"/>
</kw>
<kw name="Get Text" library="SeleniumLibrary">
<var>${txt}</var>
<arg>${locator_numofdata}</arg>
<doc>Returns the text value of the element identified by ``locator``.</doc>
<msg timestamp="20231222 17:51:08.255" level="INFO">${txt} = 1–25 of 53</msg>
<status status="PASS" starttime="20231222 17:51:08.010" endtime="20231222 17:51:08.256"/>
</kw>
<kw name="Should Be Equal As Strings" library="BuiltIn">
<arg>${txt}</arg>
<arg>1–25 of 53</arg>
<doc>Fails if objects are unequal after converting them to strings.</doc>
<status status="PASS" starttime="20231222 17:51:08.256" endtime="20231222 17:51:08.256"/>
</kw>
<status status="PASS" starttime="20231222 17:51:03.920" endtime="20231222 17:51:08.256"/>
</kw>
<doc>ทดสอบผลการแสดงผลจำนวนของข้อมูล ในการเลือกแสดงแบบ 25 ข้อมูล</doc>
<tag>Row per page</tag>
<status status="PASS" starttime="20231222 17:50:58.104" endtime="20231222 17:51:08.256"/>
</test>
<test id="s1-t4" name="TC004 - Test Next and Previous Page Data" line="39">
<kw name="Login Page" library="HW3-KeywordV2" type="SETUP">
<kw name="Open Web Browser" library="HW3-KeywordV2">
<kw name="Open Browser" library="SeleniumLibrary">
<arg>${url}</arg>
<arg>${browser}</arg>
<doc>Opens a new browser instance to the optional ``url``.</doc>
<msg timestamp="20231222 17:51:08.259" level="INFO">Opening browser 'chrome' to base url 'https://automate-test.stpb-digital.com/login/'.</msg>
<status status="PASS" starttime="20231222 17:51:08.258" endtime="20231222 17:51:11.696"/>
</kw>
<kw name="Maximize Browser Window" library="SeleniumLibrary">
<doc>Maximizes current browser window.</doc>
<status status="PASS" starttime="20231222 17:51:11.696" endtime="20231222 17:51:11.910"/>
</kw>
<kw name="Wait Until Element Is Visible" library="SeleniumLibrary">
<arg>${locator_user}</arg>
<doc>Waits until the element ``locator`` is visible.</doc>
<status status="PASS" starttime="20231222 17:51:11.910" endtime="20231222 17:51:12.140"/>
</kw>
<status status="PASS" starttime="20231222 17:51:08.258" endtime="20231222 17:51:12.140"/>
</kw>
<kw name="Input Text" library="SeleniumLibrary">
<arg>${locator_user}</arg>
<arg>user.test@krupbeam.com</arg>
<doc>Types the given ``text`` into the text field identified by ``locator``.</doc>
<msg timestamp="20231222 17:51:12.142" level="INFO">Typing text 'user.test@krupbeam.com' into text field 'id=email'.</msg>
<status status="PASS" starttime="20231222 17:51:12.141" endtime="20231222 17:51:12.630"/>
</kw>
<kw name="Input Text" library="SeleniumLibrary">
<arg>${locator_password}</arg>
<arg>123456789</arg>
<doc>Types the given ``text`` into the text field identified by ``locator``.</doc>
<msg timestamp="20231222 17:51:12.631" level="INFO">Typing text '123456789' into text field 'name=password'.</msg>
<status status="PASS" starttime="20231222 17:51:12.631" endtime="20231222 17:51:13.039"/>
</kw>
<kw name="Click Element" library="SeleniumLibrary">
<arg>${locator_btn-login}</arg>
<doc>Click the element identified by ``locator``.</doc>
<msg timestamp="20231222 17:51:13.040" level="INFO">Clicking element 'id=btn-login'.</msg>
<status status="PASS" starttime="20231222 17:51:13.039" endtime="20231222 17:51:13.324"/>
</kw>
<kw name="Wait Until Page Contains" library="SeleniumLibrary">
<arg>Search Filters</arg>
<doc>Waits until ``text`` appears on the current page.</doc>
<status status="PASS" starttime="20231222 17:51:13.324" endtime="20231222 17:51:14.387"/>
</kw>
<status status="PASS" starttime="20231222 17:51:08.258" endtime="20231222 17:51:14.387"/>
</kw>
<kw name="Verify Next and Previous Page Data" library="HW3-KeywordV2">
<kw name="Click Element" library="SeleniumLibrary">
<arg>${locator_btn-search}</arg>
<doc>Click the element identified by ``locator``.</doc>
<msg timestamp="20231222 17:51:14.388" level="INFO">Clicking element 'id=btn-search'.</msg>
<status status="PASS" starttime="20231222 17:51:14.388" endtime="20231222 17:51:14.671"/>
</kw>
<kw name="Wait Until Element Is Visible" library="SeleniumLibrary">
<arg>${locator_showdata}</arg>
<doc>Waits until the element ``locator`` is visible.</doc>
<status status="PASS" starttime="20231222 17:51:14.671" endtime="20231222 17:51:14.897"/>
</kw>
<kw name="Sleep" library="BuiltIn">
<arg>1s</arg>
<doc>Pauses the test executed for the given time.</doc>
<msg timestamp="20231222 17:51:15.898" level="INFO">Slept 1 second</msg>
<status status="PASS" starttime="20231222 17:51:14.897" endtime="20231222 17:51:15.898"/>
</kw>
<kw name="Click Element" library="SeleniumLibrary">
<arg>${locator_forwardpage}</arg>
<doc>Click the element identified by ``locator``.</doc>
<msg timestamp="20231222 17:51:15.901" level="INFO">Clicking element 'css=#__next &gt; div.layout-wrapper.css-uinsfl &gt; div.layout-content-wrapper.MuiBox-root.css-34b9xr &gt; main &gt; div &gt; div:nth-child(2) &gt; div &gt; div.MuiDataGrid-root.MuiDataGrid-autoHeight.css-rx2f15 &gt; div:nth-child(3) &gt; div &gt; div.MuiTablePagination-root.css-u1jk8u &gt; div &gt; div.MuiTablePagination-actions &gt; button:nth-child(2) &gt; svg'.</msg>
<status status="PASS" starttime="20231222 17:51:15.899" endtime="20231222 17:51:16.202"/>
</kw>
<kw name="Get Text" library="SeleniumLibrary">
<var>${txt}</var>
<arg>${locator_numofdata}</arg>
<doc>Returns the text value of the element identified by ``locator``.</doc>
<msg timestamp="20231222 17:51:16.429" level="INFO">${txt} = 11–20 of 53</msg>
<status status="PASS" starttime="20231222 17:51:16.202" endtime="20231222 17:51:16.429"/>
</kw>
<kw name="Should Be Equal As Strings" library="BuiltIn">
<arg>${txt}</arg>
<arg>11–20 of 53</arg>
<doc>Fails if objects are unequal after converting them to strings.</doc>
<status status="PASS" starttime="20231222 17:51:16.429" endtime="20231222 17:51:16.430"/>
</kw>
<kw name="Sleep" library="BuiltIn">
<arg>1s</arg>
<doc>Pauses the test executed for the given time.</doc>
<msg timestamp="20231222 17:51:17.433" level="INFO">Slept 1 second</msg>
<status status="PASS" starttime="20231222 17:51:16.430" endtime="20231222 17:51:17.433"/>
</kw>
<kw name="Click Element" library="SeleniumLibrary">
<arg>${locator_backwardpage}</arg>
<doc>Click the element identified by ``locator``.</doc>
<msg timestamp="20231222 17:51:17.435" level="INFO">Clicking element 'css=#__next &gt; div.layout-wrapper.css-uinsfl &gt; div.layout-content-wrapper.MuiBox-root.css-34b9xr &gt; main &gt; div &gt; div:nth-child(2) &gt; div &gt; div.MuiDataGrid-root.MuiDataGrid-autoHeight.css-rx2f15 &gt; div:nth-child(3) &gt; div &gt; div.MuiTablePagination-root.css-u1jk8u &gt; div &gt; div.MuiTablePagination-actions &gt; button:nth-child(1) &gt; svg'.</msg>
<status status="PASS" starttime="20231222 17:51:17.433" endtime="20231222 17:51:17.737"/>
</kw>
<kw name="Get Text" library="SeleniumLibrary">
<var>${txt2}</var>
<arg>${locator_numofdata}</arg>
<doc>Returns the text value of the element identified by ``locator``.</doc>
<msg timestamp="20231222 17:51:17.962" level="INFO">${txt2} = 1–10 of 53</msg>
<status status="PASS" starttime="20231222 17:51:17.738" endtime="20231222 17:51:17.962"/>
</kw>
<kw name="Should Be Equal As Strings" library="BuiltIn">
<arg>${txt2}</arg>
<arg>1–10 of 53</arg>
<doc>Fails if objects are unequal after converting them to strings.</doc>
<status status="PASS" starttime="20231222 17:51:17.963" endtime="20231222 17:51:17.963"/>
</kw>
<status status="PASS" starttime="20231222 17:51:14.388" endtime="20231222 17:51:17.963"/>
</kw>
<doc>ทดสอบการกดปุ่ม Next Page Data และ Previous</doc>
<tag>Next and Previous Page Data</tag>
<status status="PASS" starttime="20231222 17:51:08.257" endtime="20231222 17:51:17.964"/>
</test>
<test id="s1-t5" name="TC005 - Click Button Add User" line="45">
<kw name="Login Page" library="HW3-KeywordV2" type="SETUP">
<kw name="Open Web Browser" library="HW3-KeywordV2">
<kw name="Open Browser" library="SeleniumLibrary">
<arg>${url}</arg>
<arg>${browser}</arg>
<doc>Opens a new browser instance to the optional ``url``.</doc>
<msg timestamp="20231222 17:51:17.968" level="INFO">Opening browser 'chrome' to base url 'https://automate-test.stpb-digital.com/login/'.</msg>
<status status="PASS" starttime="20231222 17:51:17.967" endtime="20231222 17:51:21.387"/>
</kw>
<kw name="Maximize Browser Window" library="SeleniumLibrary">
<doc>Maximizes current browser window.</doc>
<status status="PASS" starttime="20231222 17:51:21.387" endtime="20231222 17:51:21.597"/>
</kw>
<kw name="Wait Until Element Is Visible" library="SeleniumLibrary">
<arg>${locator_user}</arg>
<doc>Waits until the element ``locator`` is visible.</doc>
<status status="PASS" starttime="20231222 17:51:21.597" endtime="20231222 17:51:21.829"/>
</kw>
<status status="PASS" starttime="20231222 17:51:17.966" endtime="20231222 17:51:21.829"/>
</kw>
<kw name="Input Text" library="SeleniumLibrary">
<arg>${locator_user}</arg>
<arg>user.test@krupbeam.com</arg>
<doc>Types the given ``text`` into the text field identified by ``locator``.</doc>
<msg timestamp="20231222 17:51:21.830" level="INFO">Typing text 'user.test@krupbeam.com' into text field 'id=email'.</msg>
<status status="PASS" starttime="20231222 17:51:21.829" endtime="20231222 17:51:22.294"/>
</kw>
<kw name="Input Text" library="SeleniumLibrary">
<arg>${locator_password}</arg>
<arg>123456789</arg>
<doc>Types the given ``text`` into the text field identified by ``locator``.</doc>
<msg timestamp="20231222 17:51:22.294" level="INFO">Typing text '123456789' into text field 'name=password'.</msg>
<status status="PASS" starttime="20231222 17:51:22.294" endtime="20231222 17:51:22.704"/>
</kw>
<kw name="Click Element" library="SeleniumLibrary">
<arg>${locator_btn-login}</arg>
<doc>Click the element identified by ``locator``.</doc>
<msg timestamp="20231222 17:51:22.705" level="INFO">Clicking element 'id=btn-login'.</msg>
<status status="PASS" starttime="20231222 17:51:22.704" endtime="20231222 17:51:22.989"/>
</kw>
<kw name="Wait Until Page Contains" library="SeleniumLibrary">
<arg>Search Filters</arg>
<doc>Waits until ``text`` appears on the current page.</doc>
<status status="PASS" starttime="20231222 17:51:22.989" endtime="20231222 17:51:23.738"/>
</kw>
<status status="PASS" starttime="20231222 17:51:17.966" endtime="20231222 17:51:23.738"/>
</kw>
<kw name="Click Button Add User" library="HW3-KeywordV2">
<kw name="Click Element" library="SeleniumLibrary">
<arg>${locator_btn-adduser}</arg>
<doc>Click the element identified by ``locator``.</doc>
<msg timestamp="20231222 17:51:23.739" level="INFO">Clicking element 'xpath=//*[@id="__next"]/div[1]/div[2]/main/div/div[2]/div/div[1]/div/a'.</msg>
<status status="PASS" starttime="20231222 17:51:23.739" endtime="20231222 17:51:23.994"/>
</kw>
<kw name="Wait Until Page Contains" library="SeleniumLibrary">
<arg>Kru P' Beam</arg>
<doc>Waits until ``text`` appears on the current page.</doc>
<status status="PASS" starttime="20231222 17:51:23.994" endtime="20231222 17:51:24.103"/>
</kw>
<kw name="Sleep" library="BuiltIn">
<arg>0.2s</arg>
<doc>Pauses the test executed for the given time.</doc>
<msg timestamp="20231222 17:51:24.305" level="INFO">Slept 200 milliseconds</msg>
<status status="PASS" starttime="20231222 17:51:24.103" endtime="20231222 17:51:24.306"/>
</kw>
<status status="PASS" starttime="20231222 17:51:23.739" endtime="20231222 17:51:24.306"/>
</kw>
<kw name="Click Element" library="SeleniumLibrary">
<arg>${locator_btn-back}</arg>
<doc>Click the element identified by ``locator``.</doc>
<msg timestamp="20231222 17:51:24.308" level="INFO">Clicking element 'xpath=//*[@id="__next"]/div[1]/div[2]/main/div/div[1]/button'.</msg>
<status status="PASS" starttime="20231222 17:51:24.306" endtime="20231222 17:51:24.578"/>
</kw>
<kw name="Close Browser" library="SeleniumLibrary">
<doc>Closes the current browser.</doc>
<status status="PASS" starttime="20231222 17:51:24.578" endtime="20231222 17:51:24.742"/>
</kw>
<doc>ทดสอบการกดปุ่ม Add User</doc>
<tag>Add User</tag>
<status status="PASS" starttime="20231222 17:51:17.965" endtime="20231222 17:51:24.743"/>
</test>
<test id="s1-t6" name="TC006 - Logout" line="53">
<kw name="Login Page" library="HW3-KeywordV2" type="SETUP">
<kw name="Open Web Browser" library="HW3-KeywordV2">
<kw name="Open Browser" library="SeleniumLibrary">
<arg>${url}</arg>
<arg>${browser}</arg>
<doc>Opens a new browser instance to the optional ``url``.</doc>
<msg timestamp="20231222 17:51:24.744" level="INFO">Opening browser 'chrome' to base url 'https://automate-test.stpb-digital.com/login/'.</msg>
<status status="PASS" starttime="20231222 17:51:24.744" endtime="20231222 17:51:28.099"/>
</kw>
<kw name="Maximize Browser Window" library="SeleniumLibrary">
<doc>Maximizes current browser window.</doc>
<status status="PASS" starttime="20231222 17:51:28.099" endtime="20231222 17:51:28.314"/>
</kw>
<kw name="Wait Until Element Is Visible" library="SeleniumLibrary">
<arg>${locator_user}</arg>
<doc>Waits until the element ``locator`` is visible.</doc>
<status status="PASS" starttime="20231222 17:51:28.314" endtime="20231222 17:51:28.546"/>
</kw>
<status status="PASS" starttime="20231222 17:51:24.743" endtime="20231222 17:51:28.546"/>
</kw>
<kw name="Input Text" library="SeleniumLibrary">
<arg>${locator_user}</arg>
<arg>user.test@krupbeam.com</arg>
<doc>Types the given ``text`` into the text field identified by ``locator``.</doc>
<msg timestamp="20231222 17:51:28.548" level="INFO">Typing text 'user.test@krupbeam.com' into text field 'id=email'.</msg>
<status status="PASS" starttime="20231222 17:51:28.547" endtime="20231222 17:51:29.045"/>
</kw>
<kw name="Input Text" library="SeleniumLibrary">
<arg>${locator_password}</arg>
<arg>123456789</arg>
<doc>Types the given ``text`` into the text field identified by ``locator``.</doc>
<msg timestamp="20231222 17:51:29.046" level="INFO">Typing text '123456789' into text field 'name=password'.</msg>
<status status="PASS" starttime="20231222 17:51:29.045" endtime="20231222 17:51:29.455"/>
</kw>
<kw name="Click Element" library="SeleniumLibrary">
<arg>${locator_btn-login}</arg>
<doc>Click the element identified by ``locator``.</doc>
<msg timestamp="20231222 17:51:29.455" level="INFO">Clicking element 'id=btn-login'.</msg>
<status status="PASS" starttime="20231222 17:51:29.455" endtime="20231222 17:51:29.737"/>
</kw>
<kw name="Wait Until Page Contains" library="SeleniumLibrary">
<arg>Search Filters</arg>
<doc>Waits until ``text`` appears on the current page.</doc>
<status status="PASS" starttime="20231222 17:51:29.737" endtime="20231222 17:51:30.557"/>
</kw>
<status status="PASS" starttime="20231222 17:51:24.743" endtime="20231222 17:51:30.557"/>
</kw>
<kw name="Logout user" library="HW3-KeywordV2">
<kw name="Click Element" library="SeleniumLibrary">
<arg>${locator_profile}</arg>
<doc>Click the element identified by ``locator``.</doc>
<msg timestamp="20231222 17:51:30.558" level="INFO">Clicking element 'xpath=//*[@id="__next"]/div[1]/div[2]/header/div/div/div[2]/span/div/img'.</msg>
<status status="PASS" starttime="20231222 17:51:30.557" endtime="20231222 17:51:30.816"/>
</kw>
<kw name="Sleep" library="BuiltIn">
<arg>0.2s</arg>
<doc>Pauses the test executed for the given time.</doc>
<msg timestamp="20231222 17:51:31.018" level="INFO">Slept 200 milliseconds</msg>
<status status="PASS" starttime="20231222 17:51:30.816" endtime="20231222 17:51:31.018"/>
</kw>
<kw name="Click Element" library="SeleniumLibrary">
<arg>${locator_logout}</arg>
<doc>Click the element identified by ``locator``.</doc>
<msg timestamp="20231222 17:51:31.020" level="INFO">Clicking element 'css=body &gt; div.MuiModal-root.MuiPopover-root.MuiMenu-root.css-hxcdyb &gt; div.MuiPaper-root.MuiPaper-elevation.MuiPaper-rounded.MuiPaper-elevation1.MuiMenu-paper.MuiPaper-root.MuiPaper-elevation.MuiPaper-rounded.MuiPaper-elevation8.MuiPopover-paper.css-1u9pw9f &gt; ul &gt; li'.</msg>
<status status="PASS" starttime="20231222 17:51:31.019" endtime="20231222 17:51:31.289"/>
</kw>
<kw name="Wait Until Page Contains" library="SeleniumLibrary">
<arg>Welcome to Kru P' Beam!</arg>
<doc>Waits until ``text`` appears on the current page.</doc>
<status status="PASS" starttime="20231222 17:51:31.289" endtime="20231222 17:51:31.407"/>
</kw>
<kw name="Close Browser" library="SeleniumLibrary">
<doc>Closes the current browser.</doc>
<status status="PASS" starttime="20231222 17:51:31.407" endtime="20231222 17:51:31.570"/>
</kw>
<status status="PASS" starttime="20231222 17:51:30.557" endtime="20231222 17:51:31.570"/>
</kw>
<doc>ทดสอบการกดปุ่ม Logout</doc>
<tag>Logout</tag>
<status status="PASS" starttime="20231222 17:51:24.743" endtime="20231222 17:51:31.570"/>
</test>
<test id="s1-t7" name="TC007 - Test Page Add User - Pass" line="59">
<kw name="Input Data Add User" library="HW3-KeywordV2">
<kw name="Login Page" library="HW3-KeywordV2">
<kw name="Open Web Browser" library="HW3-KeywordV2">
<kw name="Open Browser" library="SeleniumLibrary">
<arg>${url}</arg>
<arg>${browser}</arg>
<doc>Opens a new browser instance to the optional ``url``.</doc>
<msg timestamp="20231222 17:51:31.572" level="INFO">Opening browser 'chrome' to base url 'https://automate-test.stpb-digital.com/login/'.</msg>
<status status="PASS" starttime="20231222 17:51:31.572" endtime="20231222 17:51:35.042"/>
</kw>
<kw name="Maximize Browser Window" library="SeleniumLibrary">
<doc>Maximizes current browser window.</doc>
<status status="PASS" starttime="20231222 17:51:35.042" endtime="20231222 17:51:35.253"/>
</kw>
<kw name="Wait Until Element Is Visible" library="SeleniumLibrary">
<arg>${locator_user}</arg>
<doc>Waits until the element ``locator`` is visible.</doc>
<status status="PASS" starttime="20231222 17:51:35.253" endtime="20231222 17:51:35.481"/>
</kw>
<status status="PASS" starttime="20231222 17:51:31.572" endtime="20231222 17:51:35.481"/>
</kw>
<kw name="Input Text" library="SeleniumLibrary">
<arg>${locator_user}</arg>
<arg>user.test@krupbeam.com</arg>
<doc>Types the given ``text`` into the text field identified by ``locator``.</doc>
<msg timestamp="20231222 17:51:35.483" level="INFO">Typing text 'user.test@krupbeam.com' into text field 'id=email'.</msg>
<status status="PASS" starttime="20231222 17:51:35.482" endtime="20231222 17:51:35.976"/>
</kw>
<kw name="Input Text" library="SeleniumLibrary">
<arg>${locator_password}</arg>
<arg>123456789</arg>
<doc>Types the given ``text`` into the text field identified by ``locator``.</doc>
<msg timestamp="20231222 17:51:35.977" level="INFO">Typing text '123456789' into text field 'name=password'.</msg>
<status status="PASS" starttime="20231222 17:51:35.977" endtime="20231222 17:51:36.388"/>
</kw>
<kw name="Click Element" library="SeleniumLibrary">
<arg>${locator_btn-login}</arg>
<doc>Click the element identified by ``locator``.</doc>
<msg timestamp="20231222 17:51:36.388" level="INFO">Clicking element 'id=btn-login'.</msg>
<status status="PASS" starttime="20231222 17:51:36.388" endtime="20231222 17:51:36.657"/>
</kw>
<kw name="Wait Until Page Contains" library="SeleniumLibrary">
<arg>Search Filters</arg>
<doc>Waits until ``text`` appears on the current page.</doc>
<status status="PASS" starttime="20231222 17:51:36.657" endtime="20231222 17:51:37.399"/>
</kw>
<status status="PASS" starttime="20231222 17:51:31.572" endtime="20231222 17:51:37.399"/>
</kw>
<kw name="Click Button Add User" library="HW3-KeywordV2">
<kw name="Click Element" library="SeleniumLibrary">
<arg>${locator_btn-adduser}</arg>
<doc>Click the element identified by ``locator``.</doc>
<msg timestamp="20231222 17:51:37.399" level="INFO">Clicking element 'xpath=//*[@id="__next"]/div[1]/div[2]/main/div/div[2]/div/div[1]/div/a'.</msg>
<status status="PASS" starttime="20231222 17:51:37.399" endtime="20231222 17:51:37.638"/>
</kw>
<kw name="Wait Until Page Contains" library="SeleniumLibrary">
<arg>Kru P' Beam</arg>
<doc>Waits until ``text`` appears on the current page.</doc>
<status status="PASS" starttime="20231222 17:51:37.638" endtime="20231222 17:51:37.750"/>
</kw>
<kw name="Sleep" library="BuiltIn">
<arg>0.2s</arg>
<doc>Pauses the test executed for the given time.</doc>
<msg timestamp="20231222 17:51:37.952" level="INFO">Slept 200 milliseconds</msg>
<status status="PASS" starttime="20231222 17:51:37.751" endtime="20231222 17:51:37.952"/>
</kw>
<status status="PASS" starttime="20231222 17:51:37.399" endtime="20231222 17:51:37.952"/>
</kw>
<kw name="Wait Until Page Contains" library="SeleniumLibrary">
<arg>Kru P' Beam</arg>
<arg>0.3s</arg>
<doc>Waits until ``text`` appears on the current page.</doc>
<status status="PASS" starttime="20231222 17:51:37.953" endtime="20231222 17:51:38.072"/>
</kw>
<kw name="Input Text" library="SeleniumLibrary">
<arg>${locator_firstname-adduser}</arg>
<arg>abcd</arg>
<doc>Types the given ``text`` into the text field identified by ``locator``.</doc>
<msg timestamp="20231222 17:51:38.074" level="INFO">Typing text 'abcd' into text field 'id=firstname'.</msg>
<status status="PASS" starttime="20231222 17:51:38.072" endtime="20231222 17:51:38.465"/>
</kw>
<kw name="Input Text" library="SeleniumLibrary">
<arg>${locator_lastname-adduser}</arg>
<arg>ertggsac</arg>
<doc>Types the given ``text`` into the text field identified by ``locator``.</doc>
<msg timestamp="20231222 17:51:38.466" level="INFO">Typing text 'ertggsac' into text field 'id=lastname'.</msg>
<status status="PASS" starttime="20231222 17:51:38.466" endtime="20231222 17:51:38.863"/>
</kw>
<kw name="Input Text" library="SeleniumLibrary">
<arg>${locator_email-adduser}</arg>
<arg>1234@gmail.com</arg>
<doc>Types the given ``text`` into the text field identified by ``locator``.</doc>
<msg timestamp="20231222 17:51:38.864" level="INFO">Typing text '1234@gmail.com' into text field 'id=email'.</msg>
<status status="PASS" starttime="20231222 17:51:38.863" endtime="20231222 17:51:39.269"/>
</kw>
<kw name="Input Text" library="SeleniumLibrary">
<arg>${locator_password-adduser}</arg>
<arg>1234567890</arg>
<doc>Types the given ``text`` into the text field identified by ``locator``.</doc>
<msg timestamp="20231222 17:51:39.269" level="INFO">Typing text '1234567890' into text field 'id=password'.</msg>
<status status="PASS" starttime="20231222 17:51:39.269" endtime="20231222 17:51:39.675"/>
</kw>
<kw name="Input Text" library="SeleniumLibrary">
<arg>${locator_phone-adduser}</arg>
<arg>08222222222</arg>
<doc>Types the given ``text`` into the text field identified by ``locator``.</doc>
<msg timestamp="20231222 17:51:39.676" level="INFO">Typing text '08222222222' into text field 'id=mobile-phone'.</msg>
<status status="PASS" starttime="20231222 17:51:39.676" endtime="20231222 17:51:40.068"/>
</kw>
<kw name="Select Radio Button" library="SeleniumLibrary">
<arg>${locator_gender-adduser}</arg>
<arg>male</arg>
<doc>Sets the radio button group ``group_name`` to ``value``.</doc>
<msg timestamp="20231222 17:51:40.069" level="INFO">Selecting 'male' from radio button 'validation-basic-radio'.</msg>
<status status="PASS" starttime="20231222 17:51:40.068" endtime="20231222 17:51:40.426"/>
</kw>
<kw name="Select Checkbox" library="SeleniumLibrary">
<arg>${locator_courseSQL-adduser}</arg>
<doc>Selects the checkbox identified by ``locator``.</doc>
<msg timestamp="20231222 17:51:40.428" level="INFO">Selecting checkbox 'name=courses.SQL'.</msg>
<status status="PASS" starttime="20231222 17:51:40.427" endtime="20231222 17:51:41.019"/>
</kw>
<kw name="Select List Nationality-adduser" library="HW3-KeywordV2">
<kw name="Click Element" library="SeleniumLibrary">
<arg>${locator_select-nationality-adduser}</arg>
<doc>Click the element identified by ``locator``.</doc>
<msg timestamp="20231222 17:51:41.020" level="INFO">Clicking element 'id=nationality'.</msg>
<status status="PASS" starttime="20231222 17:51:41.020" endtime="20231222 17:51:41.334"/>
</kw>
<kw name="Wait Until Element Is Visible" library="SeleniumLibrary">
<arg>${locator_select-nationality_list-adduser}</arg>
<doc>Waits until the element ``locator`` is visible.</doc>
<status status="PASS" starttime="20231222 17:51:41.334" endtime="20231222 17:51:41.567"/>
</kw>
<kw name="Click Element" library="SeleniumLibrary">
<arg>${locator_select-nationality_list-adduser}</arg>
<doc>Click the element identified by ``locator``.</doc>
<msg timestamp="20231222 17:51:41.568" level="INFO">Clicking element 'xpath=//*[@id="menu-"]/div[3]/ul/li[221]'.</msg>
<status status="PASS" starttime="20231222 17:51:41.567" endtime="20231222 17:51:41.872"/>
</kw>
<status status="PASS" starttime="20231222 17:51:41.019" endtime="20231222 17:51:41.872"/>
</kw>
<kw name="Select List Role-adduser" library="HW3-KeywordV2">
<kw name="Click Element" library="SeleniumLibrary">
<arg>${locator_select-role-adduser}</arg>
<doc>Click the element identified by ``locator``.</doc>
<msg timestamp="20231222 17:51:41.873" level="INFO">Clicking element 'id=select-role'.</msg>
<status status="PASS" starttime="20231222 17:51:41.872" endtime="20231222 17:51:42.310"/>
</kw>
<kw name="Wait Until Element Is Visible" library="SeleniumLibrary">
<arg>${locator_select-role_list-adduser}</arg>
<doc>Waits until the element ``locator`` is visible.</doc>
<status status="PASS" starttime="20231222 17:51:42.310" endtime="20231222 17:51:42.533"/>
</kw>
<kw name="Click Element" library="SeleniumLibrary">
<arg>${locator_select-role_list-adduser}</arg>
<doc>Click the element identified by ``locator``.</doc>
<msg timestamp="20231222 17:51:42.534" level="INFO">Clicking element 'xpath=//*[@id="menu-"]/div[3]/ul/li[1]'.</msg>
<status status="PASS" starttime="20231222 17:51:42.533" endtime="20231222 17:51:42.775"/>
</kw>
<status status="PASS" starttime="20231222 17:51:41.872" endtime="20231222 17:51:42.775"/>
</kw>
<kw name="Select List Plan-adduser" library="HW3-KeywordV2">
<kw name="Click Element" library="SeleniumLibrary">
<arg>${locator_select-plan-adduser}</arg>
<doc>Click the element identified by ``locator``.</doc>
<msg timestamp="20231222 17:51:42.776" level="INFO">Clicking element 'id=select-plan'.</msg>
<status status="PASS" starttime="20231222 17:51:42.776" endtime="20231222 17:51:43.081"/>
</kw>
<kw name="Wait Until Element Is Visible" library="SeleniumLibrary">
<arg>${locator_select-plan_list-adduser}</arg>
<doc>Waits until the element ``locator`` is visible.</doc>
<status status="PASS" starttime="20231222 17:51:43.081" endtime="20231222 17:51:43.302"/>
</kw>
<kw name="Click Element" library="SeleniumLibrary">
<arg>${locator_select-plan_list-adduser}</arg>
<doc>Click the element identified by ``locator``.</doc>
<msg timestamp="20231222 17:51:43.303" level="INFO">Clicking element 'xpath=//*[@id="menu-"]/div[3]/ul/li[1]'.</msg>
<status status="PASS" starttime="20231222 17:51:43.302" endtime="20231222 17:51:43.542"/>
</kw>
<status status="PASS" starttime="20231222 17:51:42.776" endtime="20231222 17:51:43.542"/>
</kw>
<kw name="Click Element" library="SeleniumLibrary">
<arg>${locator_btn_signup-adduser}</arg>
<doc>Click the element identified by ``locator``.</doc>
<msg timestamp="20231222 17:51:43.543" level="INFO">Clicking element 'css=#__next &gt; div.layout-wrapper.css-uinsfl &gt; div.layout-content-wrapper.MuiBox-root.css-34b9xr &gt; main &gt; div &gt; div:nth-child(3) &gt; div &gt; div &gt; div &gt; form &gt; button'.</msg>
<status status="PASS" starttime="20231222 17:51:43.542" endtime="20231222 17:51:43.901"/>
</kw>
<kw name="Wait Until Page Contains" library="SeleniumLibrary">
<arg>Register Success</arg>
<arg>2s</arg>
<doc>Waits until ``text`` appears on the current page.</doc>
<status status="PASS" starttime="20231222 17:51:43.901" endtime="20231222 17:51:44.013"/>
</kw>
<kw name="Click Element" library="SeleniumLibrary">
<arg>${locator_btn-ok-adduser}</arg>
<doc>Click the element identified by ``locator``.</doc>
<msg timestamp="20231222 17:51:44.014" level="INFO">Clicking element 'id=btn-ok'.</msg>
<status status="PASS" starttime="20231222 17:51:44.014" endtime="20231222 17:51:44.264"/>
</kw>
<kw name="Wait Until Page Contains" library="SeleniumLibrary">
<arg>Search Filters</arg>
<arg>2s</arg>
<doc>Waits until ``text`` appears on the current page.</doc>
<status status="PASS" starttime="20231222 17:51:44.264" endtime="20231222 17:51:44.375"/>
</kw>
<kw name="Close Browser" library="SeleniumLibrary">
<doc>Closes the current browser.</doc>
<status status="PASS" starttime="20231222 17:51:44.375" endtime="20231222 17:51:44.537"/>
</kw>
<status status="PASS" starttime="20231222 17:51:31.572" endtime="20231222 17:51:44.537"/>
</kw>
<doc>ใช้สำหรับทดสอบการกรอกข้อมูลหน้า add user</doc>
<tag>add user pass</tag>
<status status="PASS" starttime="20231222 17:51:31.571" endtime="20231222 17:51:44.537"/>
</test>
<test id="s1-t8" name="TC008 - Test Page Add User - Fail" line="66">
<kw name="Input Data Add User Page - Fail" library="HW3-KeywordV2">
<arg>${EMPTY}</arg>
<arg>อินขาน</arg>
<arg>Beam1234@gmail.com</arg>
<arg>1234567890</arg>
<arg>08000000000</arg>
<arg>female</arg>
<arg>1</arg>
<arg>1</arg>
<arg>1</arg>
<arg>1</arg>
<arg>${locator_FirstnameErrorMsg}</arg>
<arg>This field is required</arg>
<kw name="Login Page" library="HW3-KeywordV2">
<kw name="Open Web Browser" library="HW3-KeywordV2">
<kw name="Open Browser" library="SeleniumLibrary">
<arg>${url}</arg>
<arg>${browser}</arg>
<doc>Opens a new browser instance to the optional ``url``.</doc>
<msg timestamp="20231222 17:51:44.540" level="INFO">Opening browser 'chrome' to base url 'https://automate-test.stpb-digital.com/login/'.</msg>
<status status="PASS" starttime="20231222 17:51:44.539" endtime="20231222 17:51:47.958"/>
</kw>
<kw name="Maximize Browser Window" library="SeleniumLibrary">
<doc>Maximizes current browser window.</doc>
<status status="PASS" starttime="20231222 17:51:47.958" endtime="20231222 17:51:48.172"/>
</kw>
<kw name="Wait Until Element Is Visible" library="SeleniumLibrary">
<arg>${locator_user}</arg>
<doc>Waits until the element ``locator`` is visible.</doc>
<status status="PASS" starttime="20231222 17:51:48.172" endtime="20231222 17:51:48.404"/>
</kw>
<status status="PASS" starttime="20231222 17:51:44.539" endtime="20231222 17:51:48.404"/>
</kw>
<kw name="Input Text" library="SeleniumLibrary">
<arg>${locator_user}</arg>
<arg>user.test@krupbeam.com</arg>
<doc>Types the given ``text`` into the text field identified by ``locator``.</doc>
<msg timestamp="20231222 17:51:48.406" level="INFO">Typing text 'user.test@krupbeam.com' into text field 'id=email'.</msg>
<status status="PASS" starttime="20231222 17:51:48.405" endtime="20231222 17:51:48.874"/>
</kw>
<kw name="Input Text" library="SeleniumLibrary">
<arg>${locator_password}</arg>
<arg>123456789</arg>
<doc>Types the given ``text`` into the text field identified by ``locator``.</doc>
<msg timestamp="20231222 17:51:48.874" level="INFO">Typing text '123456789' into text field 'name=password'.</msg>
<status status="PASS" starttime="20231222 17:51:48.874" endtime="20231222 17:51:49.284"/>
</kw>
<kw name="Click Element" library="SeleniumLibrary">
<arg>${locator_btn-login}</arg>
<doc>Click the element identified by ``locator``.</doc>
<msg timestamp="20231222 17:51:49.285" level="INFO">Clicking element 'id=btn-login'.</msg>
<status status="PASS" starttime="20231222 17:51:49.284" endtime="20231222 17:51:49.568"/>
</kw>
<kw name="Wait Until Page Contains" library="SeleniumLibrary">
<arg>Search Filters</arg>
<doc>Waits until ``text`` appears on the current page.</doc>
<status status="PASS" starttime="20231222 17:51:49.568" endtime="20231222 17:51:50.946"/>
</kw>
<status status="PASS" starttime="20231222 17:51:44.539" endtime="20231222 17:51:50.946"/>
</kw>
<kw name="Click Button Add User" library="HW3-KeywordV2">
<kw name="Click Element" library="SeleniumLibrary">
<arg>${locator_btn-adduser}</arg>
<doc>Click the element identified by ``locator``.</doc>
<msg timestamp="20231222 17:51:50.947" level="INFO">Clicking element 'xpath=//*[@id="__next"]/div[1]/div[2]/main/div/div[2]/div/div[1]/div/a'.</msg>
<status status="PASS" starttime="20231222 17:51:50.946" endtime="20231222 17:51:51.210"/>
</kw>
<kw name="Wait Until Page Contains" library="SeleniumLibrary">
<arg>Kru P' Beam</arg>
<doc>Waits until ``text`` appears on the current page.</doc>
<status status="PASS" starttime="20231222 17:51:51.210" endtime="20231222 17:51:51.320"/>
</kw>
<kw name="Sleep" library="BuiltIn">
<arg>0.2s</arg>
<doc>Pauses the test executed for the given time.</doc>
<msg timestamp="20231222 17:51:51.521" level="INFO">Slept 200 milliseconds</msg>
<status status="PASS" starttime="20231222 17:51:51.320" endtime="20231222 17:51:51.521"/>
</kw>
<status status="PASS" starttime="20231222 17:51:50.946" endtime="20231222 17:51:51.521"/>
</kw>
<kw name="Wait Until Page Contains" library="SeleniumLibrary">
<arg>Kru P' Beam</arg>
<arg>0.1s</arg>
<doc>Waits until ``text`` appears on the current page.</doc>
<status status="PASS" starttime="20231222 17:51:51.521" endtime="20231222 17:51:51.634"/>
</kw>
<kw name="Input Text" library="SeleniumLibrary">
<arg>${locator_firstname-adduser}</arg>
<arg>${firstname}</arg>
<doc>Types the given ``text`` into the text field identified by ``locator``.</doc>
<msg timestamp="20231222 17:51:51.634" level="INFO">Typing text '' into text field 'id=firstname'.</msg>
<status status="PASS" starttime="20231222 17:51:51.634" endtime="20231222 17:51:52.008"/>
</kw>
<kw name="Input Text" library="SeleniumLibrary">
<arg>${locator_lastname-adduser}</arg>
<arg>${lastname}</arg>
<doc>Types the given ``text`` into the text field identified by ``locator``.</doc>
<msg timestamp="20231222 17:51:52.011" level="INFO">Typing text 'อินขาน' into text field 'id=lastname'.</msg>
<status status="PASS" starttime="20231222 17:51:52.009" endtime="20231222 17:51:52.435"/>
</kw>
<kw name="Input Text" library="SeleniumLibrary">
<arg>${locator_email-adduser}</arg>
<arg>${email}</arg>
<doc>Types the given ``text`` into the text field identified by ``locator``.</doc>
<msg timestamp="20231222 17:51:52.436" level="INFO">Typing text 'Beam1234@gmail.com' into text field 'id=email'.</msg>
<status status="PASS" starttime="20231222 17:51:52.435" endtime="20231222 17:51:52.845"/>
</kw>
<kw name="Input Text" library="SeleniumLibrary">
<arg>${locator_password-adduser}</arg>
<arg>${password}</arg>
<doc>Types the given ``text`` into the text field identified by ``locator``.</doc>
<msg timestamp="20231222 17:51:52.846" level="INFO">Typing text '1234567890' into text field 'id=password'.</msg>
<status status="PASS" starttime="20231222 17:51:52.845" endtime="20231222 17:51:53.256"/>
</kw>
<kw name="Input Text" library="SeleniumLibrary">
<arg>${locator_phone-adduser}</arg>
<arg>${mobile}</arg>
<doc>Types the given ``text`` into the text field identified by ``locator``.</doc>
<msg timestamp="20231222 17:51:53.257" level="INFO">Typing text '08000000000' into text field 'id=mobile-phone'.</msg>
<status status="PASS" starttime="20231222 17:51:53.256" endtime="20231222 17:51:53.672"/>
</kw>
<if>
<branch type="IF" condition="&quot;${gender}&quot; != &quot;0&quot;">
<kw name="Select Radio Button" library="SeleniumLibrary">
<arg>${locator_gender-adduser}</arg>
<arg>${gender}</arg>
<doc>Sets the radio button group ``group_name`` to ``value``.</doc>
<msg timestamp="20231222 17:51:53.673" level="INFO">Selecting 'female' from radio button 'validation-basic-radio'.</msg>
<status status="PASS" starttime="20231222 17:51:53.673" endtime="20231222 17:51:54.038"/>
</kw>
<status status="PASS" starttime="20231222 17:51:53.672" endtime="20231222 17:51:54.038"/>
</branch>
<status status="PASS" starttime="20231222 17:51:53.672" endtime="20231222 17:51:54.039"/>
</if>
<if>
<branch type="IF" condition="${chkbox} == 1">
<kw name="Select Checkbox" library="SeleniumLibrary">
<arg>${locator_courseSQL-adduser}</arg>
<doc>Selects the checkbox identified by ``locator``.</doc>
<msg timestamp="20231222 17:51:54.039" level="INFO">Selecting checkbox 'name=courses.SQL'.</msg>
<status status="PASS" starttime="20231222 17:51:54.039" endtime="20231222 17:51:54.644"/>
</kw>
<status status="PASS" starttime="20231222 17:51:54.039" endtime="20231222 17:51:54.645"/>
</branch>
<branch type="ELSE IF" condition="${chkbox} == 2">
<kw name="Select Checkbox" library="SeleniumLibrary">
<arg>${locator_courseSQL-adduser}</arg>
<doc>Selects the checkbox identified by ``locator``.</doc>
<status status="NOT RUN" starttime="20231222 17:51:54.645" endtime="20231222 17:51:54.645"/>
</kw>
<kw name="Select Checkbox" library="SeleniumLibrary">
<arg>${locator_courseTestManual-adduser}</arg>
<doc>Selects the checkbox identified by ``locator``.</doc>
<status status="NOT RUN" starttime="20231222 17:51:54.645" endtime="20231222 17:51:54.645"/>
</kw>
<status status="NOT RUN" starttime="20231222 17:51:54.645" endtime="20231222 17:51:54.645"/>
</branch>
<branch type="ELSE IF" condition="${chkbox} == 3">
<kw name="Select Checkbox" library="SeleniumLibrary">
<arg>${locator_courseSQL-adduser}</arg>
<doc>Selects the checkbox identified by ``locator``.</doc>
<status status="NOT RUN" starttime="20231222 17:51:54.645" endtime="20231222 17:51:54.645"/>
</kw>
<kw name="Select Checkbox" library="SeleniumLibrary">
<arg>${locator_courseTestManual-adduser}</arg>
<doc>Selects the checkbox identified by ``locator``.</doc>
<status status="NOT RUN" starttime="20231222 17:51:54.645" endtime="20231222 17:51:54.645"/>
</kw>
<kw name="Select Checkbox" library="SeleniumLibrary">
<arg>${locator_courseAutomateTest-adduser}</arg>
<doc>Selects the checkbox identified by ``locator``.</doc>
<status status="NOT RUN" starttime="20231222 17:51:54.645" endtime="20231222 17:51:54.645"/>
</kw>
<status status="NOT RUN" starttime="20231222 17:51:54.645" endtime="20231222 17:51:54.645"/>
</branch>
<branch type="ELSE IF" condition="${chkbox} == 4">
<kw name="Select Checkbox" library="SeleniumLibrary">
<arg>${locator_courseSQL-adduser}</arg>
<doc>Selects the checkbox identified by ``locator``.</doc>
[...]
<status status="PASS" starttime="20231222 17:53:38.131" endtime="20231222 17:53:38.442"/>
</kw>
<status status="PASS" starttime="20231222 17:53:37.588" endtime="20231222 17:53:38.442"/>
</kw>
<status status="PASS" starttime="20231222 17:53:37.588" endtime="20231222 17:53:38.442"/>
</branch>
<status status="PASS" starttime="20231222 17:53:37.588" endtime="20231222 17:53:38.442"/>
</if>
<if>
<branch type="IF" condition="${role} == 1">
<kw name="Select List Role-adduser" library="HW3-KeywordV2">
<status status="NOT RUN" starttime="20231222 17:53:38.442" endtime="20231222 17:53:38.442"/>
</kw>
<status status="NOT RUN" starttime="20231222 17:53:38.442" endtime="20231222 17:53:38.442"/>
</branch>
<status status="PASS" starttime="20231222 17:53:38.442" endtime="20231222 17:53:38.442"/>
</if>
<if>
<branch type="IF" condition="${plan} == 1">
<kw name="Select List Plan-adduser" library="HW3-KeywordV2">
<kw name="Click Element" library="SeleniumLibrary">
<arg>${locator_select-plan-adduser}</arg>
<doc>Click the element identified by ``locator``.</doc>
<msg timestamp="20231222 17:53:38.443" level="INFO">Clicking element 'id=select-plan'.</msg>
<status status="PASS" starttime="20231222 17:53:38.442" endtime="20231222 17:53:38.870"/>
</kw>
<kw name="Wait Until Element Is Visible" library="SeleniumLibrary">
<arg>${locator_select-plan_list-adduser}</arg>
<doc>Waits until the element ``locator`` is visible.</doc>
<status status="PASS" starttime="20231222 17:53:38.870" endtime="20231222 17:53:39.099"/>
</kw>
<kw name="Click Element" library="SeleniumLibrary">
<arg>${locator_select-plan_list-adduser}</arg>
<doc>Click the element identified by ``locator``.</doc>
<msg timestamp="20231222 17:53:39.101" level="INFO">Clicking element 'xpath=//*[@id="menu-"]/div[3]/ul/li[1]'.</msg>
<status status="PASS" starttime="20231222 17:53:39.100" endtime="20231222 17:53:39.359"/>
</kw>
<status status="PASS" starttime="20231222 17:53:38.442" endtime="20231222 17:53:39.359"/>
</kw>
<status status="PASS" starttime="20231222 17:53:38.442" endtime="20231222 17:53:39.359"/>
</branch>
<status status="PASS" starttime="20231222 17:53:38.442" endtime="20231222 17:53:39.359"/>
</if>
<kw name="Click Element" library="SeleniumLibrary">
<arg>${locator_btn_signup-adduser}</arg>
<doc>Click the element identified by ``locator``.</doc>
<msg timestamp="20231222 17:53:39.360" level="INFO">Clicking element 'css=#__next &gt; div.layout-wrapper.css-uinsfl &gt; div.layout-content-wrapper.MuiBox-root.css-34b9xr &gt; main &gt; div &gt; div:nth-child(3) &gt; div &gt; div &gt; div &gt; form &gt; button'.</msg>
<status status="PASS" starttime="20231222 17:53:39.359" endtime="20231222 17:53:39.698"/>
</kw>
<kw name="Verify ErrorMsg" library="HW3-KeywordV2">
<arg>${locator}</arg>
<arg>${msg}</arg>
<kw name="Get Text" library="SeleniumLibrary">
<var>${txt}</var>
<arg>${locator}</arg>
<doc>Returns the text value of the element identified by ``locator``.</doc>
<msg timestamp="20231222 17:53:39.937" level="INFO">${txt} = This field is required</msg>
<status status="PASS" starttime="20231222 17:53:39.699" endtime="20231222 17:53:39.937"/>
</kw>
<kw name="Should Be Equal As Strings" library="BuiltIn">
<arg>${txt}</arg>
<arg>${msg}</arg>
<doc>Fails if objects are unequal after converting them to strings.</doc>
<status status="PASS" starttime="20231222 17:53:39.938" endtime="20231222 17:53:39.938"/>
</kw>
<status status="PASS" starttime="20231222 17:53:39.699" endtime="20231222 17:53:39.938"/>
</kw>
<kw name="Close Browser" library="SeleniumLibrary">
<doc>Closes the current browser.</doc>
<status status="PASS" starttime="20231222 17:53:39.938" endtime="20231222 17:53:40.105"/>
</kw>
<status status="PASS" starttime="20231222 17:53:27.632" endtime="20231222 17:53:40.105"/>
</kw>
<kw name="Input Data Add User Page - Fail" library="HW3-KeywordV2">
<arg>กนกนวล</arg>
<arg>อินขาล</arg>
<arg>Beam1234@gmail.com</arg>
<arg>1234567890</arg>
<arg>08000000000</arg>
<arg>female</arg>
<arg>1</arg>
<arg>1</arg>
<arg>1</arg>
<arg>0</arg>
<arg>${locator_PlanErrorMsg}</arg>
<arg>This field is required</arg>
<kw name="Login Page" library="HW3-KeywordV2">
<kw name="Open Web Browser" library="HW3-KeywordV2">
<kw name="Open Browser" library="SeleniumLibrary">
<arg>${url}</arg>
<arg>${browser}</arg>
<doc>Opens a new browser instance to the optional ``url``.</doc>
<msg timestamp="20231222 17:53:40.107" level="INFO">Opening browser 'chrome' to base url 'https://automate-test.stpb-digital.com/login/'.</msg>
<status status="PASS" starttime="20231222 17:53:40.106" endtime="20231222 17:53:43.571"/>
</kw>
<kw name="Maximize Browser Window" library="SeleniumLibrary">
<doc>Maximizes current browser window.</doc>
<status status="PASS" starttime="20231222 17:53:43.571" endtime="20231222 17:53:43.786"/>
</kw>
<kw name="Wait Until Element Is Visible" library="SeleniumLibrary">
<arg>${locator_user}</arg>
<doc>Waits until the element ``locator`` is visible.</doc>
<status status="PASS" starttime="20231222 17:53:43.786" endtime="20231222 17:53:44.019"/>
</kw>
<status status="PASS" starttime="20231222 17:53:40.106" endtime="20231222 17:53:44.020"/>
</kw>
<kw name="Input Text" library="SeleniumLibrary">
<arg>${locator_user}</arg>
<arg>user.test@krupbeam.com</arg>
<doc>Types the given ``text`` into the text field identified by ``locator``.</doc>
<msg timestamp="20231222 17:53:44.021" level="INFO">Typing text 'user.test@krupbeam.com' into text field 'id=email'.</msg>
<status status="PASS" starttime="20231222 17:53:44.020" endtime="20231222 17:53:44.515"/>
</kw>
<kw name="Input Text" library="SeleniumLibrary">
<arg>${locator_password}</arg>
<arg>123456789</arg>
<doc>Types the given ``text`` into the text field identified by ``locator``.</doc>
<msg timestamp="20231222 17:53:44.516" level="INFO">Typing text '123456789' into text field 'name=password'.</msg>
<status status="PASS" starttime="20231222 17:53:44.515" endtime="20231222 17:53:44.923"/>
</kw>
<kw name="Click Element" library="SeleniumLibrary">
<arg>${locator_btn-login}</arg>
<doc>Click the element identified by ``locator``.</doc>
<msg timestamp="20231222 17:53:44.924" level="INFO">Clicking element 'id=btn-login'.</msg>
<status status="PASS" starttime="20231222 17:53:44.923" endtime="20231222 17:53:45.205"/>
</kw>
<kw name="Wait Until Page Contains" library="SeleniumLibrary">
<arg>Search Filters</arg>
<doc>Waits until ``text`` appears on the current page.</doc>
<status status="PASS" starttime="20231222 17:53:45.205" endtime="20231222 17:53:46.004"/>
</kw>
<status status="PASS" starttime="20231222 17:53:40.106" endtime="20231222 17:53:46.004"/>
</kw>
<kw name="Click Button Add User" library="HW3-KeywordV2">
<kw name="Click Element" library="SeleniumLibrary">
<arg>${locator_btn-adduser}</arg>
<doc>Click the element identified by ``locator``.</doc>
<msg timestamp="20231222 17:53:46.004" level="INFO">Clicking element 'xpath=//*[@id="__next"]/div[1]/div[2]/main/div/div[2]/div/div[1]/div/a'.</msg>
<status status="PASS" starttime="20231222 17:53:46.004" endtime="20231222 17:53:46.269"/>
</kw>
<kw name="Wait Until Page Contains" library="SeleniumLibrary">
<arg>Kru P' Beam</arg>
<doc>Waits until ``text`` appears on the current page.</doc>
<status status="PASS" starttime="20231222 17:53:46.269" endtime="20231222 17:53:46.383"/>
</kw>
<kw name="Sleep" library="BuiltIn">
<arg>0.2s</arg>
<doc>Pauses the test executed for the given time.</doc>
<msg timestamp="20231222 17:53:46.586" level="INFO">Slept 200 milliseconds</msg>
<status status="PASS" starttime="20231222 17:53:46.383" endtime="20231222 17:53:46.586"/>
</kw>
<status status="PASS" starttime="20231222 17:53:46.004" endtime="20231222 17:53:46.586"/>
</kw>
<kw name="Wait Until Page Contains" library="SeleniumLibrary">
<arg>Kru P' Beam</arg>
<arg>0.1s</arg>
<doc>Waits until ``text`` appears on the current page.</doc>
<status status="PASS" starttime="20231222 17:53:46.587" endtime="20231222 17:53:46.706"/>
</kw>
<kw name="Input Text" library="SeleniumLibrary">
<arg>${locator_firstname-adduser}</arg>
<arg>${firstname}</arg>
<doc>Types the given ``text`` into the text field identified by ``locator``.</doc>
<msg timestamp="20231222 17:53:46.708" level="INFO">Typing text 'กนกนวล' into text field 'id=firstname'.</msg>
<status status="PASS" starttime="20231222 17:53:46.706" endtime="20231222 17:53:47.114"/>
</kw>
<kw name="Input Text" library="SeleniumLibrary">
<arg>${locator_lastname-adduser}</arg>
<arg>${lastname}</arg>
<doc>Types the given ``text`` into the text field identified by ``locator``.</doc>
<msg timestamp="20231222 17:53:47.115" level="INFO">Typing text 'อินขาล' into text field 'id=lastname'.</msg>
<status status="PASS" starttime="20231222 17:53:47.114" endtime="20231222 17:53:47.518"/>
</kw>
<kw name="Input Text" library="SeleniumLibrary">
<arg>${locator_email-adduser}</arg>
<arg>${email}</arg>
<doc>Types the given ``text`` into the text field identified by ``locator``.</doc>
<msg timestamp="20231222 17:53:47.518" level="INFO">Typing text 'Beam1234@gmail.com' into text field 'id=email'.</msg>
<status status="PASS" starttime="20231222 17:53:47.518" endtime="20231222 17:53:47.929"/>
</kw>
<kw name="Input Text" library="SeleniumLibrary">
<arg>${locator_password-adduser}</arg>
<arg>${password}</arg>
<doc>Types the given ``text`` into the text field identified by ``locator``.</doc>
<msg timestamp="20231222 17:53:47.929" level="INFO">Typing text '1234567890' into text field 'id=password'.</msg>
<status status="PASS" starttime="20231222 17:53:47.929" endtime="20231222 17:53:48.338"/>
</kw>
<kw name="Input Text" library="SeleniumLibrary">
<arg>${locator_phone-adduser}</arg>
<arg>${mobile}</arg>
<doc>Types the given ``text`` into the text field identified by ``locator``.</doc>
<msg timestamp="20231222 17:53:48.338" level="INFO">Typing text '08000000000' into text field 'id=mobile-phone'.</msg>
<status status="PASS" starttime="20231222 17:53:48.338" endtime="20231222 17:53:48.752"/>
</kw>
<if>
<branch type="IF" condition="&quot;${gender}&quot; != &quot;0&quot;">
<kw name="Select Radio Button" library="SeleniumLibrary">
<arg>${locator_gender-adduser}</arg>
<arg>${gender}</arg>
<doc>Sets the radio button group ``group_name`` to ``value``.</doc>
<msg timestamp="20231222 17:53:48.753" level="INFO">Selecting 'female' from radio button 'validation-basic-radio'.</msg>
<status status="PASS" starttime="20231222 17:53:48.753" endtime="20231222 17:53:49.117"/>
</kw>
<status status="PASS" starttime="20231222 17:53:48.752" endtime="20231222 17:53:49.118"/>
</branch>
<status status="PASS" starttime="20231222 17:53:48.752" endtime="20231222 17:53:49.118"/>
</if>
<if>
<branch type="IF" condition="${chkbox} == 1">
<kw name="Select Checkbox" library="SeleniumLibrary">
<arg>${locator_courseSQL-adduser}</arg>
<doc>Selects the checkbox identified by ``locator``.</doc>
<msg timestamp="20231222 17:53:49.119" level="INFO">Selecting checkbox 'name=courses.SQL'.</msg>
<status status="PASS" starttime="20231222 17:53:49.118" endtime="20231222 17:53:49.711"/>
</kw>
<status status="PASS" starttime="20231222 17:53:49.118" endtime="20231222 17:53:49.711"/>
</branch>
<branch type="ELSE IF" condition="${chkbox} == 2">
<kw name="Select Checkbox" library="SeleniumLibrary">
<arg>${locator_courseSQL-adduser}</arg>
<doc>Selects the checkbox identified by ``locator``.</doc>
<status status="NOT RUN" starttime="20231222 17:53:49.711" endtime="20231222 17:53:49.711"/>
</kw>
<kw name="Select Checkbox" library="SeleniumLibrary">
<arg>${locator_courseTestManual-adduser}</arg>
<doc>Selects the checkbox identified by ``locator``.</doc>
<status status="NOT RUN" starttime="20231222 17:53:49.711" endtime="20231222 17:53:49.711"/>
</kw>
<status status="NOT RUN" starttime="20231222 17:53:49.711" endtime="20231222 17:53:49.711"/>
</branch>
<branch type="ELSE IF" condition="${chkbox} == 3">
<kw name="Select Checkbox" library="SeleniumLibrary">
<arg>${locator_courseSQL-adduser}</arg>
<doc>Selects the checkbox identified by ``locator``.</doc>
<status status="NOT RUN" starttime="20231222 17:53:49.712" endtime="20231222 17:53:49.712"/>
</kw>
<kw name="Select Checkbox" library="SeleniumLibrary">
<arg>${locator_courseTestManual-adduser}</arg>
<doc>Selects the checkbox identified by ``locator``.</doc>
<status status="NOT RUN" starttime="20231222 17:53:49.712" endtime="20231222 17:53:49.712"/>
</kw>
<kw name="Select Checkbox" library="SeleniumLibrary">
<arg>${locator_courseAutomateTest-adduser}</arg>
<doc>Selects the checkbox identified by ``locator``.</doc>
<status status="NOT RUN" starttime="20231222 17:53:49.712" endtime="20231222 17:53:49.712"/>
</kw>
<status status="NOT RUN" starttime="20231222 17:53:49.711" endtime="20231222 17:53:49.712"/>
</branch>
<branch type="ELSE IF" condition="${chkbox} == 4">
<kw name="Select Checkbox" library="SeleniumLibrary">
<arg>${locator_courseSQL-adduser}</arg>
<doc>Selects the checkbox identified by ``locator``.</doc>
<status status="NOT RUN" starttime="20231222 17:53:49.712" endtime="20231222 17:53:49.712"/>
</kw>
<kw name="Select Checkbox" library="SeleniumLibrary">
<arg>${locator_courseTestManual-adduser}</arg>
<doc>Selects the checkbox identified by ``locator``.</doc>
<status status="NOT RUN" starttime="20231222 17:53:49.712" endtime="20231222 17:53:49.712"/>
</kw>
<kw name="Select Checkbox" library="SeleniumLibrary">
<arg>${locator_courseAutomateTest-adduser}</arg>
<doc>Selects the checkbox identified by ``locator``.</doc>
<status status="NOT RUN" starttime="20231222 17:53:49.712" endtime="20231222 17:53:49.712"/>
</kw>
<kw name="Select Checkbox" library="SeleniumLibrary">
<arg>${locator_courseAutomateTest2-adduser}</arg>
<doc>Selects the checkbox identified by ``locator``.</doc>
<status status="NOT RUN" starttime="20231222 17:53:49.712" endtime="20231222 17:53:49.712"/>
</kw>
<status status="NOT RUN" starttime="20231222 17:53:49.712" endtime="20231222 17:53:49.712"/>
</branch>
<status status="PASS" starttime="20231222 17:53:49.118" endtime="20231222 17:53:49.712"/>
</if>
<if>
<branch type="IF" condition="${nation} == 1">
<kw name="Select List Nationality-adduser" library="HW3-KeywordV2">
<kw name="Click Element" library="SeleniumLibrary">
<arg>${locator_select-nationality-adduser}</arg>
<doc>Click the element identified by ``locator``.</doc>
<msg timestamp="20231222 17:53:49.713" level="INFO">Clicking element 'id=nationality'.</msg>
<status status="PASS" starttime="20231222 17:53:49.713" endtime="20231222 17:53:50.026"/>
</kw>
<kw name="Wait Until Element Is Visible" library="SeleniumLibrary">
<arg>${locator_select-nationality_list-adduser}</arg>
<doc>Waits until the element ``locator`` is visible.</doc>
<status status="PASS" starttime="20231222 17:53:50.026" endtime="20231222 17:53:50.257"/>
</kw>
<kw name="Click Element" library="SeleniumLibrary">
<arg>${locator_select-nationality_list-adduser}</arg>
<doc>Click the element identified by ``locator``.</doc>
<msg timestamp="20231222 17:53:50.259" level="INFO">Clicking element 'xpath=//*[@id="menu-"]/div[3]/ul/li[221]'.</msg>
<status status="PASS" starttime="20231222 17:53:50.258" endtime="20231222 17:53:50.570"/>
</kw>
<status status="PASS" starttime="20231222 17:53:49.712" endtime="20231222 17:53:50.570"/>
</kw>
<status status="PASS" starttime="20231222 17:53:49.712" endtime="20231222 17:53:50.570"/>
</branch>
<status status="PASS" starttime="20231222 17:53:49.712" endtime="20231222 17:53:50.570"/>
</if>
<if>
<branch type="IF" condition="${role} == 1">
<kw name="Select List Role-adduser" library="HW3-KeywordV2">
<kw name="Click Element" library="SeleniumLibrary">
<arg>${locator_select-role-adduser}</arg>
<doc>Click the element identified by ``locator``.</doc>
<msg timestamp="20231222 17:53:50.571" level="INFO">Clicking element 'id=select-role'.</msg>
<status status="PASS" starttime="20231222 17:53:50.570" endtime="20231222 17:53:51.008"/>
</kw>
<kw name="Wait Until Element Is Visible" library="SeleniumLibrary">
<arg>${locator_select-role_list-adduser}</arg>
<doc>Waits until the element ``locator`` is visible.</doc>
<status status="PASS" starttime="20231222 17:53:51.008" endtime="20231222 17:53:51.239"/>
</kw>
<kw name="Click Element" library="SeleniumLibrary">
<arg>${locator_select-role_list-adduser}</arg>
<doc>Click the element identified by ``locator``.</doc>
<msg timestamp="20231222 17:53:51.240" level="INFO">Clicking element 'xpath=//*[@id="menu-"]/div[3]/ul/li[1]'.</msg>
<status status="PASS" starttime="20231222 17:53:51.239" endtime="20231222 17:53:51.503"/>
</kw>
<status status="PASS" starttime="20231222 17:53:50.570" endtime="20231222 17:53:51.503"/>
</kw>
<status status="PASS" starttime="20231222 17:53:50.570" endtime="20231222 17:53:51.503"/>
</branch>
<status status="PASS" starttime="20231222 17:53:50.570" endtime="20231222 17:53:51.503"/>
</if>
<if>
<branch type="IF" condition="${plan} == 1">
<kw name="Select List Plan-adduser" library="HW3-KeywordV2">
<status status="NOT RUN" starttime="20231222 17:53:51.504" endtime="20231222 17:53:51.504"/>
</kw>
<status status="NOT RUN" starttime="20231222 17:53:51.503" endtime="20231222 17:53:51.504"/>
</branch>
<status status="PASS" starttime="20231222 17:53:51.503" endtime="20231222 17:53:51.504"/>
</if>
<kw name="Click Element" library="SeleniumLibrary">
<arg>${locator_btn_signup-adduser}</arg>
<doc>Click the element identified by ``locator``.</doc>
<msg timestamp="20231222 17:53:51.505" level="INFO">Clicking element 'css=#__next &gt; div.layout-wrapper.css-uinsfl &gt; div.layout-content-wrapper.MuiBox-root.css-34b9xr &gt; main &gt; div &gt; div:nth-child(3) &gt; div &gt; div &gt; div &gt; form &gt; button'.</msg>
<status status="PASS" starttime="20231222 17:53:51.504" endtime="20231222 17:53:51.845"/>
</kw>
<kw name="Verify ErrorMsg" library="HW3-KeywordV2">
<arg>${locator}</arg>
<arg>${msg}</arg>
<kw name="Get Text" library="SeleniumLibrary">
<var>${txt}</var>
<arg>${locator}</arg>
<doc>Returns the text value of the element identified by ``locator``.</doc>
<msg timestamp="20231222 17:53:52.084" level="INFO">${txt} = This field is required</msg>
<status status="PASS" starttime="20231222 17:53:51.845" endtime="20231222 17:53:52.085"/>
</kw>
<kw name="Should Be Equal As Strings" library="BuiltIn">
<arg>${txt}</arg>
<arg>${msg}</arg>
<doc>Fails if objects are unequal after converting them to strings.</doc>
<status status="PASS" starttime="20231222 17:53:52.085" endtime="20231222 17:53:52.085"/>
</kw>
<status status="PASS" starttime="20231222 17:53:51.845" endtime="20231222 17:53:52.086"/>
</kw>
<kw name="Close Browser" library="SeleniumLibrary">
<doc>Closes the current browser.</doc>
<status status="PASS" starttime="20231222 17:53:52.086" endtime="20231222 17:53:52.249"/>
</kw>
<status status="PASS" starttime="20231222 17:53:40.105" endtime="20231222 17:53:52.249"/>
</kw>
<doc>ใช้สำหรับทดสอบการกรอกข้อมูลหน้า add user fail</doc>
<tag>add user fail</tag>
<status status="PASS" starttime="20231222 17:51:44.537" endtime="20231222 17:53:52.249"/>
</test>
<kw name="Close All Browsers" library="SeleniumLibrary" type="TEARDOWN">
<doc>Closes all open browsers and resets the browser cache.</doc>
<status status="PASS" starttime="20231222 17:53:52.251" endtime="20231222 17:53:52.742"/>
</kw>
<status status="PASS" starttime="20231222 17:50:27.657" endtime="20231222 17:53:52.742"/>
</suite>
<statistics>
<total>
<stat pass="8" fail="0" skip="0">All Tests</stat>
</total>
<tag>
<stat pass="1" fail="0" skip="0">Add User</stat>
<stat pass="1" fail="0" skip="0">add user fail</stat>
<stat pass="1" fail="0" skip="0">add user pass</stat>
<stat pass="1" fail="0" skip="0">Login</stat>
<stat pass="1" fail="0" skip="0">Logout</stat>
<stat pass="1" fail="0" skip="0">Next and Previous Page Data</stat>
<stat pass="1" fail="0" skip="0">Row per page</stat>
<stat pass="1" fail="0" skip="0">Search</stat>
</tag>
<suite>
<stat pass="8" fail="0" skip="0" id="s1" name="Hw3-V2">Hw3-V2</stat>
</suite>
</statistics>
<errors>
</errors>
</robot>
