<?xml version="1.0" encoding="UTF-8"?>
<robot generator="Robot 6.1.1 (Python 3.12.0 on darwin)" generated="20240116 14:39:21.221" rpa="false" schemaversion="4">
<suite id="s1" name="Automated" source="/Users/kimutar/Documents/Automated">
<suite id="s1-s1" name="HW3-V2" source="/Users/kimutar/Documents/Automated/HW3-V2.robot">
<kw name="Set Selenium Speed" library="SeleniumLibrary" type="SETUP">
<arg>0.1s</arg>
<doc>Sets the delay that is waited after each Selenium command.</doc>
<status status="PASS" starttime="20240116 14:39:21.358" endtime="20240116 14:39:21.358"/>
</kw>
<test id="s1-s1-t1" name="TC001 - Login Page" line="12">
<kw name="Login Page" library="HW3-KeywordV2">
<kw name="Open Web Browser" library="HW3-KeywordV2">
<kw name="Open Browser" library="SeleniumLibrary">
<arg>${url}</arg>
<arg>${browser}</arg>
<doc>Opens a new browser instance to the optional ``url``.</doc>
<msg timestamp="20240116 14:39:21.359" level="INFO">Opening browser 'chrome' to base url 'https://automate-test.stpb-digital.com/login/'.</msg>
<status status="PASS" starttime="20240116 14:39:21.359" endtime="20240116 14:39:30.222"/>
</kw>
<kw name="Maximize Browser Window" library="SeleniumLibrary">
<doc>Maximizes current browser window.</doc>
<status status="PASS" starttime="20240116 14:39:30.222" endtime="20240116 14:39:30.518"/>
</kw>
<kw name="Wait Until Element Is Visible" library="SeleniumLibrary">
<arg>${locator_user}</arg>
<doc>Waits until the element ``locator`` is visible.</doc>
<status status="PASS" starttime="20240116 14:39:30.518" endtime="20240116 14:39:30.752"/>
</kw>
<status status="PASS" starttime="20240116 14:39:21.359" endtime="20240116 14:39:30.753"/>
</kw>
<kw name="Input Text" library="SeleniumLibrary">
<arg>${locator_user}</arg>
<arg>user.test@krupbeam.com</arg>
<doc>Types the given ``text`` into the text field identified by ``locator``.</doc>
<msg timestamp="20240116 14:39:30.754" level="INFO">Typing text 'user.test@krupbeam.com' into text field 'id=email'.</msg>
<status status="PASS" starttime="20240116 14:39:30.753" endtime="20240116 14:39:31.246"/>
</kw>
<kw name="Input Text" library="SeleniumLibrary">
<arg>${locator_password}</arg>
<arg>123456789</arg>
<doc>Types the given ``text`` into the text field identified by ``locator``.</doc>
<msg timestamp="20240116 14:39:31.247" level="INFO">Typing text '123456789' into text field 'name=password'.</msg>
<status status="PASS" starttime="20240116 14:39:31.247" endtime="20240116 14:39:31.653"/>
</kw>
<kw name="Click Element" library="SeleniumLibrary">
<arg>${locator_btn-login}</arg>
<doc>Click the element identified by ``locator``.</doc>
<msg timestamp="20240116 14:39:31.655" level="INFO">Clicking element 'id=btn-login'.</msg>
<status status="PASS" starttime="20240116 14:39:31.654" endtime="20240116 14:39:31.936"/>
</kw>
<kw name="Wait Until Page Contains" library="SeleniumLibrary">
<arg>Search Filters</arg>
<doc>Waits until ``text`` appears on the current page.</doc>
<msg timestamp="20240116 14:39:32.256" level="WARN">Keyword 'Capture Page Screenshot' could not be run on failure: Message: no such window: target window already closed
from unknown error: web view not found
  (Session info: chrome=120.0.6099.216)
Stacktrace:
0   chromedriver                        0x0000000104e204cc chromedriver + 4162764
1   chromedriver                        0x0000000104e18654 chromedriver + 4130388
2   chromedriver                        0x0000000104a6fbc0 chromedriver + 293824
3   chromedriver                        0x0000000104a486c0 chromedriver + 132800
4   chromedriver                        0x0000000104ae125c chromedriver + 758364
5   chromedriver                        0x0000000104af5294 chromedriver + 840340
6   chromedriver                        0x0000000104aa96bc chromedriver + 530108
7   chromedriver                        0x0000000104aaa930 chromedriver + 534832
8   chromedriver                        0x0000000104de5df8 chromedriver + 3923448
9   chromedriver                        0x0000000104dea3cc chromedriver + 3941324
10  chromedriver                        0x0000000104dce028 chromedriver + 3825704
11  chromedriver                        0x0000000104deaf2c chromedriver + 3944236
12  chromedriver                        0x0000000104dc06e4 chromedriver + 3770084
13  chromedriver                        0x0000000104e07970 chromedriver + 4061552
14  chromedriver                        0x0000000104e07ae8 chromedriver + 4061928
15  chromedriver                        0x0000000104e182d4 chromedriver + 4129492
16  libsystem_pthread.dylib             0x00000001840c2034 _pthread_start + 136
17  libsystem_pthread.dylib             0x00000001840bce3c thread_start + 8
</msg>
<msg timestamp="20240116 14:39:32.261" level="FAIL">NoSuchWindowException: Message: no such window: target window already closed
from unknown error: web view not found
  (Session info: chrome=120.0.6099.216)
Stacktrace:
0   chromedriver                        0x0000000104e204cc chromedriver + 4162764
1   chromedriver                        0x0000000104e18654 chromedriver + 4130388
2   chromedriver                        0x0000000104a6fbc0 chromedriver + 293824
3   chromedriver                        0x0000000104a486c0 chromedriver + 132800
4   chromedriver                        0x0000000104ae125c chromedriver + 758364
5   chromedriver                        0x0000000104af5294 chromedriver + 840340
6   chromedriver                        0x0000000104aa96bc chromedriver + 530108
7   chromedriver                        0x0000000104aaa930 chromedriver + 534832
8   chromedriver                        0x0000000104de5df8 chromedriver + 3923448
9   chromedriver                        0x0000000104dea3cc chromedriver + 3941324
10  chromedriver                        0x0000000104dce028 chromedriver + 3825704
11  chromedriver                        0x0000000104deaf2c chromedriver + 3944236
12  chromedriver                        0x0000000104dc06e4 chromedriver + 3770084
13  chromedriver                        0x0000000104e07970 chromedriver + 4061552
14  chromedriver                        0x0000000104e07ae8 chromedriver + 4061928
15  chromedriver                        0x0000000104e182d4 chromedriver + 4129492
16  libsystem_pthread.dylib             0x00000001840c2034 _pthread_start + 136
17  libsystem_pthread.dylib             0x00000001840bce3c thread_start + 8
</msg>
<status status="FAIL" starttime="20240116 14:39:31.937" endtime="20240116 14:39:32.290"/>
</kw>
<status status="FAIL" starttime="20240116 14:39:21.358" endtime="20240116 14:39:32.290"/>
</kw>
<kw name="Close Browser" library="SeleniumLibrary">
<doc>Closes the current browser.</doc>
<status status="NOT RUN" starttime="20240116 14:39:32.290" endtime="20240116 14:39:32.290"/>
</kw>
<doc>การ login เข้าสู่ระบบ</doc>
<tag>Login</tag>
<status status="FAIL" starttime="20240116 14:39:21.358" endtime="20240116 14:39:32.290">NoSuchWindowException: Message: no such window: target window already closed
from unknown error: web view not found
  (Session info: chrome=120.0.6099.216)
Stacktrace:
0   chromedriver                        0x0000000104e204cc chromedriver + 4162764
1   chromedriver                        0x0000000104e18654 chromedriver + 4130388
2   chromedriver                        0x0000000104a6fbc0 chromedriver + 293824
3   chromedriver                        0x0000000104a486c0 chromedriver + 132800
4   chromedriver                        0x0000000104ae125c chromedriver + 758364
5   chromedriver                        0x0000000104af5294 chromedriver + 840340
6   chromedriver                        0x0000000104aa96bc chromedriver + 530108
7   chromedriver                        0x0000000104aaa930 chromedriver + 534832
8   chromedriver                        0x0000000104de5df8 chromedriver + 3923448
9   chromedriver                        0x0000000104dea3cc chromedriver + 3941324
10  chromedriver                        0x0000000104dce028 chromedriver + 3825704
11  chromedriver                        0x0000000104deaf2c chromedriver + 3944236
12  chromedriver                        0x0000000104dc06e4 chromedriver + 3770084
13  chromedriver                        0x0000000104e07970 chromedriver + 4061552
14  chromedriver                        0x0000000104e07ae8 chromedriver + 4061928
15  chromedriver                        0x0000000104e182d4 chromedriver + 4129492
16  libsystem_pthread.dylib             0x00000001840c2034 _pthread_start + 136
17  libsystem_pthread.dylib             0x00000001840bce3c thread_start + 8
</status>
</test>
<test id="s1-s1-t2" name="TC002 - Verify Search" line="20">
<kw name="Login Page" library="HW3-KeywordV2" type="SETUP">
<kw name="Open Web Browser" library="HW3-KeywordV2">
<kw name="Open Browser" library="SeleniumLibrary">
<arg>${url}</arg>
<arg>${browser}</arg>
<doc>Opens a new browser instance to the optional ``url``.</doc>
<msg timestamp="20240116 14:39:32.306" level="INFO">Opening browser 'chrome' to base url 'https://automate-test.stpb-digital.com/login/'.</msg>
<status status="PASS" starttime="20240116 14:39:32.306" endtime="20240116 14:39:35.940"/>
</kw>
<kw name="Maximize Browser Window" library="SeleniumLibrary">
<doc>Maximizes current browser window.</doc>
<msg timestamp="20240116 14:39:35.943" level="WARN">Keyword 'Capture Page Screenshot' could not be run on failure: Message: no such window: target window already closed
from unknown error: web view not found
  (Session info: chrome=120.0.6099.216)
Stacktrace:
0   chromedriver                        0x00000001029504cc chromedriver + 4162764
1   chromedriver                        0x0000000102948654 chromedriver + 4130388
2   chromedriver                        0x000000010259fbc0 chromedriver + 293824
3   chromedriver                        0x00000001025786c0 chromedriver + 132800
4   chromedriver                        0x000000010261125c chromedriver + 758364
5   chromedriver                        0x0000000102625294 chromedriver + 840340
6   chromedriver                        0x00000001025d96bc chromedriver + 530108
7   chromedriver                        0x00000001025da930 chromedriver + 534832
8   chromedriver                        0x0000000102915df8 chromedriver + 3923448
9   chromedriver                        0x000000010291a3cc chromedriver + 3941324
10  chromedriver                        0x00000001028fe028 chromedriver + 3825704
11  chromedriver                        0x000000010291af2c chromedriver + 3944236
12  chromedriver                        0x00000001028f06e4 chromedriver + 3770084
13  chromedriver                        0x0000000102937970 chromedriver + 4061552
14  chromedriver                        0x0000000102937ae8 chromedriver + 4061928
15  chromedriver                        0x00000001029482d4 chromedriver + 4129492
16  libsystem_pthread.dylib             0x00000001840c2034 _pthread_start + 136
17  libsystem_pthread.dylib             0x00000001840bce3c thread_start + 8
</msg>
<msg timestamp="20240116 14:39:35.944" level="FAIL">NoSuchWindowException: Message: no such window: target window already closed
from unknown error: web view not found
  (Session info: chrome=120.0.6099.216)
Stacktrace:
0   chromedriver                        0x00000001029504cc chromedriver + 4162764
1   chromedriver                        0x0000000102948654 chromedriver + 4130388
2   chromedriver                        0x000000010259fbc0 chromedriver + 293824
3   chromedriver                        0x00000001025786c0 chromedriver + 132800
4   chromedriver                        0x000000010261125c chromedriver + 758364
5   chromedriver                        0x0000000102625294 chromedriver + 840340
6   chromedriver                        0x00000001025d96bc chromedriver + 530108
7   chromedriver                        0x00000001025da930 chromedriver + 534832
8   chromedriver                        0x0000000102915df8 chromedriver + 3923448
9   chromedriver                        0x000000010291a3cc chromedriver + 3941324
10  chromedriver                        0x00000001028fe028 chromedriver + 3825704
11  chromedriver                        0x000000010291af2c chromedriver + 3944236
12  chromedriver                        0x00000001028f06e4 chromedriver + 3770084
13  chromedriver                        0x0000000102937970 chromedriver + 4061552
14  chromedriver                        0x0000000102937ae8 chromedriver + 4061928
15  chromedriver                        0x00000001029482d4 chromedriver + 4129492
16  libsystem_pthread.dylib             0x00000001840c2034 _pthread_start + 136
17  libsystem_pthread.dylib             0x00000001840bce3c thread_start + 8
</msg>
<status status="FAIL" starttime="20240116 14:39:35.941" endtime="20240116 14:39:35.947"/>
</kw>
<kw name="Wait Until Element Is Visible" library="SeleniumLibrary">
<arg>${locator_user}</arg>
<doc>Waits until the element ``locator`` is visible.</doc>
<status status="NOT RUN" starttime="20240116 14:39:35.948" endtime="20240116 14:39:35.948"/>
</kw>
<status status="FAIL" starttime="20240116 14:39:32.306" endtime="20240116 14:39:35.948"/>
</kw>
<kw name="Input Text" library="SeleniumLibrary">
<arg>${locator_user}</arg>
<arg>user.test@krupbeam.com</arg>
<doc>Types the given ``text`` into the text field identified by ``locator``.</doc>
<status status="NOT RUN" starttime="20240116 14:39:35.948" endtime="20240116 14:39:35.948"/>
</kw>
<kw name="Input Text" library="SeleniumLibrary">
<arg>${locator_password}</arg>
<arg>123456789</arg>
<doc>Types the given ``text`` into the text field identified by ``locator``.</doc>
<status status="NOT RUN" starttime="20240116 14:39:35.948" endtime="20240116 14:39:35.948"/>
</kw>
<kw name="Click Element" library="SeleniumLibrary">
<arg>${locator_btn-login}</arg>
<doc>Click the element identified by ``locator``.</doc>
<status status="NOT RUN" starttime="20240116 14:39:35.948" endtime="20240116 14:39:35.948"/>
</kw>
<kw name="Wait Until Page Contains" library="SeleniumLibrary">
<arg>Search Filters</arg>
<doc>Waits until ``text`` appears on the current page.</doc>
<status status="NOT RUN" starttime="20240116 14:39:35.948" endtime="20240116 14:39:35.948"/>
</kw>
<status status="FAIL" starttime="20240116 14:39:32.306" endtime="20240116 14:39:35.949"/>
</kw>
<doc>การทดสอบ Function Search</doc>
<tag>Search</tag>
<status status="FAIL" starttime="20240116 14:39:32.305" endtime="20240116 14:39:35.949">Setup failed:
NoSuchWindowException: Message: no such window: target window already closed
from unknown error: web view not found
  (Session info: chrome=120.0.6099.216)
Stacktrace:
0   chromedriver                        0x00000001029504cc chromedriver + 4162764
1   chromedriver                        0x0000000102948654 chromedriver + 4130388
2   chromedriver                        0x000000010259fbc0 chromedriver + 293824
3   chromedriver                        0x00000001025786c0 chromedriver + 132800
4   chromedriver                        0x000000010261125c chromedriver + 758364
5   chromedriver                        0x0000000102625294 chromedriver + 840340
6   chromedriver                        0x00000001025d96bc chromedriver + 530108
7   chromedriver                        0x00000001025da930 chromedriver + 534832
8   chromedriver                        0x0000000102915df8 chromedriver + 3923448
9   chromedriver                        0x000000010291a3cc chromedriver + 3941324
10  chromedriver                        0x00000001028fe028 chromedriver + 3825704
11  chromedriver                        0x000000010291af2c chromedriver + 3944236
12  chromedriver                        0x00000001028f06e4 chromedriver + 3770084
13  chromedriver                        0x0000000102937970 chromedriver + 4061552
14  chromedriver                        0x0000000102937ae8 chromedriver + 4061928
15  chromedriver                        0x00000001029482d4 chromedriver + 4129492
16  libsystem_pthread.dylib             0x00000001840c2034 _pthread_start + 136
17  libsystem_pthread.dylib             0x00000001840bce3c thread_start + 8
</status>
</test>
<test id="s1-s1-t3" name="TC003 - Test Show Row Per Page" line="33">
<kw name="Login Page" library="HW3-KeywordV2" type="SETUP">
<kw name="Open Web Browser" library="HW3-KeywordV2">
<kw name="Open Browser" library="SeleniumLibrary">
<arg>${url}</arg>
<arg>${browser}</arg>
<doc>Opens a new browser instance to the optional ``url``.</doc>
<msg timestamp="20240116 14:39:35.952" level="INFO">Opening browser 'chrome' to base url 'https://automate-test.stpb-digital.com/login/'.</msg>
<status status="PASS" starttime="20240116 14:39:35.951" endtime="20240116 14:39:39.322"/>
</kw>
<kw name="Maximize Browser Window" library="SeleniumLibrary">
<doc>Maximizes current browser window.</doc>
<status status="PASS" starttime="20240116 14:39:39.323" endtime="20240116 14:39:39.533"/>
</kw>
<kw name="Wait Until Element Is Visible" library="SeleniumLibrary">
<arg>${locator_user}</arg>
<doc>Waits until the element ``locator`` is visible.</doc>
<status status="PASS" starttime="20240116 14:39:39.534" endtime="20240116 14:39:39.766"/>
</kw>
<status status="PASS" starttime="20240116 14:39:35.951" endtime="20240116 14:39:39.767"/>
</kw>
<kw name="Input Text" library="SeleniumLibrary">
<arg>${locator_user}</arg>
<arg>user.test@krupbeam.com</arg>
<doc>Types the given ``text`` into the text field identified by ``locator``.</doc>
<msg timestamp="20240116 14:39:39.768" level="INFO">Typing text 'user.test@krupbeam.com' into text field 'id=email'.</msg>
<status status="PASS" starttime="20240116 14:39:39.767" endtime="20240116 14:39:40.310"/>
</kw>
<kw name="Input Text" library="SeleniumLibrary">
<arg>${locator_password}</arg>
<arg>123456789</arg>
<doc>Types the given ``text`` into the text field identified by ``locator``.</doc>
<msg timestamp="20240116 14:39:40.310" level="INFO">Typing text '123456789' into text field 'name=password'.</msg>
<status status="PASS" starttime="20240116 14:39:40.310" endtime="20240116 14:39:40.720"/>
</kw>
<kw name="Click Element" library="SeleniumLibrary">
<arg>${locator_btn-login}</arg>
<doc>Click the element identified by ``locator``.</doc>
<msg timestamp="20240116 14:39:40.721" level="INFO">Clicking element 'id=btn-login'.</msg>
<status status="PASS" starttime="20240116 14:39:40.720" endtime="20240116 14:39:40.999"/>
</kw>
<kw name="Wait Until Page Contains" library="SeleniumLibrary">
<arg>Search Filters</arg>
<doc>Waits until ``text`` appears on the current page.</doc>
<status status="PASS" starttime="20240116 14:39:40.999" endtime="20240116 14:39:41.758"/>
</kw>
<status status="PASS" starttime="20240116 14:39:35.951" endtime="20240116 14:39:41.758"/>
</kw>
<kw name="Verify Row Per page" library="HW3-KeywordV2">
<kw name="Click Element" library="SeleniumLibrary">
<arg>${locator_btn-search}</arg>
<doc>Click the element identified by ``locator``.</doc>
<msg timestamp="20240116 14:39:41.759" level="INFO">Clicking element 'id=btn-search'.</msg>
<status status="PASS" starttime="20240116 14:39:41.758" endtime="20240116 14:39:42.033"/>
</kw>
<kw name="Wait Until Element Is Visible" library="SeleniumLibrary">
<arg>${locator_showdata}</arg>
<doc>Waits until the element ``locator`` is visible.</doc>
<status status="PASS" starttime="20240116 14:39:42.033" endtime="20240116 14:39:42.258"/>
</kw>
<kw name="Sleep" library="BuiltIn">
<arg>1s</arg>
<doc>Pauses the test executed for the given time.</doc>
<msg timestamp="20240116 14:39:43.260" level="INFO">Slept 1 second</msg>
<status status="PASS" starttime="20240116 14:39:42.258" endtime="20240116 14:39:43.260"/>
</kw>
<kw name="Click Element" library="SeleniumLibrary">
<arg>${locator_rowpage}</arg>
<doc>Click the element identified by ``locator``.</doc>
<msg timestamp="20240116 14:39:43.262" level="INFO">Clicking element 'xpath=//*[@id=":r2:"]'.</msg>
<status status="PASS" starttime="20240116 14:39:43.261" endtime="20240116 14:39:43.524"/>
</kw>
<kw name="Sleep" library="BuiltIn">
<arg>1s</arg>
<doc>Pauses the test executed for the given time.</doc>
<msg timestamp="20240116 14:39:44.526" level="INFO">Slept 1 second</msg>
<status status="PASS" starttime="20240116 14:39:43.524" endtime="20240116 14:39:44.527"/>
</kw>
<kw name="Click Element" library="SeleniumLibrary">
<arg>${locator_rowpagenumber}</arg>
<doc>Click the element identified by ``locator``.</doc>
<msg timestamp="20240116 14:39:44.529" level="INFO">Clicking element 'xpath=//*[@id="menu-"]/div[3]/ul/li[2]'.</msg>
<msg timestamp="20240116 14:39:44.533" level="WARN">Keyword 'Capture Page Screenshot' could not be run on failure: Message: no such window: target window already closed
from unknown error: web view not found
  (Session info: chrome=120.0.6099.216)
Stacktrace:
0   chromedriver                        0x0000000100e244cc chromedriver + 4162764
1   chromedriver                        0x0000000100e1c654 chromedriver + 4130388
2   chromedriver                        0x0000000100a73bc0 chromedriver + 293824
3   chromedriver                        0x0000000100a4c6c0 chromedriver + 132800
4   chromedriver                        0x0000000100ae525c chromedriver + 758364
5   chromedriver                        0x0000000100af9294 chromedriver + 840340
6   chromedriver                        0x0000000100aad6bc chromedriver + 530108
7   chromedriver                        0x0000000100aae930 chromedriver + 534832
8   chromedriver                        0x0000000100de9df8 chromedriver + 3923448
9   chromedriver                        0x0000000100dee3cc chromedriver + 3941324
10  chromedriver                        0x0000000100dd2028 chromedriver + 3825704
11  chromedriver                        0x0000000100deef2c chromedriver + 3944236
12  chromedriver                        0x0000000100dc46e4 chromedriver + 3770084
13  chromedriver                        0x0000000100e0b970 chromedriver + 4061552
14  chromedriver                        0x0000000100e0bae8 chromedriver + 4061928
15  chromedriver                        0x0000000100e1c2d4 chromedriver + 4129492
16  libsystem_pthread.dylib             0x00000001840c2034 _pthread_start + 136
17  libsystem_pthread.dylib             0x00000001840bce3c thread_start + 8
</msg>
<msg timestamp="20240116 14:39:44.535" level="FAIL">NoSuchWindowException: Message: no such window: target window already closed
from unknown error: web view not found
  (Session info: chrome=120.0.6099.216)
Stacktrace:
0   chromedriver                        0x0000000100e244cc chromedriver + 4162764
1   chromedriver                        0x0000000100e1c654 chromedriver + 4130388
2   chromedriver                        0x0000000100a73bc0 chromedriver + 293824
3   chromedriver                        0x0000000100a4c6c0 chromedriver + 132800
4   chromedriver                        0x0000000100ae525c chromedriver + 758364
5   chromedriver                        0x0000000100af9294 chromedriver + 840340
6   chromedriver                        0x0000000100aad6bc chromedriver + 530108
7   chromedriver                        0x0000000100aae930 chromedriver + 534832
8   chromedriver                        0x0000000100de9df8 chromedriver + 3923448
9   chromedriver                        0x0000000100dee3cc chromedriver + 3941324
10  chromedriver                        0x0000000100dd2028 chromedriver + 3825704
11  chromedriver                        0x0000000100deef2c chromedriver + 3944236
12  chromedriver                        0x0000000100dc46e4 chromedriver + 3770084
13  chromedriver                        0x0000000100e0b970 chromedriver + 4061552
14  chromedriver                        0x0000000100e0bae8 chromedriver + 4061928
15  chromedriver                        0x0000000100e1c2d4 chromedriver + 4129492
16  libsystem_pthread.dylib             0x00000001840c2034 _pthread_start + 136
17  libsystem_pthread.dylib             0x00000001840bce3c thread_start + 8
</msg>
<status status="FAIL" starttime="20240116 14:39:44.527" endtime="20240116 14:39:44.539"/>
</kw>
<kw name="Sleep" library="BuiltIn">
<arg>1s</arg>
<doc>Pauses the test executed for the given time.</doc>
<status status="NOT RUN" starttime="20240116 14:39:44.539" endtime="20240116 14:39:44.539"/>
</kw>
<kw name="Get Text" library="SeleniumLibrary">
<var>${txt}</var>
<arg>${locator_numofdata}</arg>
<doc>Returns the text value of the element identified by ``locator``.</doc>
<status status="NOT RUN" starttime="20240116 14:39:44.539" endtime="20240116 14:39:44.539"/>
</kw>
<kw name="Should Be Equal As Strings" library="BuiltIn">
<arg>${txt}</arg>
<arg>1–25 of 53</arg>
<doc>Fails if objects are unequal after converting them to strings.</doc>
<status status="NOT RUN" starttime="20240116 14:39:44.540" endtime="20240116 14:39:44.540"/>
</kw>
<status status="FAIL" starttime="20240116 14:39:41.758" endtime="20240116 14:39:44.540"/>
</kw>
<doc>ทดสอบผลการแสดงผลจำนวนของข้อมูล ในการเลือกแสดงแบบ 25 ข้อมูล</doc>
<tag>Row per page</tag>
<status status="FAIL" starttime="20240116 14:39:35.950" endtime="20240116 14:39:44.541">NoSuchWindowException: Message: no such window: target window already closed
from unknown error: web view not found
  (Session info: chrome=120.0.6099.216)
Stacktrace:
0   chromedriver                        0x0000000100e244cc chromedriver + 4162764
1   chromedriver                        0x0000000100e1c654 chromedriver + 4130388
2   chromedriver                        0x0000000100a73bc0 chromedriver + 293824
3   chromedriver                        0x0000000100a4c6c0 chromedriver + 132800
4   chromedriver                        0x0000000100ae525c chromedriver + 758364
5   chromedriver                        0x0000000100af9294 chromedriver + 840340
6   chromedriver                        0x0000000100aad6bc chromedriver + 530108
7   chromedriver                        0x0000000100aae930 chromedriver + 534832
8   chromedriver                        0x0000000100de9df8 chromedriver + 3923448
9   chromedriver                        0x0000000100dee3cc chromedriver + 3941324
10  chromedriver                        0x0000000100dd2028 chromedriver + 3825704
11  chromedriver                        0x0000000100deef2c chromedriver + 3944236
12  chromedriver                        0x0000000100dc46e4 chromedriver + 3770084
13  chromedriver                        0x0000000100e0b970 chromedriver + 4061552
14  chromedriver                        0x0000000100e0bae8 chromedriver + 4061928
15  chromedriver                        0x0000000100e1c2d4 chromedriver + 4129492
16  libsystem_pthread.dylib             0x00000001840c2034 _pthread_start + 136
17  libsystem_pthread.dylib             0x00000001840bce3c thread_start + 8
</status>
</test>
<test id="s1-s1-t4" name="TC004 - Test Next and Previous Page Data" line="39">
<kw name="Login Page" library="HW3-KeywordV2" type="SETUP">
<kw name="Open Web Browser" library="HW3-KeywordV2">
<kw name="Open Browser" library="SeleniumLibrary">
<arg>${url}</arg>
<arg>${browser}</arg>
<doc>Opens a new browser instance to the optional ``url``.</doc>
<msg timestamp="20240116 14:39:44.545" level="INFO">Opening browser 'chrome' to base url 'https://automate-test.stpb-digital.com/login/'.</msg>
<status status="PASS" starttime="20240116 14:39:44.544" endtime="20240116 14:39:50.251"/>
</kw>
<kw name="Maximize Browser Window" library="SeleniumLibrary">
<doc>Maximizes current browser window.</doc>
<status status="PASS" starttime="20240116 14:39:50.251" endtime="20240116 14:39:50.496"/>
</kw>
<kw name="Wait Until Element Is Visible" library="SeleniumLibrary">
<arg>${locator_user}</arg>
<doc>Waits until the element ``locator`` is visible.</doc>
<status status="PASS" starttime="20240116 14:39:50.496" endtime="20240116 14:39:50.723"/>
</kw>
<status status="PASS" starttime="20240116 14:39:44.543" endtime="20240116 14:39:50.723"/>
</kw>
<kw name="Input Text" library="SeleniumLibrary">
<arg>${locator_user}</arg>
<arg>user.test@krupbeam.com</arg>
<doc>Types the given ``text`` into the text field identified by ``locator``.</doc>
<msg timestamp="20240116 14:39:50.724" level="INFO">Typing text 'user.test@krupbeam.com' into text field 'id=email'.</msg>
<status status="PASS" starttime="20240116 14:39:50.723" endtime="20240116 14:39:51.197"/>
</kw>
<kw name="Input Text" library="SeleniumLibrary">
<arg>${locator_password}</arg>
<arg>123456789</arg>
<doc>Types the given ``text`` into the text field identified by ``locator``.</doc>
<msg timestamp="20240116 14:39:51.197" level="INFO">Typing text '123456789' into text field 'name=password'.</msg>
<status status="PASS" starttime="20240116 14:39:51.197" endtime="20240116 14:39:51.585"/>
</kw>
<kw name="Click Element" library="SeleniumLibrary">
<arg>${locator_btn-login}</arg>
<doc>Click the element identified by ``locator``.</doc>
<msg timestamp="20240116 14:39:51.586" level="INFO">Clicking element 'id=btn-login'.</msg>
<status status="PASS" starttime="20240116 14:39:51.585" endtime="20240116 14:39:51.858"/>
</kw>
<kw name="Wait Until Page Contains" library="SeleniumLibrary">
<arg>Search Filters</arg>
<doc>Waits until ``text`` appears on the current page.</doc>
<status status="PASS" starttime="20240116 14:39:51.858" endtime="20240116 14:39:52.943"/>
</kw>
<status status="PASS" starttime="20240116 14:39:44.543" endtime="20240116 14:39:52.943"/>
</kw>
<kw name="Verify Next and Previous Page Data" library="HW3-KeywordV2">
<kw name="Click Element" library="SeleniumLibrary">
<arg>${locator_btn-search}</arg>
<doc>Click the element identified by ``locator``.</doc>
<msg timestamp="20240116 14:39:52.944" level="INFO">Clicking element 'id=btn-search'.</msg>
<status status="PASS" starttime="20240116 14:39:52.944" endtime="20240116 14:39:53.224"/>
</kw>
<kw name="Wait Until Element Is Visible" library="SeleniumLibrary">
<arg>${locator_showdata}</arg>
<doc>Waits until the element ``locator`` is visible.</doc>
<status status="PASS" starttime="20240116 14:39:53.224" endtime="20240116 14:39:53.446"/>
</kw>
<kw name="Sleep" library="BuiltIn">
<arg>1s</arg>
<doc>Pauses the test executed for the given time.</doc>
<msg timestamp="20240116 14:39:54.448" level="INFO">Slept 1 second</msg>
<status status="PASS" starttime="20240116 14:39:53.447" endtime="20240116 14:39:54.448"/>
</kw>
<kw name="Click Element" library="SeleniumLibrary">
<arg>${locator_forwardpage}</arg>
<doc>Click the element identified by ``locator``.</doc>
<msg timestamp="20240116 14:39:54.450" level="INFO">Clicking element 'css=#__next &gt; div.layout-wrapper.css-uinsfl &gt; div.layout-content-wrapper.MuiBox-root.css-34b9xr &gt; main &gt; div &gt; div:nth-child(2) &gt; div &gt; div.MuiDataGrid-root.MuiDataGrid-autoHeight.css-rx2f15 &gt; div:nth-child(3) &gt; div &gt; div.MuiTablePagination-root.css-u1jk8u &gt; div &gt; div.MuiTablePagination-actions &gt; button:nth-child(2) &gt; svg'.</msg>
<status status="PASS" starttime="20240116 14:39:54.449" endtime="20240116 14:39:54.753"/>
</kw>
<kw name="Get Text" library="SeleniumLibrary">
<var>${txt}</var>
<arg>${locator_numofdata}</arg>
<doc>Returns the text value of the element identified by ``locator``.</doc>
<msg timestamp="20240116 14:39:54.980" level="INFO">${txt} = 11–20 of 53</msg>
<status status="PASS" starttime="20240116 14:39:54.753" endtime="20240116 14:39:54.980"/>
</kw>
<kw name="Should Be Equal As Strings" library="BuiltIn">
<arg>${txt}</arg>
<arg>11–20 of 53</arg>
<doc>Fails if objects are unequal after converting them to strings.</doc>
<status status="PASS" starttime="20240116 14:39:54.980" endtime="20240116 14:39:54.981"/>
</kw>
<kw name="Sleep" library="BuiltIn">
<arg>1s</arg>
<doc>Pauses the test executed for the given time.</doc>
<msg timestamp="20240116 14:39:55.982" level="INFO">Slept 1 second</msg>
<status status="PASS" starttime="20240116 14:39:54.981" endtime="20240116 14:39:55.982"/>
</kw>
<kw name="Click Element" library="SeleniumLibrary">
<arg>${locator_backwardpage}</arg>
<doc>Click the element identified by ``locator``.</doc>
<msg timestamp="20240116 14:39:55.983" level="INFO">Clicking element 'css=#__next &gt; div.layout-wrapper.css-uinsfl &gt; div.layout-content-wrapper.MuiBox-root.css-34b9xr &gt; main &gt; div &gt; div:nth-child(2) &gt; div &gt; div.MuiDataGrid-root.MuiDataGrid-autoHeight.css-rx2f15 &gt; div:nth-child(3) &gt; div &gt; div.MuiTablePagination-root.css-u1jk8u &gt; div &gt; div.MuiTablePagination-actions &gt; button:nth-child(1) &gt; svg'.</msg>
<status status="PASS" starttime="20240116 14:39:55.982" endtime="20240116 14:39:56.251"/>
</kw>
<kw name="Get Text" library="SeleniumLibrary">
<var>${txt2}</var>
<arg>${locator_numofdata}</arg>
<doc>Returns the text value of the element identified by ``locator``.</doc>
<msg timestamp="20240116 14:39:56.481" level="INFO">${txt2} = 1–10 of 53</msg>
<status status="PASS" starttime="20240116 14:39:56.252" endtime="20240116 14:39:56.481"/>
</kw>
<kw name="Should Be Equal As Strings" library="BuiltIn">
<arg>${txt2}</arg>
<arg>1–10 of 53</arg>
<doc>Fails if objects are unequal after converting them to strings.</doc>
<status status="PASS" starttime="20240116 14:39:56.482" endtime="20240116 14:39:56.483"/>
</kw>
<status status="PASS" starttime="20240116 14:39:52.943" endtime="20240116 14:39:56.483"/>
</kw>
<doc>ทดสอบการกดปุ่ม Next Page Data และ Previous</doc>
<tag>Next and Previous Page Data</tag>
<status status="PASS" starttime="20240116 14:39:44.542" endtime="20240116 14:39:56.484"/>
</test>
<test id="s1-s1-t5" name="TC005 - Click Button Add User" line="45">
<kw name="Login Page" library="HW3-KeywordV2" type="SETUP">
<kw name="Open Web Browser" library="HW3-KeywordV2">
<kw name="Open Browser" library="SeleniumLibrary">
<arg>${url}</arg>
<arg>${browser}</arg>
<doc>Opens a new browser instance to the optional ``url``.</doc>
<msg timestamp="20240116 14:39:56.490" level="INFO">Opening browser 'chrome' to base url 'https://automate-test.stpb-digital.com/login/'.</msg>
<status status="PASS" starttime="20240116 14:39:56.489" endtime="20240116 14:39:59.601"/>
</kw>
<kw name="Maximize Browser Window" library="SeleniumLibrary">
<doc>Maximizes current browser window.</doc>
<msg timestamp="20240116 14:39:59.605" level="WARN">Keyword 'Capture Page Screenshot' could not be run on failure: Message: no such window: target window already closed
from unknown error: web view not found
  (Session info: chrome=120.0.6099.216)
Stacktrace:
0   chromedriver                        0x00000001050244cc chromedriver + 4162764
1   chromedriver                        0x000000010501c654 chromedriver + 4130388
2   chromedriver                        0x0000000104c73bc0 chromedriver + 293824
3   chromedriver                        0x0000000104c4c6c0 chromedriver + 132800
4   chromedriver                        0x0000000104ce525c chromedriver + 758364
5   chromedriver                        0x0000000104cf9294 chromedriver + 840340
6   chromedriver                        0x0000000104cad6bc chromedriver + 530108
7   chromedriver                        0x0000000104cae930 chromedriver + 534832
8   chromedriver                        0x0000000104fe9df8 chromedriver + 3923448
9   chromedriver                        0x0000000104fee3cc chromedriver + 3941324
10  chromedriver                        0x0000000104fd2028 chromedriver + 3825704
11  chromedriver                        0x0000000104feef2c chromedriver + 3944236
12  chromedriver                        0x0000000104fc46e4 chromedriver + 3770084
13  chromedriver                        0x000000010500b970 chromedriver + 4061552
14  chromedriver                        0x000000010500bae8 chromedriver + 4061928
15  chromedriver                        0x000000010501c2d4 chromedriver + 4129492
16  libsystem_pthread.dylib             0x00000001840c2034 _pthread_start + 136
17  libsystem_pthread.dylib             0x00000001840bce3c thread_start + 8
</msg>
<msg timestamp="20240116 14:39:59.607" level="FAIL">NoSuchWindowException: Message: no such window: target window already closed
from unknown error: web view not found
  (Session info: chrome=120.0.6099.216)
Stacktrace:
0   chromedriver                        0x00000001050244cc chromedriver + 4162764
1   chromedriver                        0x000000010501c654 chromedriver + 4130388
2   chromedriver                        0x0000000104c73bc0 chromedriver + 293824
3   chromedriver                        0x0000000104c4c6c0 chromedriver + 132800
4   chromedriver                        0x0000000104ce525c chromedriver + 758364
5   chromedriver                        0x0000000104cf9294 chromedriver + 840340
6   chromedriver                        0x0000000104cad6bc chromedriver + 530108
7   chromedriver                        0x0000000104cae930 chromedriver + 534832
8   chromedriver                        0x0000000104fe9df8 chromedriver + 3923448
9   chromedriver                        0x0000000104fee3cc chromedriver + 3941324
10  chromedriver                        0x0000000104fd2028 chromedriver + 3825704
11  chromedriver                        0x0000000104feef2c chromedriver + 3944236
12  chromedriver                        0x0000000104fc46e4 chromedriver + 3770084
13  chromedriver                        0x000000010500b970 chromedriver + 4061552
14  chromedriver                        0x000000010500bae8 chromedriver + 4061928
15  chromedriver                        0x000000010501c2d4 chromedriver + 4129492
16  libsystem_pthread.dylib             0x00000001840c2034 _pthread_start + 136
17  libsystem_pthread.dylib             0x00000001840bce3c thread_start + 8
</msg>
<status status="FAIL" starttime="20240116 14:39:59.602" endtime="20240116 14:39:59.608"/>
</kw>
<kw name="Wait Until Element Is Visible" library="SeleniumLibrary">
<arg>${locator_user}</arg>
<doc>Waits until the element ``locator`` is visible.</doc>
<status status="NOT RUN" starttime="20240116 14:39:59.608" endtime="20240116 14:39:59.608"/>
</kw>
<status status="FAIL" starttime="20240116 14:39:56.488" endtime="20240116 14:39:59.608"/>
</kw>
<kw name="Input Text" library="SeleniumLibrary">
<arg>${locator_user}</arg>
<arg>user.test@krupbeam.com</arg>
<doc>Types the given ``text`` into the text field identified by ``locator``.</doc>
<status status="NOT RUN" starttime="20240116 14:39:59.609" endtime="20240116 14:39:59.609"/>
</kw>
<kw name="Input Text" library="SeleniumLibrary">
<arg>${locator_password}</arg>
<arg>123456789</arg>
<doc>Types the given ``text`` into the text field identified by ``locator``.</doc>
<status status="NOT RUN" starttime="20240116 14:39:59.609" endtime="20240116 14:39:59.609"/>
</kw>
<kw name="Click Element" library="SeleniumLibrary">
<arg>${locator_btn-login}</arg>
<doc>Click the element identified by ``locator``.</doc>
<status status="NOT RUN" starttime="20240116 14:39:59.609" endtime="20240116 14:39:59.609"/>
</kw>
<kw name="Wait Until Page Contains" library="SeleniumLibrary">
<arg>Search Filters</arg>
<doc>Waits until ``text`` appears on the current page.</doc>
<status status="NOT RUN" starttime="20240116 14:39:59.609" endtime="20240116 14:39:59.609"/>
</kw>
<status status="FAIL" starttime="20240116 14:39:56.488" endtime="20240116 14:39:59.609"/>
</kw>
<doc>ทดสอบการกดปุ่ม Add User</doc>
<tag>Add User</tag>
<status status="FAIL" starttime="20240116 14:39:56.485" endtime="20240116 14:39:59.610">Setup failed:
NoSuchWindowException: Message: no such window: target window already closed
from unknown error: web view not found
  (Session info: chrome=120.0.6099.216)
Stacktrace:
0   chromedriver                        0x00000001050244cc chromedriver + 4162764
1   chromedriver                        0x000000010501c654 chromedriver + 4130388
2   chromedriver                        0x0000000104c73bc0 chromedriver + 293824
3   chromedriver                        0x0000000104c4c6c0 chromedriver + 132800
4   chromedriver                        0x0000000104ce525c chromedriver + 758364
5   chromedriver                        0x0000000104cf9294 chromedriver + 840340
6   chromedriver                        0x0000000104cad6bc chromedriver + 530108
7   chromedriver                        0x0000000104cae930 chromedriver + 534832
8   chromedriver                        0x0000000104fe9df8 chromedriver + 3923448
9   chromedriver                        0x0000000104fee3cc chromedriver + 3941324
10  chromedriver                        0x0000000104fd2028 chromedriver + 3825704
11  chromedriver                        0x0000000104feef2c chromedriver + 3944236
12  chromedriver                        0x0000000104fc46e4 chromedriver + 3770084
13  chromedriver                        0x000000010500b970 chromedriver + 4061552
14  chromedriver                        0x000000010500bae8 chromedriver + 4061928
15  chromedriver                        0x000000010501c2d4 chromedriver + 4129492
16  libsystem_pthread.dylib             0x00000001840c2034 _pthread_start + 136
17  libsystem_pthread.dylib             0x00000001840bce3c thread_start + 8
</status>
</test>
<test id="s1-s1-t6" name="TC006 - Logout" line="53">
<kw name="Login Page" library="HW3-KeywordV2" type="SETUP">
<kw name="Open Web Browser" library="HW3-KeywordV2">
<kw name="Open Browser" library="SeleniumLibrary">
<arg>${url}</arg>
<arg>${browser}</arg>
<doc>Opens a new browser instance to the optional ``url``.</doc>
<msg timestamp="20240116 14:39:59.612" level="INFO">Opening browser 'chrome' to base url 'https://automate-test.stpb-digital.com/login/'.</msg>
<status status="PASS" starttime="20240116 14:39:59.611" endtime="20240116 14:40:01.894"/>
</kw>
<kw name="Maximize Browser Window" library="SeleniumLibrary">
<doc>Maximizes current browser window.</doc>
<msg timestamp="20240116 14:40:01.896" level="WARN">Keyword 'Capture Page Screenshot' could not be run on failure: Message: no such window: target window already closed
from unknown error: web view not found
  (Session info: chrome=120.0.6099.216)
Stacktrace:
0   chromedriver                        0x00000001046b04cc chromedriver + 4162764
1   chromedriver                        0x00000001046a8654 chromedriver + 4130388
2   chromedriver                        0x00000001042ffbc0 chromedriver + 293824
3   chromedriver                        0x00000001042d86c0 chromedriver + 132800
4   chromedriver                        0x000000010437125c chromedriver + 758364
5   chromedriver                        0x0000000104385294 chromedriver + 840340
6   chromedriver                        0x00000001043396bc chromedriver + 530108
7   chromedriver                        0x000000010433a930 chromedriver + 534832
8   chromedriver                        0x0000000104675df8 chromedriver + 3923448
9   chromedriver                        0x000000010467a3cc chromedriver + 3941324
10  chromedriver                        0x000000010465e028 chromedriver + 3825704
11  chromedriver                        0x000000010467af2c chromedriver + 3944236
12  chromedriver                        0x00000001046506e4 chromedriver + 3770084
13  chromedriver                        0x0000000104697970 chromedriver + 4061552
14  chromedriver                        0x0000000104697ae8 chromedriver + 4061928
15  chromedriver                        0x00000001046a82d4 chromedriver + 4129492
16  libsystem_pthread.dylib             0x00000001840c2034 _pthread_start + 136
17  libsystem_pthread.dylib             0x00000001840bce3c thread_start + 8
</msg>
<msg timestamp="20240116 14:40:01.898" level="FAIL">NoSuchWindowException: Message: no such window: target window already closed
from unknown error: web view not found
  (Session info: chrome=120.0.6099.216)
Stacktrace:
0   chromedriver                        0x00000001046b04cc chromedriver + 4162764
1   chromedriver                        0x00000001046a8654 chromedriver + 4130388
2   chromedriver                        0x00000001042ffbc0 chromedriver + 293824
3   chromedriver                        0x00000001042d86c0 chromedriver + 132800
4   chromedriver                        0x000000010437125c chromedriver + 758364
5   chromedriver                        0x0000000104385294 chromedriver + 840340
6   chromedriver                        0x00000001043396bc chromedriver + 530108
7   chromedriver                        0x000000010433a930 chromedriver + 534832
8   chromedriver                        0x0000000104675df8 chromedriver + 3923448
9   chromedriver                        0x000000010467a3cc chromedriver + 3941324
10  chromedriver                        0x000000010465e028 chromedriver + 3825704
11  chromedriver                        0x000000010467af2c chromedriver + 3944236
12  chromedriver                        0x00000001046506e4 chromedriver + 3770084
13  chromedriver                        0x0000000104697970 chromedriver + 4061552
14  chromedriver                        0x0000000104697ae8 chromedriver + 4061928
15  chromedriver                        0x00000001046a82d4 chromedriver + 4129492
16  libsystem_pthread.dylib             0x00000001840c2034 _pthread_start + 136
17  libsystem_pthread.dylib             0x00000001840bce3c thread_start + 8
</msg>
<status status="FAIL" starttime="20240116 14:40:01.894" endtime="20240116 14:40:01.899"/>
</kw>
<kw name="Wait Until Element Is Visible" library="SeleniumLibrary">
<arg>${locator_user}</arg>
<doc>Waits until the element ``locator`` is visible.</doc>
<status status="NOT RUN" starttime="20240116 14:40:01.899" endtime="20240116 14:40:01.899"/>
</kw>
<status status="FAIL" starttime="20240116 14:39:59.611" endtime="20240116 14:40:01.899"/>
</kw>
<kw name="Input Text" library="SeleniumLibrary">
<arg>${locator_user}</arg>
<arg>user.test@krupbeam.com</arg>
<doc>Types the given ``text`` into the text field identified by ``locator``.</doc>
<status status="NOT RUN" starttime="20240116 14:40:01.900" endtime="20240116 14:40:01.900"/>
</kw>
<kw name="Input Text" library="SeleniumLibrary">
<arg>${locator_password}</arg>
<arg>123456789</arg>
<doc>Types the given ``text`` into the text field identified by ``locator``.</doc>
<status status="NOT RUN" starttime="20240116 14:40:01.900" endtime="20240116 14:40:01.900"/>
</kw>
<kw name="Click Element" library="SeleniumLibrary">
<arg>${locator_btn-login}</arg>
<doc>Click the element identified by ``locator``.</doc>
<status status="NOT RUN" starttime="20240116 14:40:01.900" endtime="20240116 14:40:01.900"/>
</kw>
<kw name="Wait Until Page Contains" library="SeleniumLibrary">
<arg>Search Filters</arg>
<doc>Waits until ``text`` appears on the current page.</doc>
<status status="NOT RUN" starttime="20240116 14:40:01.900" endtime="20240116 14:40:01.900"/>
</kw>
<status status="FAIL" starttime="20240116 14:39:59.611" endtime="20240116 14:40:01.900"/>
</kw>
<doc>ทดสอบการกดปุ่ม Logout</doc>
<tag>Logout</tag>
<status status="FAIL" starttime="20240116 14:39:59.610" endtime="20240116 14:40:01.900">Setup failed:
NoSuchWindowException: Message: no such window: target window already closed
from unknown error: web view not found
  (Session info: chrome=120.0.6099.216)
Stacktrace:
0   chromedriver                        0x00000001046b04cc chromedriver + 4162764
1   chromedriver                        0x00000001046a8654 chromedriver + 4130388
2   chromedriver                        0x00000001042ffbc0 chromedriver + 293824
3   chromedriver                        0x00000001042d86c0 chromedriver + 132800
4   chromedriver                        0x000000010437125c chromedriver + 758364
5   chromedriver                        0x0000000104385294 chromedriver + 840340
6   chromedriver                        0x00000001043396bc chromedriver + 530108
7   chromedriver                        0x000000010433a930 chromedriver + 534832
8   chromedriver                        0x0000000104675df8 chromedriver + 3923448
9   chromedriver                        0x000000010467a3cc chromedriver + 3941324
10  chromedriver                        0x000000010465e028 chromedriver + 3825704
11  chromedriver                        0x000000010467af2c chromedriver + 3944236
12  chromedriver                        0x00000001046506e4 chromedriver + 3770084
13  chromedriver                        0x0000000104697970 chromedriver + 4061552
14  chromedriver                        0x0000000104697ae8 chromedriver + 4061928
15  chromedriver                        0x00000001046a82d4 chromedriver + 4129492
16  libsystem_pthread.dylib             0x00000001840c2034 _pthread_start + 136
17  libsystem_pthread.dylib             0x00000001840bce3c thread_start + 8
</status>
</test>
<test id="s1-s1-t7" name="TC007 - Test Page Add User - Pass" line="59">
<kw name="Input Data Add User" library="HW3-KeywordV2">
<kw name="Login Page" library="HW3-KeywordV2">
<kw name="Open Web Browser" library="HW3-KeywordV2">
<kw name="Open Browser" library="SeleniumLibrary">
<arg>${url}</arg>
<arg>${browser}</arg>
<doc>Opens a new browser instance to the optional ``url``.</doc>
<msg timestamp="20240116 14:40:01.904" level="INFO">Opening browser 'chrome' to base url 'https://automate-test.stpb-digital.com/login/'.</msg>
<status status="PASS" starttime="20240116 14:40:01.904" endtime="20240116 14:40:03.702"/>
</kw>
<kw name="Maximize Browser Window" library="SeleniumLibrary">
<doc>Maximizes current browser window.</doc>
<msg timestamp="20240116 14:40:03.705" level="WARN">Keyword 'Capture Page Screenshot' could not be run on failure: Message: no such window: target window already closed
from unknown error: web view not found
  (Session info: chrome=120.0.6099.216)
Stacktrace:
0   chromedriver                        0x0000000104fd04cc chromedriver + 4162764
1   chromedriver                        0x0000000104fc8654 chromedriver + 4130388
2   chromedriver                        0x0000000104c1fbc0 chromedriver + 293824
3   chromedriver                        0x0000000104bf86c0 chromedriver + 132800
4   chromedriver                        0x0000000104c9125c chromedriver + 758364
5   chromedriver                        0x0000000104ca5294 chromedriver + 840340
6   chromedriver                        0x0000000104c596bc chromedriver + 530108
7   chromedriver                        0x0000000104c5a930 chromedriver + 534832
8   chromedriver                        0x0000000104f95df8 chromedriver + 3923448
9   chromedriver                        0x0000000104f9a3cc chromedriver + 3941324
10  chromedriver                        0x0000000104f7e028 chromedriver + 3825704
11  chromedriver                        0x0000000104f9af2c chromedriver + 3944236
12  chromedriver                        0x0000000104f706e4 chromedriver + 3770084
13  chromedriver                        0x0000000104fb7970 chromedriver + 4061552
14  chromedriver                        0x0000000104fb7ae8 chromedriver + 4061928
15  chromedriver                        0x0000000104fc82d4 chromedriver + 4129492
16  libsystem_pthread.dylib             0x00000001840c2034 _pthread_start + 136
17  libsystem_pthread.dylib             0x00000001840bce3c thread_start + 8
</msg>
<msg timestamp="20240116 14:40:03.707" level="FAIL">NoSuchWindowException: Message: no such window: target window already closed
from unknown error: web view not found
  (Session info: chrome=120.0.6099.216)
Stacktrace:
0   chromedriver                        0x0000000104fd04cc chromedriver + 4162764
1   chromedriver                        0x0000000104fc8654 chromedriver + 4130388
2   chromedriver                        0x0000000104c1fbc0 chromedriver + 293824
3   chromedriver                        0x0000000104bf86c0 chromedriver + 132800
4   chromedriver                        0x0000000104c9125c chromedriver + 758364
5   chromedriver                        0x0000000104ca5294 chromedriver + 840340
6   chromedriver                        0x0000000104c596bc chromedriver + 530108
7   chromedriver                        0x0000000104c5a930 chromedriver + 534832
8   chromedriver                        0x0000000104f95df8 chromedriver + 3923448
9   chromedriver                        0x0000000104f9a3cc chromedriver + 3941324
10  chromedriver                        0x0000000104f7e028 chromedriver + 3825704
11  chromedriver                        0x0000000104f9af2c chromedriver + 3944236
12  chromedriver                        0x0000000104f706e4 chromedriver + 3770084
13  chromedriver                        0x0000000104fb7970 chromedriver + 4061552
14  chromedriver                        0x0000000104fb7ae8 chromedriver + 4061928
15  chromedriver                        0x0000000104fc82d4 chromedriver + 4129492
16  libsystem_pthread.dylib             0x00000001840c2034 _pthread_start + 136
17  libsystem_pthread.dylib             0x00000001840bce3c thread_start + 8
</msg>
<status status="FAIL" starttime="20240116 14:40:03.703" endtime="20240116 14:40:03.708"/>
</kw>
<kw name="Wait Until Element Is Visible" library="SeleniumLibrary">
<arg>${locator_user}</arg>
<doc>Waits until the element ``locator`` is visible.</doc>
<status status="NOT RUN" starttime="20240116 14:40:03.708" endtime="20240116 14:40:03.708"/>
</kw>
<status status="FAIL" starttime="20240116 14:40:01.904" endtime="20240116 14:40:03.708"/>
</kw>
<kw name="Input Text" library="SeleniumLibrary">
<arg>${locator_user}</arg>
<arg>user.test@krupbeam.com</arg>
<doc>Types the given ``text`` into the text field identified by ``locator``.</doc>
<status status="NOT RUN" starttime="20240116 14:40:03.708" endtime="20240116 14:40:03.708"/>
</kw>
<kw name="Input Text" library="SeleniumLibrary">
<arg>${locator_password}</arg>
<arg>123456789</arg>
<doc>Types the given ``text`` into the text field identified by ``locator``.</doc>
<status status="NOT RUN" starttime="20240116 14:40:03.708" endtime="20240116 14:40:03.708"/>
</kw>
<kw name="Click Element" library="SeleniumLibrary">
<arg>${locator_btn-login}</arg>
<doc>Click the element identified by ``locator``.</doc>
<status status="NOT RUN" starttime="20240116 14:40:03.708" endtime="20240116 14:40:03.708"/>
</kw>
<kw name="Wait Until Page Contains" library="SeleniumLibrary">
<arg>Search Filters</arg>
<doc>Waits until ``text`` appears on the current page.</doc>
<status status="NOT RUN" starttime="20240116 14:40:03.708" endtime="20240116 14:40:03.709"/>
</kw>
<status status="FAIL" starttime="20240116 14:40:01.903" endtime="20240116 14:40:03.709"/>
</kw>
<kw name="Click Button Add User" library="HW3-KeywordV2">
<status status="NOT RUN" starttime="20240116 14:40:03.709" endtime="20240116 14:40:03.709"/>
</kw>
<kw name="Wait Until Page Contains" library="SeleniumLibrary">
<arg>Kru P' Beam</arg>
<arg>0.3s</arg>
<doc>Waits until ``text`` appears on the current page.</doc>
<status status="NOT RUN" starttime="20240116 14:40:03.709" endtime="20240116 14:40:03.709"/>
</kw>
<kw name="Input Text" library="SeleniumLibrary">
<arg>${locator_firstname-adduser}</arg>
<arg>abcd</arg>
<doc>Types the given ``text`` into the text field identified by ``locator``.</doc>
<status status="NOT RUN" starttime="20240116 14:40:03.709" endtime="20240116 14:40:03.709"/>
</kw>
<kw name="Input Text" library="SeleniumLibrary">
<arg>${locator_lastname-adduser}</arg>
<arg>ertggsac</arg>
<doc>Types the given ``text`` into the text field identified by ``locator``.</doc>
<status status="NOT RUN" starttime="20240116 14:40:03.709" endtime="20240116 14:40:03.710"/>
</kw>
<kw name="Input Text" library="SeleniumLibrary">
<arg>${locator_email-adduser}</arg>
<arg>1234@gmail.com</arg>
<doc>Types the given ``text`` into the text field identified by ``locator``.</doc>
<status status="NOT RUN" starttime="20240116 14:40:03.710" endtime="20240116 14:40:03.710"/>
</kw>
<kw name="Input Text" library="SeleniumLibrary">
<arg>${locator_password-adduser}</arg>
<arg>1234567890</arg>
<doc>Types the given ``text`` into the text field identified by ``locator``.</doc>
<status status="NOT RUN" starttime="20240116 14:40:03.710" endtime="20240116 14:40:03.710"/>
</kw>
<kw name="Input Text" library="SeleniumLibrary">
<arg>${locator_phone-adduser}</arg>
<arg>08222222222</arg>
<doc>Types the given ``text`` into the text field identified by ``locator``.</doc>
<status status="NOT RUN" starttime="20240116 14:40:03.710" endtime="20240116 14:40:03.710"/>
</kw>
<kw name="Select Radio Button" library="SeleniumLibrary">
<arg>${locator_gender-adduser}</arg>
<arg>male</arg>
<doc>Sets the radio button group ``group_name`` to ``value``.</doc>
<status status="NOT RUN" starttime="20240116 14:40:03.710" endtime="20240116 14:40:03.710"/>
</kw>
<kw name="Select Checkbox" library="SeleniumLibrary">
<arg>${locator_courseSQL-adduser}</arg>
<doc>Selects the checkbox identified by ``locator``.</doc>
<status status="NOT RUN" starttime="20240116 14:40:03.710" endtime="20240116 14:40:03.710"/>
</kw>
<kw name="Select List Nationality-adduser" library="HW3-KeywordV2">
<status status="NOT RUN" starttime="20240116 14:40:03.710" endtime="20240116 14:40:03.710"/>
</kw>
<kw name="Select List Role-adduser" library="HW3-KeywordV2">
<status status="NOT RUN" starttime="20240116 14:40:03.710" endtime="20240116 14:40:03.710"/>
</kw>
<kw name="Select List Plan-adduser" library="HW3-KeywordV2">
<status status="NOT RUN" starttime="20240116 14:40:03.710" endtime="20240116 14:40:03.711"/>
</kw>
<kw name="Click Element" library="SeleniumLibrary">
<arg>${locator_btn_signup-adduser}</arg>
<doc>Click the element identified by ``locator``.</doc>
<status status="NOT RUN" starttime="20240116 14:40:03.711" endtime="20240116 14:40:03.711"/>
</kw>
<kw name="Wait Until Page Contains" library="SeleniumLibrary">
<arg>Register Success</arg>
<arg>2s</arg>
<doc>Waits until ``text`` appears on the current page.</doc>
<status status="NOT RUN" starttime="20240116 14:40:03.711" endtime="20240116 14:40:03.711"/>
</kw>
<kw name="Click Element" library="SeleniumLibrary">
<arg>${locator_btn-ok-adduser}</arg>
<doc>Click the element identified by ``locator``.</doc>
<status status="NOT RUN" starttime="20240116 14:40:03.711" endtime="20240116 14:40:03.711"/>
</kw>
<kw name="Wait Until Page Contains" library="SeleniumLibrary">
<arg>Search Filters</arg>
<arg>2s</arg>
<doc>Waits until ``text`` appears on the current page.</doc>
<status status="NOT RUN" starttime="20240116 14:40:03.711" endtime="20240116 14:40:03.711"/>
</kw>
<kw name="Close Browser" library="SeleniumLibrary">
<doc>Closes the current browser.</doc>
<status status="NOT RUN" starttime="20240116 14:40:03.711" endtime="20240116 14:40:03.711"/>
</kw>
<status status="FAIL" starttime="20240116 14:40:01.903" endtime="20240116 14:40:03.711"/>
</kw>
<doc>ใช้สำหรับทดสอบการกรอกข้อมูลหน้า add user</doc>
<tag>add user pass</tag>
<status status="FAIL" starttime="20240116 14:40:01.902" endtime="20240116 14:40:03.711">NoSuchWindowException: Message: no such window: target window already closed
from unknown error: web view not found
  (Session info: chrome=120.0.6099.216)
Stacktrace:
0   chromedriver                        0x0000000104fd04cc chromedriver + 4162764
1   chromedriver                        0x0000000104fc8654 chromedriver + 4130388
2   chromedriver                        0x0000000104c1fbc0 chromedriver + 293824
3   chromedriver                        0x0000000104bf86c0 chromedriver + 132800
4   chromedriver                        0x0000000104c9125c chromedriver + 758364
5   chromedriver                        0x0000000104ca5294 chromedriver + 840340
6   chromedriver                        0x0000000104c596bc chromedriver + 530108
7   chromedriver                        0x0000000104c5a930 chromedriver + 534832
8   chromedriver                        0x0000000104f95df8 chromedriver + 3923448
9   chromedriver                        0x0000000104f9a3cc chromedriver + 3941324
10  chromedriver                        0x0000000104f7e028 chromedriver + 3825704
11  chromedriver                        0x0000000104f9af2c chromedriver + 3944236
12  chromedriver                        0x0000000104f706e4 chromedriver + 3770084
13  chromedriver                        0x0000000104fb7970 chromedriver + 4061552
14  chromedriver                        0x0000000104fb7ae8 chromedriver + 4061928
15  chromedriver                        0x0000000104fc82d4 chromedriver + 4129492
16  libsystem_pthread.dylib             0x00000001840c2034 _pthread_start + 136
17  libsystem_pthread.dylib             0x00000001840bce3c thread_start + 8
</status>
</test>
<test id="s1-s1-t8" name="TC008 - Test Page Add User - Fail" line="66">
<kw name="Input Data Add User Page - Fail" library="HW3-KeywordV2">
<arg>${EMPTY}</arg>
<arg>อินขาน</arg>
<arg>Beam1234@gmail.com</arg>
<arg>1234567890</arg>
<arg>08000000000</arg>
<arg>female</arg>
<arg>1</arg>
<arg>1</arg>
<arg>1</arg>
<arg>1</arg>
<arg>${locator_FirstnameErrorMsg}</arg>
<arg>This field is required</arg>
<kw name="Login Page" library="HW3-KeywordV2">
<kw name="Open Web Browser" library="HW3-KeywordV2">
<kw name="Open Browser" library="SeleniumLibrary">
<arg>${url}</arg>
<arg>${browser}</arg>
<doc>Opens a new browser instance to the optional ``url``.</doc>
<msg timestamp="20240116 14:40:03.714" level="INFO">Opening browser 'chrome' to base url 'https://automate-test.stpb-digital.com/login/'.</msg>
<status status="PASS" starttime="20240116 14:40:03.714" endtime="20240116 14:40:05.487"/>
</kw>
<kw name="Maximize Browser Window" library="SeleniumLibrary">
<doc>Maximizes current browser window.</doc>
<msg timestamp="20240116 14:40:05.490" level="WARN">Keyword 'Capture Page Screenshot' could not be run on failure: Message: no such window: target window already closed
from unknown error: web view not found
  (Session info: chrome=120.0.6099.216)
Stacktrace:
0   chromedriver                        0x00000001032044cc chromedriver + 4162764
1   chromedriver                        0x00000001031fc654 chromedriver + 4130388
2   chromedriver                        0x0000000102e53bc0 chromedriver + 293824
3   chromedriver                        0x0000000102e2c6c0 chromedriver + 132800
4   chromedriver                        0x0000000102ec525c chromedriver + 758364
5   chromedriver                        0x0000000102ed9294 chromedriver + 840340
6   chromedriver                        0x0000000102e8d6bc chromedriver + 530108
7   chromedriver                        0x0000000102e8e930 chromedriver + 534832
8   chromedriver                        0x00000001031c9df8 chromedriver + 3923448
9   chromedriver                        0x00000001031ce3cc chromedriver + 3941324
10  chromedriver                        0x00000001031b2028 chromedriver + 3825704
11  chromedriver                        0x00000001031cef2c chromedriver + 3944236
12  chromedriver                        0x00000001031a46e4 chromedriver + 3770084
13  chromedriver                        0x00000001031eb970 chromedriver + 4061552
14  chromedriver                        0x00000001031ebae8 chromedriver + 4061928
15  chromedriver                        0x00000001031fc2d4 chromedriver + 4129492
16  libsystem_pthread.dylib             0x00000001840c2034 _pthread_start + 136
17  libsystem_pthread.dylib             0x00000001840bce3c thread_start + 8
</msg>
<msg timestamp="20240116 14:40:05.492" level="FAIL">NoSuchWindowException: Message: no such window: target window already closed
from unknown error: web view not found
  (Session info: chrome=120.0.6099.216)
Stacktrace:
0   chromedriver                        0x00000001032044cc chromedriver + 4162764
1   chromedriver                        0x00000001031fc654 chromedriver + 4130388
2   chromedriver                        0x0000000102e53bc0 chromedriver + 293824
3   chromedriver                        0x0000000102e2c6c0 chromedriver + 132800
4   chromedriver                        0x0000000102ec525c chromedriver + 758364
5   chromedriver                        0x0000000102ed9294 chromedriver + 840340
6   chromedriver                        0x0000000102e8d6bc chromedriver + 530108
7   chromedriver                        0x0000000102e8e930 chromedriver + 534832
8   chromedriver                        0x00000001031c9df8 chromedriver + 3923448
9   chromedriver                        0x00000001031ce3cc chromedriver + 3941324
10  chromedriver                        0x00000001031b2028 chromedriver + 3825704
11  chromedriver                        0x00000001031cef2c chromedriver + 3944236
12  chromedriver                        0x00000001031a46e4 chromedriver + 3770084
13  chromedriver                        0x00000001031eb970 chromedriver + 4061552
14  chromedriver                        0x00000001031ebae8 chromedriver + 4061928
15  chromedriver                        0x00000001031fc2d4 chromedriver + 4129492
16  libsystem_pthread.dylib             0x00000001840c2034 _pthread_start + 136
17  libsystem_pthread.dylib             0x00000001840bce3c thread_start + 8
</msg>
<status status="FAIL" starttime="20240116 14:40:05.488" endtime="20240116 14:40:05.493"/>
</kw>
<kw name="Wait Until Element Is Visible" library="SeleniumLibrary">
<arg>${locator_user}</arg>
<doc>Waits until the element ``locator`` is visible.</doc>
<status status="NOT RUN" starttime="20240116 14:40:05.493" endtime="20240116 14:40:05.494"/>
</kw>
<status status="FAIL" starttime="20240116 14:40:03.714" endtime="20240116 14:40:05.494"/>
</kw>
<kw name="Input Text" library="SeleniumLibrary">
<arg>${locator_user}</arg>
<arg>user.test@krupbeam.com</arg>
<doc>Types the given ``text`` into the text field identified by ``locator``.</doc>
<status status="NOT RUN" starttime="20240116 14:40:05.494" endtime="20240116 14:40:05.494"/>
</kw>
<kw name="Input Text" library="SeleniumLibrary">
<arg>${locator_password}</arg>
<arg>123456789</arg>
<doc>Types the given ``text`` into the text field identified by ``locator``.</doc>
<status status="NOT RUN" starttime="20240116 14:40:05.494" endtime="20240116 14:40:05.494"/>
</kw>
<kw name="Click Element" library="SeleniumLibrary">
<arg>${locator_btn-login}</arg>
<doc>Click the element identified by ``locator``.</doc>
<status status="NOT RUN" starttime="20240116 14:40:05.494" endtime="20240116 14:40:05.494"/>
</kw>
<kw name="Wait Until Page Contains" library="SeleniumLibrary">
<arg>Search Filters</arg>
<doc>Waits until ``text`` appears on the current page.</doc>
<status status="NOT RUN" starttime="20240116 14:40:05.494" endtime="20240116 14:40:05.494"/>
</kw>
<status status="FAIL" starttime="20240116 14:40:03.713" endtime="20240116 14:40:05.495"/>
</kw>
<kw name="Click Button Add User" library="HW3-KeywordV2">
<status status="NOT RUN" starttime="20240116 14:40:05.495" endtime="20240116 14:40:05.495"/>
</kw>
<kw name="Wait Until Page Contains" library="SeleniumLibrary">
<arg>Kru P' Beam</arg>
<arg>0.1s</arg>
<doc>Waits until ``text`` appears on the current page.</doc>
<status status="NOT RUN" starttime="20240116 14:40:05.495" endtime="20240116 14:40:05.495"/>
</kw>
<kw name="Input Text" library="SeleniumLibrary">
<arg>${locator_firstname-adduser}</arg>
<arg>${firstname}</arg>
<doc>Types the given ``text`` into the text field identified by ``locator``.</doc>
<status status="NOT RUN" starttime="20240116 14:40:05.495" endtime="20240116 14:40:05.495"/>
</kw>
<kw name="Input Text" library="SeleniumLibrary">
<arg>${locator_lastname-adduser}</arg>
<arg>${lastname}</arg>
<doc>Types the given ``text`` into the text field identified by ``locator``.</doc>
<status status="NOT RUN" starttime="20240116 14:40:05.495" endtime="20240116 14:40:05.495"/>
</kw>
<kw name="Input Text" library="SeleniumLibrary">
<arg>${locator_email-adduser}</arg>
<arg>${email}</arg>
<doc>Types the given ``text`` into the text field identified by ``locator``.</doc>
<status status="NOT RUN" starttime="20240116 14:40:05.495" endtime="20240116 14:40:05.495"/>
</kw>
<kw name="Input Text" library="SeleniumLibrary">
<arg>${locator_password-adduser}</arg>
<arg>${password}</arg>
<doc>Types the given ``text`` into the text field identified by ``locator``.</doc>
<status status="NOT RUN" starttime="20240116 14:40:05.495" endtime="20240116 14:40:05.495"/>
</kw>
<kw name="Input Text" library="SeleniumLibrary">
<arg>${locator_phone-adduser}</arg>
<arg>${mobile}</arg>
<doc>Types the given ``text`` into the text field identified by ``locator``.</doc>
<status status="NOT RUN" starttime="20240116 14:40:05.496" endtime="20240116 14:40:05.496"/>
</kw>
<if>
<branch type="IF" condition="&quot;${gender}&quot; != &quot;0&quot;">
<kw name="Select Radio Button" library="SeleniumLibrary">
<arg>${locator_gender-adduser}</arg>
<arg>${gender}</arg>
<doc>Sets the radio button group ``group_name`` to ``value``.</doc>
<status status="NOT RUN" starttime="20240116 14:40:05.496" endtime="20240116 14:40:05.496"/>
</kw>
<status status="NOT RUN" starttime="20240116 14:40:05.496" endtime="20240116 14:40:05.496"/>
</branch>
<status status="NOT RUN" starttime="20240116 14:40:05.496" endtime="20240116 14:40:05.496"/>
</if>
<if>
<branch type="IF" condition="${chkbox} == 1">
<kw name="Select Checkbox" library="SeleniumLibrary">
<arg>${locator_courseSQL-adduser}</arg>
<doc>Selects the checkbox identified by ``locator``.</doc>
<status status="NOT RUN" starttime="20240116 14:40:05.496" endtime="20240116 14:40:05.496"/>
</kw>
<status status="NOT RUN" starttime="20240116 14:40:05.496" endtime="20240116 14:40:05.496"/>
</branch>
<branch type="ELSE IF" condition="${chkbox} == 2">
<kw name="Select Checkbox" library="SeleniumLibrary">
<arg>${locator_courseSQL-adduser}</arg>
<doc>Selects the checkbox identified by ``locator``.</doc>
<status status="NOT RUN" starttime="20240116 14:40:05.497" endtime="20240116 14:40:05.497"/>
</kw>
<kw name="Select Checkbox" library="SeleniumLibrary">
<arg>${locator_courseTestManual-adduser}</arg>
<doc>Selects the checkbox identified by ``locator``.</doc>
<status status="NOT RUN" starttime="20240116 14:40:05.497" endtime="20240116 14:40:05.497"/>
</kw>
<status status="NOT RUN" starttime="20240116 14:40:05.496" endtime="20240116 14:40:05.497"/>
</branch>
<branch type="ELSE IF" condition="${chkbox} == 3">
<kw name="Select Checkbox" library="SeleniumLibrary">
<arg>${locator_courseSQL-adduser}</arg>
<doc>Selects the checkbox identified by ``locator``.</doc>
<status status="NOT RUN" starttime="20240116 14:40:05.497" endtime="20240116 14:40:05.497"/>
</kw>
<kw name="Select Checkbox" library="SeleniumLibrary">
<arg>${locator_courseTestManual-adduser}</arg>
<doc>Selects the checkbox identified by ``locator``.</doc>
<status status="NOT RUN" starttime="20240116 14:40:05.497" endtime="20240116 14:40:05.497"/>
</kw>
<kw name="Select Checkbox" library="SeleniumLibrary">
<arg>${locator_courseAutomateTest-adduser}</arg>
<doc>Selects the checkbox identified by ``locator``.</doc>
<status status="NOT RUN" starttime="20240116 14:40:05.497" endtime="20240116 14:40:05.497"/>
</kw>
<status status="NOT RUN" starttime="20240116 14:40:05.497" endtime="20240116 14:40:05.497"/>
</branch>
<branch type="ELSE IF" condition="${chkbox} == 4">
<kw name="Select Checkbox" library="SeleniumLibrary">
<arg>${locator_courseSQL-adduser}</arg>
<doc>Selects the checkbox identified by ``locator``.</doc>
<status status="NOT RUN" starttime="20240116 14:40:05.497" endtime="20240116 14:40:05.498"/>
</kw>
<kw name="Select Checkbox" library="SeleniumLibrary">
<arg>${locator_courseTestManual-adduser}</arg>
<doc>Selects the checkbox identified by ``locator``.</doc>
<status status="NOT RUN" starttime="20240116 14:40:05.498" endtime="20240116 14:40:05.498"/>
</kw>
<kw name="Select Checkbox" library="SeleniumLibrary">
<arg>${locator_courseAutomateTest-adduser}</arg>
<doc>Selects the checkbox identified by ``locator``.</doc>
<status status="NOT RUN" starttime="20240116 14:40:05.498" endtime="20240116 14:40:05.498"/>
</kw>
<kw name="Select Checkbox" library="SeleniumLibrary">
<arg>${locator_courseAutomateTest2-adduser}</arg>
<doc>Selects the checkbox identified by ``locator``.</doc>
<status status="NOT RUN" starttime="20240116 14:40:05.498" endtime="20240116 14:40:05.498"/>
</kw>
<status status="NOT RUN" starttime="20240116 14:40:05.497" endtime="20240116 14:40:05.498"/>
</branch>
<status status="NOT RUN" starttime="20240116 14:40:05.496" endtime="20240116 14:40:05.498"/>
</if>
<if>
<branch type="IF" condition="${nation} == 1">
<kw name="Select List Nationality-adduser" library="HW3-KeywordV2">
<status status="NOT RUN" starttime="20240116 14:40:05.498" endtime="20240116 14:40:05.498"/>
</kw>
<status status="NOT RUN" starttime="20240116 14:40:05.498" endtime="20240116 14:40:05.498"/>
</branch>
<status status="NOT RUN" starttime="20240116 14:40:05.498" endtime="20240116 14:40:05.498"/>
</if>
<if>
<branch type="IF" condition="${role} == 1">
<kw name="Select List Role-adduser" library="HW3-KeywordV2">
<status status="NOT RUN" starttime="20240116 14:40:05.498" endtime="20240116 14:40:05.499"/>
</kw>
<status status="NOT RUN" starttime="20240116 14:40:05.498" endtime="20240116 14:40:05.499"/>
</branch>
<status status="NOT RUN" starttime="20240116 14:40:05.498" endtime="20240116 14:40:05.499"/>
</if>
<if>
<branch type="IF" condition="${plan} == 1">
<kw name="Select List Plan-adduser" library="HW3-KeywordV2">
<status status="NOT RUN" starttime="20240116 14:40:05.499" endtime="20240116 14:40:05.499"/>
</kw>
<status status="NOT RUN" starttime="20240116 14:40:05.499" endtime="20240116 14:40:05.499"/>
</branch>
<status status="NOT RUN" starttime="20240116 14:40:05.499" endtime="20240116 14:40:05.499"/>
</if>
<kw name="Click Element" library="SeleniumLibrary">
<arg>${locator_btn_signup-adduser}</arg>
<doc>Click the element identified by ``locator``.</doc>
<status status="NOT RUN" starttime="20240116 14:40:05.499" endtime="20240116 14:40:05.499"/>
</kw>
<kw name="Verify ErrorMsg" library="HW3-KeywordV2">
<arg>${locator}</arg>
<arg>${msg}</arg>
<status status="NOT RUN" starttime="20240116 14:40:05.499" endtime="20240116 14:40:05.499"/>
</kw>
<kw name="Close Browser" library="SeleniumLibrary">
<doc>Closes the current browser.</doc>
<status status="NOT RUN" starttime="20240116 14:40:05.499" endtime="20240116 14:40:05.499"/>
</kw>
<status status="FAIL" starttime="20240116 14:40:03.713" endtime="20240116 14:40:05.499"/>
</kw>
<kw name="Input Data Add User Page - Fail" library="HW3-KeywordV2">
<arg>กนกนวล</arg>
<arg>${EMPTY}</arg>
<arg>Beam1234@gmail.com</arg>
<arg>1234567890</arg>
<arg>08000000000</arg>
<arg>female</arg>
<arg>1</arg>
<arg>1</arg>
<arg>1</arg>
<arg>1</arg>
<arg>${locator_LastnameErrorMsg}</arg>
<arg>This field is required</arg>
<kw name="Login Page" library="HW3-KeywordV2">
<kw name="Open Web Browser" library="HW3-KeywordV2">
<kw name="Open Browser" library="SeleniumLibrary">
<arg>${url}</arg>
<arg>${browser}</arg>
<doc>Opens a new browser instance to the optional ``url``.</doc>
<msg timestamp="20240116 14:40:05.501" level="INFO">Opening browser 'chrome' to base url 'https://automate-test.stpb-digital.com/login/'.</msg>
<status status="PASS" starttime="20240116 14:40:05.501" endtime="20240116 14:40:07.202"/>
</kw>
<kw name="Maximize Browser Window" library="SeleniumLibrary">
<doc>Maximizes current browser window.</doc>
<msg timestamp="20240116 14:40:07.205" level="WARN">Keyword 'Capture Page Screenshot' could not be run on failure: Message: no such window: target window already closed
from unknown error: web view not found
  (Session info: chrome=120.0.6099.216)
Stacktrace:
0   chromedriver                        0x0000000100b044cc chromedriver + 4162764
1   chromedriver                        0x0000000100afc654 chromedriver + 4130388
2   chromedriver                        0x0000000100753bc0 chromedriver + 293824
3   chromedriver                        0x000000010072c6c0 chromedriver + 132800
4   chromedriver                        0x00000001007c525c chromedriver + 758364
5   chromedriver                        0x00000001007d9294 chromedriver + 840340
6   chromedriver                        0x000000010078d6bc chromedriver + 530108
7   chromedriver                        0x000000010078e930 chromedriver + 534832
8   chromedriver                        0x0000000100ac9df8 chromedriver + 3923448
9   chromedriver                        0x0000000100ace3cc chromedriver + 3941324
10  chromedriver                        0x0000000100ab2028 chromedriver + 3825704
11  chromedriver                        0x0000000100acef2c chromedriver + 3944236
12  chromedriver                        0x0000000100aa46e4 chromedriver + 3770084
13  chromedriver                        0x0000000100aeb970 chromedriver + 4061552
14  chromedriver                        0x0000000100aebae8 chromedriver + 4061928
15  chromedriver                        0x0000000100afc2d4 chromedriver + 4129492
16  libsystem_pthread.dylib             0x00000001840c2034 _pthread_start + 136
17  libsystem_pthread.dylib             0x00000001840bce3c thread_start + 8
</msg>
<msg timestamp="20240116 14:40:07.206" level="FAIL">NoSuchWindowException: Message: no such window: target window already closed
from unknown error: web view not found
  (Session info: chrome=120.0.6099.216)
Stacktrace:
0   chromedriver                        0x0000000100b044cc chromedriver + 4162764
1   chromedriver                        0x0000000100afc654 chromedriver + 4130388
2   chromedriver                        0x0000000100753bc0 chromedriver + 293824
3   chromedriver                        0x000000010072c6c0 chromedriver + 132800
4   chromedriver                        0x00000001007c525c chromedriver + 758364
5   chromedriver                        0x00000001007d9294 chromedriver + 840340
6   chromedriver                        0x000000010078d6bc chromedriver + 530108
7   chromedriver                        0x000000010078e930 chromedriver + 534832
8   chromedriver                        0x0000000100ac9df8 chromedriver + 3923448
9   chromedriver                        0x0000000100ace3cc chromedriver + 3941324
10  chromedriver                        0x0000000100ab2028 chromedriver + 3825704
11  chromedriver                        0x0000000100acef2c chromedriver + 3944236
12  chromedriver                        0x0000000100aa46e4 chromedriver + 3770084
13  chromedriver                        0x0000000100aeb970 chromedriver + 4061552
14  chromedriver                        0x0000000100aebae8 chromedriver + 4061928
15  chromedriver                        0x0000000100afc2d4 chromedriver + 4129492
16  libsystem_pthread.dylib             0x00000001840c2034 _pthread_start + 136
17  libsystem_pthread.dylib             0x00000001840bce3c thread_start + 8
</msg>
<status status="FAIL" starttime="20240116 14:40:07.202" endtime="20240116 14:40:07.208"/>
</kw>
<kw name="Wait Until Element Is Visible" library="SeleniumLibrary">
<arg>${locator_user}</arg>
<doc>Waits until the element ``locator`` is visible.</doc>
<status status="NOT RUN" starttime="20240116 14:40:07.208" endtime="20240116 14:40:07.208"/>
</kw>
<status status="FAIL" starttime="20240116 14:40:05.501" endtime="20240116 14:40:07.208"/>
</kw>
<kw name="Input Text" library="SeleniumLibrary">
<arg>${locator_user}</arg>
<arg>user.test@krupbeam.com</arg>
<doc>Types the given ``text`` into the text field identified by ``locator``.</doc>
<status status="NOT RUN" starttime="20240116 14:40:07.209" endtime="20240116 14:40:07.209"/>
</kw>
<kw name="Input Text" library="SeleniumLibrary">
<arg>${locator_password}</arg>
<arg>123456789</arg>
<doc>Types the given ``text`` into the text field identified by ``locator``.</doc>
<status status="NOT RUN" starttime="20240116 14:40:07.209" endtime="20240116 14:40:07.209"/>
</kw>
<kw name="Click Element" library="SeleniumLibrary">
<arg>${locator_btn-login}</arg>
<doc>Click the element identified by ``locator``.</doc>
<status status="NOT RUN" starttime="20240116 14:40:07.209" endtime="20240116 14:40:07.209"/>
</kw>
<kw name="Wait Until Page Contains" library="SeleniumLibrary">
<arg>Search Filters</arg>
<doc>Waits until ``text`` appears on the current page.</doc>
<status status="NOT RUN" starttime="20240116 14:40:07.209" endtime="20240116 14:40:07.209"/>
</kw>
<status status="FAIL" starttime="20240116 14:40:05.500" endtime="20240116 14:40:07.209"/>
</kw>
<kw name="Click Button Add User" library="HW3-KeywordV2">
<status status="NOT RUN" starttime="20240116 14:40:07.209" endtime="20240116 14:40:07.209"/>
</kw>
<kw name="Wait Until Page Contains" library="SeleniumLibrary">
<arg>Kru P' Beam</arg>
[...]
</kw>
<status status="FAIL" starttime="20240116 14:39:21.247" endtime="20240116 14:41:02.233"/>
</suite>
<status status="FAIL" starttime="20240116 14:39:21.227" endtime="20240116 14:41:02.236"/>
</suite>
<statistics>
<total>
<stat pass="1" fail="7" skip="0">All Tests</stat>
</total>
<tag>
<stat pass="0" fail="1" skip="0">Add User</stat>
<stat pass="0" fail="1" skip="0">add user fail</stat>
<stat pass="0" fail="1" skip="0">add user pass</stat>
<stat pass="0" fail="1" skip="0">Login</stat>
<stat pass="0" fail="1" skip="0">Logout</stat>
<stat pass="1" fail="0" skip="0">Next and Previous Page Data</stat>
<stat pass="0" fail="1" skip="0">Row per page</stat>
<stat pass="0" fail="1" skip="0">Search</stat>
</tag>
<suite>
<stat pass="1" fail="7" skip="0" id="s1" name="Automated">Automated</stat>
<stat pass="1" fail="7" skip="0" id="s1-s1" name="HW3-V2">Automated.HW3-V2</stat>
</suite>
</statistics>
<errors>
<msg timestamp="20240116 14:39:32.256" level="WARN">Keyword 'Capture Page Screenshot' could not be run on failure: Message: no such window: target window already closed
from unknown error: web view not found
  (Session info: chrome=120.0.6099.216)
Stacktrace:
0   chromedriver                        0x0000000104e204cc chromedriver + 4162764
1   chromedriver                        0x0000000104e18654 chromedriver + 4130388
2   chromedriver                        0x0000000104a6fbc0 chromedriver + 293824
3   chromedriver                        0x0000000104a486c0 chromedriver + 132800
4   chromedriver                        0x0000000104ae125c chromedriver + 758364
5   chromedriver                        0x0000000104af5294 chromedriver + 840340
6   chromedriver                        0x0000000104aa96bc chromedriver + 530108
7   chromedriver                        0x0000000104aaa930 chromedriver + 534832
8   chromedriver                        0x0000000104de5df8 chromedriver + 3923448
9   chromedriver                        0x0000000104dea3cc chromedriver + 3941324
10  chromedriver                        0x0000000104dce028 chromedriver + 3825704
11  chromedriver                        0x0000000104deaf2c chromedriver + 3944236
12  chromedriver                        0x0000000104dc06e4 chromedriver + 3770084
13  chromedriver                        0x0000000104e07970 chromedriver + 4061552
14  chromedriver                        0x0000000104e07ae8 chromedriver + 4061928
15  chromedriver                        0x0000000104e182d4 chromedriver + 4129492
16  libsystem_pthread.dylib             0x00000001840c2034 _pthread_start + 136
17  libsystem_pthread.dylib             0x00000001840bce3c thread_start + 8
</msg>
<msg timestamp="20240116 14:39:35.943" level="WARN">Keyword 'Capture Page Screenshot' could not be run on failure: Message: no such window: target window already closed
from unknown error: web view not found
  (Session info: chrome=120.0.6099.216)
Stacktrace:
0   chromedriver                        0x00000001029504cc chromedriver + 4162764
1   chromedriver                        0x0000000102948654 chromedriver + 4130388
2   chromedriver                        0x000000010259fbc0 chromedriver + 293824
3   chromedriver                        0x00000001025786c0 chromedriver + 132800
4   chromedriver                        0x000000010261125c chromedriver + 758364
5   chromedriver                        0x0000000102625294 chromedriver + 840340
6   chromedriver                        0x00000001025d96bc chromedriver + 530108
7   chromedriver                        0x00000001025da930 chromedriver + 534832
8   chromedriver                        0x0000000102915df8 chromedriver + 3923448
9   chromedriver                        0x000000010291a3cc chromedriver + 3941324
10  chromedriver                        0x00000001028fe028 chromedriver + 3825704
11  chromedriver                        0x000000010291af2c chromedriver + 3944236
12  chromedriver                        0x00000001028f06e4 chromedriver + 3770084
13  chromedriver                        0x0000000102937970 chromedriver + 4061552
14  chromedriver                        0x0000000102937ae8 chromedriver + 4061928
15  chromedriver                        0x00000001029482d4 chromedriver + 4129492
16  libsystem_pthread.dylib             0x00000001840c2034 _pthread_start + 136
17  libsystem_pthread.dylib             0x00000001840bce3c thread_start + 8
</msg>
<msg timestamp="20240116 14:39:44.533" level="WARN">Keyword 'Capture Page Screenshot' could not be run on failure: Message: no such window: target window already closed
from unknown error: web view not found
  (Session info: chrome=120.0.6099.216)
Stacktrace:
0   chromedriver                        0x0000000100e244cc chromedriver + 4162764
1   chromedriver                        0x0000000100e1c654 chromedriver + 4130388
2   chromedriver                        0x0000000100a73bc0 chromedriver + 293824
3   chromedriver                        0x0000000100a4c6c0 chromedriver + 132800
4   chromedriver                        0x0000000100ae525c chromedriver + 758364
5   chromedriver                        0x0000000100af9294 chromedriver + 840340
6   chromedriver                        0x0000000100aad6bc chromedriver + 530108
7   chromedriver                        0x0000000100aae930 chromedriver + 534832
8   chromedriver                        0x0000000100de9df8 chromedriver + 3923448
9   chromedriver                        0x0000000100dee3cc chromedriver + 3941324
10  chromedriver                        0x0000000100dd2028 chromedriver + 3825704
11  chromedriver                        0x0000000100deef2c chromedriver + 3944236
12  chromedriver                        0x0000000100dc46e4 chromedriver + 3770084
13  chromedriver                        0x0000000100e0b970 chromedriver + 4061552
14  chromedriver                        0x0000000100e0bae8 chromedriver + 4061928
15  chromedriver                        0x0000000100e1c2d4 chromedriver + 4129492
16  libsystem_pthread.dylib             0x00000001840c2034 _pthread_start + 136
17  libsystem_pthread.dylib             0x00000001840bce3c thread_start + 8
</msg>
<msg timestamp="20240116 14:39:59.605" level="WARN">Keyword 'Capture Page Screenshot' could not be run on failure: Message: no such window: target window already closed
from unknown error: web view not found
  (Session info: chrome=120.0.6099.216)
Stacktrace:
0   chromedriver                        0x00000001050244cc chromedriver + 4162764
1   chromedriver                        0x000000010501c654 chromedriver + 4130388
2   chromedriver                        0x0000000104c73bc0 chromedriver + 293824
3   chromedriver                        0x0000000104c4c6c0 chromedriver + 132800
4   chromedriver                        0x0000000104ce525c chromedriver + 758364
5   chromedriver                        0x0000000104cf9294 chromedriver + 840340
6   chromedriver                        0x0000000104cad6bc chromedriver + 530108
7   chromedriver                        0x0000000104cae930 chromedriver + 534832
8   chromedriver                        0x0000000104fe9df8 chromedriver + 3923448
9   chromedriver                        0x0000000104fee3cc chromedriver + 3941324
10  chromedriver                        0x0000000104fd2028 chromedriver + 3825704
11  chromedriver                        0x0000000104feef2c chromedriver + 3944236
12  chromedriver                        0x0000000104fc46e4 chromedriver + 3770084
13  chromedriver                        0x000000010500b970 chromedriver + 4061552
14  chromedriver                        0x000000010500bae8 chromedriver + 4061928
15  chromedriver                        0x000000010501c2d4 chromedriver + 4129492
16  libsystem_pthread.dylib             0x00000001840c2034 _pthread_start + 136
17  libsystem_pthread.dylib             0x00000001840bce3c thread_start + 8
</msg>
<msg timestamp="20240116 14:40:01.896" level="WARN">Keyword 'Capture Page Screenshot' could not be run on failure: Message: no such window: target window already closed
from unknown error: web view not found
  (Session info: chrome=120.0.6099.216)
Stacktrace:
0   chromedriver                        0x00000001046b04cc chromedriver + 4162764
1   chromedriver                        0x00000001046a8654 chromedriver + 4130388
2   chromedriver                        0x00000001042ffbc0 chromedriver + 293824
3   chromedriver                        0x00000001042d86c0 chromedriver + 132800
4   chromedriver                        0x000000010437125c chromedriver + 758364
5   chromedriver                        0x0000000104385294 chromedriver + 840340
6   chromedriver                        0x00000001043396bc chromedriver + 530108
7   chromedriver                        0x000000010433a930 chromedriver + 534832
8   chromedriver                        0x0000000104675df8 chromedriver + 3923448
9   chromedriver                        0x000000010467a3cc chromedriver + 3941324
10  chromedriver                        0x000000010465e028 chromedriver + 3825704
11  chromedriver                        0x000000010467af2c chromedriver + 3944236
12  chromedriver                        0x00000001046506e4 chromedriver + 3770084
13  chromedriver                        0x0000000104697970 chromedriver + 4061552
14  chromedriver                        0x0000000104697ae8 chromedriver + 4061928
15  chromedriver                        0x00000001046a82d4 chromedriver + 4129492
16  libsystem_pthread.dylib             0x00000001840c2034 _pthread_start + 136
17  libsystem_pthread.dylib             0x00000001840bce3c thread_start + 8
</msg>
<msg timestamp="20240116 14:40:03.705" level="WARN">Keyword 'Capture Page Screenshot' could not be run on failure: Message: no such window: target window already closed
from unknown error: web view not found
  (Session info: chrome=120.0.6099.216)
Stacktrace:
0   chromedriver                        0x0000000104fd04cc chromedriver + 4162764
1   chromedriver                        0x0000000104fc8654 chromedriver + 4130388
2   chromedriver                        0x0000000104c1fbc0 chromedriver + 293824
3   chromedriver                        0x0000000104bf86c0 chromedriver + 132800
4   chromedriver                        0x0000000104c9125c chromedriver + 758364
5   chromedriver                        0x0000000104ca5294 chromedriver + 840340
6   chromedriver                        0x0000000104c596bc chromedriver + 530108
7   chromedriver                        0x0000000104c5a930 chromedriver + 534832
8   chromedriver                        0x0000000104f95df8 chromedriver + 3923448
9   chromedriver                        0x0000000104f9a3cc chromedriver + 3941324
10  chromedriver                        0x0000000104f7e028 chromedriver + 3825704
11  chromedriver                        0x0000000104f9af2c chromedriver + 3944236
12  chromedriver                        0x0000000104f706e4 chromedriver + 3770084
13  chromedriver                        0x0000000104fb7970 chromedriver + 4061552
14  chromedriver                        0x0000000104fb7ae8 chromedriver + 4061928
15  chromedriver                        0x0000000104fc82d4 chromedriver + 4129492
16  libsystem_pthread.dylib             0x00000001840c2034 _pthread_start + 136
17  libsystem_pthread.dylib             0x00000001840bce3c thread_start + 8
</msg>
<msg timestamp="20240116 14:40:05.490" level="WARN">Keyword 'Capture Page Screenshot' could not be run on failure: Message: no such window: target window already closed
from unknown error: web view not found
  (Session info: chrome=120.0.6099.216)
Stacktrace:
0   chromedriver                        0x00000001032044cc chromedriver + 4162764
1   chromedriver                        0x00000001031fc654 chromedriver + 4130388
2   chromedriver                        0x0000000102e53bc0 chromedriver + 293824
3   chromedriver                        0x0000000102e2c6c0 chromedriver + 132800
4   chromedriver                        0x0000000102ec525c chromedriver + 758364
5   chromedriver                        0x0000000102ed9294 chromedriver + 840340
6   chromedriver                        0x0000000102e8d6bc chromedriver + 530108
7   chromedriver                        0x0000000102e8e930 chromedriver + 534832
8   chromedriver                        0x00000001031c9df8 chromedriver + 3923448
9   chromedriver                        0x00000001031ce3cc chromedriver + 3941324
10  chromedriver                        0x00000001031b2028 chromedriver + 3825704
11  chromedriver                        0x00000001031cef2c chromedriver + 3944236
12  chromedriver                        0x00000001031a46e4 chromedriver + 3770084
13  chromedriver                        0x00000001031eb970 chromedriver + 4061552
14  chromedriver                        0x00000001031ebae8 chromedriver + 4061928
15  chromedriver                        0x00000001031fc2d4 chromedriver + 4129492
16  libsystem_pthread.dylib             0x00000001840c2034 _pthread_start + 136
17  libsystem_pthread.dylib             0x00000001840bce3c thread_start + 8
</msg>
<msg timestamp="20240116 14:40:07.205" level="WARN">Keyword 'Capture Page Screenshot' could not be run on failure: Message: no such window: target window already closed
from unknown error: web view not found
  (Session info: chrome=120.0.6099.216)
Stacktrace:
0   chromedriver                        0x0000000100b044cc chromedriver + 4162764
1   chromedriver                        0x0000000100afc654 chromedriver + 4130388
2   chromedriver                        0x0000000100753bc0 chromedriver + 293824
3   chromedriver                        0x000000010072c6c0 chromedriver + 132800
4   chromedriver                        0x00000001007c525c chromedriver + 758364
5   chromedriver                        0x00000001007d9294 chromedriver + 840340
6   chromedriver                        0x000000010078d6bc chromedriver + 530108
7   chromedriver                        0x000000010078e930 chromedriver + 534832
8   chromedriver                        0x0000000100ac9df8 chromedriver + 3923448
9   chromedriver                        0x0000000100ace3cc chromedriver + 3941324
10  chromedriver                        0x0000000100ab2028 chromedriver + 3825704
11  chromedriver                        0x0000000100acef2c chromedriver + 3944236
12  chromedriver                        0x0000000100aa46e4 chromedriver + 3770084
13  chromedriver                        0x0000000100aeb970 chromedriver + 4061552
14  chromedriver                        0x0000000100aebae8 chromedriver + 4061928
15  chromedriver                        0x0000000100afc2d4 chromedriver + 4129492
16  libsystem_pthread.dylib             0x00000001840c2034 _pthread_start + 136
17  libsystem_pthread.dylib             0x00000001840bce3c thread_start + 8
</msg>
<msg timestamp="20240116 14:40:08.925" level="WARN">Keyword 'Capture Page Screenshot' could not be run on failure: Message: no such window: target window already closed
from unknown error: web view not found
  (Session info: chrome=120.0.6099.216)
Stacktrace:
0   chromedriver                        0x0000000102b3c4cc chromedriver + 4162764
1   chromedriver                        0x0000000102b34654 chromedriver + 4130388
2   chromedriver                        0x000000010278bbc0 chromedriver + 293824
3   chromedriver                        0x00000001027646c0 chromedriver + 132800
4   chromedriver                        0x00000001027fd25c chromedriver + 758364
5   chromedriver                        0x0000000102811294 chromedriver + 840340
6   chromedriver                        0x00000001027c56bc chromedriver + 530108
7   chromedriver                        0x00000001027c6930 chromedriver + 534832
8   chromedriver                        0x0000000102b01df8 chromedriver + 3923448
9   chromedriver                        0x0000000102b063cc chromedriver + 3941324
10  chromedriver                        0x0000000102aea028 chromedriver + 3825704
11  chromedriver                        0x0000000102b06f2c chromedriver + 3944236
12  chromedriver                        0x0000000102adc6e4 chromedriver + 3770084
13  chromedriver                        0x0000000102b23970 chromedriver + 4061552
14  chromedriver                        0x0000000102b23ae8 chromedriver + 4061928
15  chromedriver                        0x0000000102b342d4 chromedriver + 4129492
16  libsystem_pthread.dylib             0x00000001840c2034 _pthread_start + 136
17  libsystem_pthread.dylib             0x00000001840bce3c thread_start + 8
</msg>
<msg timestamp="20240116 14:40:11.354" level="WARN">Keyword 'Capture Page Screenshot' could not be run on failure: Message: no such window: target window already closed
from unknown error: web view not found
  (Session info: chrome=120.0.6099.216)
Stacktrace:
0   chromedriver                        0x00000001028bc4cc chromedriver + 4162764
1   chromedriver                        0x00000001028b4654 chromedriver + 4130388
2   chromedriver                        0x000000010250bbc0 chromedriver + 293824
3   chromedriver                        0x00000001024e46c0 chromedriver + 132800
4   chromedriver                        0x000000010257d25c chromedriver + 758364
5   chromedriver                        0x0000000102591294 chromedriver + 840340
6   chromedriver                        0x00000001025456bc chromedriver + 530108
7   chromedriver                        0x0000000102546930 chromedriver + 534832
8   chromedriver                        0x0000000102881df8 chromedriver + 3923448
9   chromedriver                        0x00000001028863cc chromedriver + 3941324
10  chromedriver                        0x000000010286a028 chromedriver + 3825704
11  chromedriver                        0x0000000102886f2c chromedriver + 3944236
12  chromedriver                        0x000000010285c6e4 chromedriver + 3770084
13  chromedriver                        0x00000001028a3970 chromedriver + 4061552
14  chromedriver                        0x00000001028a3ae8 chromedriver + 4061928
15  chromedriver                        0x00000001028b42d4 chromedriver + 4129492
16  libsystem_pthread.dylib             0x00000001840c2034 _pthread_start + 136
17  libsystem_pthread.dylib             0x00000001840bce3c thread_start + 8
</msg>
<msg timestamp="20240116 14:40:29.467" level="WARN">Keyword 'Capture Page Screenshot' could not be run on failure: Message: no such window: target window already closed
from unknown error: web view not found
  (Session info: chrome=120.0.6099.216)
Stacktrace:
0   chromedriver                        0x0000000100dcc4cc chromedriver + 4162764
1   chromedriver                        0x0000000100dc4654 chromedriver + 4130388
2   chromedriver                        0x0000000100a1bbc0 chromedriver + 293824
3   chromedriver                        0x00000001009f46c0 chromedriver + 132800
4   chromedriver                        0x0000000100a8d25c chromedriver + 758364
5   chromedriver                        0x0000000100aa1294 chromedriver + 840340
6   chromedriver                        0x0000000100a556bc chromedriver + 530108
7   chromedriver                        0x0000000100a56930 chromedriver + 534832
8   chromedriver                        0x0000000100d91df8 chromedriver + 3923448
9   chromedriver                        0x0000000100d963cc chromedriver + 3941324
10  chromedriver                        0x0000000100d7a028 chromedriver + 3825704
11  chromedriver                        0x0000000100d96f2c chromedriver + 3944236
12  chromedriver                        0x0000000100d6c6e4 chromedriver + 3770084
13  chromedriver                        0x0000000100db3970 chromedriver + 4061552
14  chromedriver                        0x0000000100db3ae8 chromedriver + 4061928
15  chromedriver                        0x0000000100dc42d4 chromedriver + 4129492
16  libsystem_pthread.dylib             0x00000001840c2034 _pthread_start + 136
17  libsystem_pthread.dylib             0x00000001840bce3c thread_start + 8
</msg>
</errors>
</robot>
